{
  "stats": {
    "suites": 31,
    "tests": 83,
    "passes": 37,
    "pending": 0,
    "failures": 46,
    "start": "2025-06-26T06:48:01.115Z",
    "end": "2025-06-26T06:49:24.865Z",
    "duration": 83750,
    "testsRegistered": 83,
    "passPercent": 44.57831325301205,
    "pendingPercent": 0,
    "other": 0,
    "hasOther": false,
    "skipped": 0,
    "hasSkipped": false
  },
  "results": [
    {
      "uuid": "fd1ace56-df4b-4536-b3fe-2f616e6b88c0",
      "title": "",
      "fullFile": "cypress/e2e/homolog/development.cy.js",
      "file": "cypress/e2e/homolog/development.cy.js",
      "beforeHooks": [],
      "afterHooks": [],
      "tests": [],
      "suites": [
        {
          "uuid": "4b5859c5-7667-48e3-8db3-aefd3a4fe5e3",
          "title": "Tests method GET and path /intent/{intentId}/intentReport and query ",
          "fullFile": "",
          "file": "",
          "beforeHooks": [],
          "afterHooks": [],
          "tests": [
            {
              "title": "Tests status",
              "fullTitle": "Tests method GET and path /intent/{intentId}/intentReport and query  Tests status",
              "timedOut": null,
              "duration": 62,
              "state": "passed",
              "speed": "fast",
              "pass": true,
              "fail": false,
              "pending": false,
              "context": null,
              "code": "cy.validateStatus(response.status, statusCodes);",
              "err": {},
              "uuid": "dfd78642-12fb-4e27-b156-81719674a873",
              "parentUUID": "4b5859c5-7667-48e3-8db3-aefd3a4fe5e3",
              "isHook": false,
              "skipped": false
            },
            {
              "title": "Test schema",
              "fullTitle": "Tests method GET and path /intent/{intentId}/intentReport and query  Test schema",
              "timedOut": null,
              "duration": 14,
              "state": "passed",
              "speed": "fast",
              "pass": true,
              "fail": false,
              "pending": false,
              "context": null,
              "code": "if (Array.isArray(response.body)) {\n  response.body.forEach(instance => {\n    cy.validateSchema(instance, yamlOas, schemaRef);\n  });\n} else {\n  cy.validateSchema(response.body, yamlOas, schemaRef);\n}",
              "err": {},
              "uuid": "8f123cc6-c373-4f61-8295-6c0775755cd0",
              "parentUUID": "4b5859c5-7667-48e3-8db3-aefd3a4fe5e3",
              "isHook": false,
              "skipped": false
            },
            {
              "title": "Tests Individualizates",
              "fullTitle": "Tests method GET and path /intent/{intentId}/intentReport and query  Tests Individualizates",
              "timedOut": null,
              "duration": 14,
              "state": "passed",
              "speed": "fast",
              "pass": true,
              "fail": false,
              "pending": false,
              "context": null,
              "code": "if (Array.isArray(response.body)) {\n  response.body.forEach(instance => {\n    if (instance.id == Cypress.env('id')) {\n      cy.log('Array if', mandatoryKeys);\n      cy.log('Path: ' + path, 'Query: ' + query);\n      validateMandatoryAttr(instance, mandatoryKeys);\n    }\n    // else {\n    // \tcy.log('Array else', mandatoryKeys);\n    // \tcy.log(path, query);\n    // \tvalidateMandatoryAttr(instance, mandatoryKeys);\n    // }\n  });\n} else {\n  cy.log('No Array');\n  cy.log('Path: ' + path, 'Query: ' + query);\n  validateMandatoryAttr(response.body, mandatoryKeys);\n}",
              "err": {},
              "uuid": "55511754-1339-40bc-a060-236d0d134c72",
              "parentUUID": "4b5859c5-7667-48e3-8db3-aefd3a4fe5e3",
              "isHook": false,
              "skipped": false
            }
          ],
          "suites": [],
          "passes": [
            "dfd78642-12fb-4e27-b156-81719674a873",
            "8f123cc6-c373-4f61-8295-6c0775755cd0",
            "55511754-1339-40bc-a060-236d0d134c72"
          ],
          "failures": [],
          "pending": [],
          "skipped": [],
          "duration": 90,
          "root": false,
          "rootEmpty": false,
          "_timeout": 2000
        },
        {
          "uuid": "2e96be48-a5c3-4f01-8814-64a042c45b81",
          "title": "Tests method GET and path /intent/{intentId}/intentReport/{id} and query ",
          "fullFile": "",
          "file": "",
          "beforeHooks": [],
          "afterHooks": [],
          "tests": [
            {
              "title": "Tests status",
              "fullTitle": "Tests method GET and path /intent/{intentId}/intentReport/{id} and query  Tests status",
              "timedOut": null,
              "duration": 38,
              "state": "failed",
              "speed": null,
              "pass": false,
              "fail": true,
              "pending": false,
              "context": null,
              "code": "cy.validateStatus(response.status, statusCodes);",
              "err": {
                "message": "AssertionError: expected 404 to be one of [ 200 ]",
                "estack": "AssertionError: expected 404 to be one of [ 200 ]\n    at Context.eval (webpack://oas_ctk_gen/./cypress/support/commands/validate.js:44:30)",
                "diff": "- 404\n+ [ 200 ]\n"
              },
              "uuid": "43948bcb-6b70-428b-a923-3220cbbcc309",
              "parentUUID": "2e96be48-a5c3-4f01-8814-64a042c45b81",
              "isHook": false,
              "skipped": false
            },
            {
              "title": "Test schema",
              "fullTitle": "Tests method GET and path /intent/{intentId}/intentReport/{id} and query  Test schema",
              "timedOut": null,
              "duration": 4029,
              "state": "failed",
              "speed": null,
              "pass": false,
              "fail": true,
              "pending": false,
              "context": null,
              "code": "if (Array.isArray(response.body)) {\n  response.body.forEach(instance => {\n    cy.validateSchema(instance, yamlOas, schemaRef);\n  });\n} else {\n  cy.validateSchema(response.body, yamlOas, schemaRef);\n}",
              "err": {
                "message": "AssertionError: Timed out retrying after 4000ms: `cy.readFile(\"./TMF629-Customer_Management-v5.0.0.oas.yaml\")` failed because the file does not exist at the following path:\n\n`/Users/janinduweerakkody/Downloads/IntentManagementAPI/TMF921/DO_NOT_CHANGE/TMF629-Customer_Management-v5.0.0.oas.yaml`\n\nhttps://on.cypress.io/readfile",
                "estack": "AssertionError: Timed out retrying after 4000ms: `cy.readFile(\"./TMF629-Customer_Management-v5.0.0.oas.yaml\")` failed because the file does not exist at the following path:\n\n`/Users/janinduweerakkody/Downloads/IntentManagementAPI/TMF921/DO_NOT_CHANGE/TMF629-Customer_Management-v5.0.0.oas.yaml`\n\nhttps://on.cypress.io/readfile\n    at Context.eval (webpack://oas_ctk_gen/./cypress/support/commands/utils.js:4:4)",
                "diff": null
              },
              "uuid": "00f7169c-2211-49ef-a763-9beab3f87e0d",
              "parentUUID": "2e96be48-a5c3-4f01-8814-64a042c45b81",
              "isHook": false,
              "skipped": false
            },
            {
              "title": "Tests Individualizates",
              "fullTitle": "Tests method GET and path /intent/{intentId}/intentReport/{id} and query  Tests Individualizates",
              "timedOut": null,
              "duration": 50,
              "state": "failed",
              "speed": null,
              "pass": false,
              "fail": true,
              "pending": false,
              "context": null,
              "code": "if (Array.isArray(response.body)) {\n  response.body.forEach(instance => {\n    if (instance.id == Cypress.env('id')) {\n      cy.log('Array if', mandatoryKeys);\n      cy.log('Path: ' + path, 'Query: ' + query);\n      validateMandatoryAttr(instance, mandatoryKeys);\n    }\n    // else {\n    // \tcy.log('Array else', mandatoryKeys);\n    // \tcy.log(path, query);\n    // \tvalidateMandatoryAttr(instance, mandatoryKeys);\n    // }\n  });\n} else {\n  cy.log('No Array');\n  cy.log('Path: ' + path, 'Query: ' + query);\n  validateMandatoryAttr(response.body, mandatoryKeys);\n}",
              "err": {
                "message": "AssertionError: expected undefined to equal null",
                "estack": "AssertionError: expected undefined to equal null\n    at eval (webpack://oas_ctk_gen/./cypress/support/utils/individualizatedTests.js:10:38)\nat Array.forEach (<anonymous>)\n    at validateMandatoryAttr (webpack://oas_ctk_gen/./cypress/support/utils/individualizatedTests.js:4:15)\n    at Context.eval (webpack://oas_ctk_gen/./cypress/e2e/homolog/development.cy.js:100:5)",
                "diff": null
              },
              "uuid": "487fd52f-c783-4b2a-b7ad-5a7f261df899",
              "parentUUID": "2e96be48-a5c3-4f01-8814-64a042c45b81",
              "isHook": false,
              "skipped": false
            }
          ],
          "suites": [],
          "passes": [],
          "failures": [
            "43948bcb-6b70-428b-a923-3220cbbcc309",
            "00f7169c-2211-49ef-a763-9beab3f87e0d",
            "487fd52f-c783-4b2a-b7ad-5a7f261df899"
          ],
          "pending": [],
          "skipped": [],
          "duration": 4117,
          "root": false,
          "rootEmpty": false,
          "_timeout": 2000
        },
        {
          "uuid": "90d9a201-eb71-4361-91ca-4546a9ceca3a",
          "title": "Tests method GET and path /intent/{intentId}/intentReport/{id} and query ?fields=creationDate",
          "fullFile": "",
          "file": "",
          "beforeHooks": [],
          "afterHooks": [],
          "tests": [
            {
              "title": "Tests status",
              "fullTitle": "Tests method GET and path /intent/{intentId}/intentReport/{id} and query ?fields=creationDate Tests status",
              "timedOut": null,
              "duration": 32,
              "state": "failed",
              "speed": null,
              "pass": false,
              "fail": true,
              "pending": false,
              "context": null,
              "code": "cy.validateStatus(response.status, statusCodes);",
              "err": {
                "message": "AssertionError: expected 404 to be one of [ 200 ]",
                "estack": "AssertionError: expected 404 to be one of [ 200 ]\n    at Context.eval (webpack://oas_ctk_gen/./cypress/support/commands/validate.js:44:30)",
                "diff": "- 404\n+ [ 200 ]\n"
              },
              "uuid": "d96ba1d7-98fc-4b89-ad8c-b54d2cf5f10b",
              "parentUUID": "90d9a201-eb71-4361-91ca-4546a9ceca3a",
              "isHook": false,
              "skipped": false
            },
            {
              "title": "Test schema",
              "fullTitle": "Tests method GET and path /intent/{intentId}/intentReport/{id} and query ?fields=creationDate Test schema",
              "timedOut": null,
              "duration": 4023,
              "state": "failed",
              "speed": null,
              "pass": false,
              "fail": true,
              "pending": false,
              "context": null,
              "code": "if (Array.isArray(response.body)) {\n  response.body.forEach(instance => {\n    cy.validateSchema(instance, yamlOas, schemaRef);\n  });\n} else {\n  cy.validateSchema(response.body, yamlOas, schemaRef);\n}",
              "err": {
                "message": "AssertionError: Timed out retrying after 4000ms: `cy.readFile(\"./TMF629-Customer_Management-v5.0.0.oas.yaml\")` failed because the file does not exist at the following path:\n\n`/Users/janinduweerakkody/Downloads/IntentManagementAPI/TMF921/DO_NOT_CHANGE/TMF629-Customer_Management-v5.0.0.oas.yaml`\n\nhttps://on.cypress.io/readfile",
                "estack": "AssertionError: Timed out retrying after 4000ms: `cy.readFile(\"./TMF629-Customer_Management-v5.0.0.oas.yaml\")` failed because the file does not exist at the following path:\n\n`/Users/janinduweerakkody/Downloads/IntentManagementAPI/TMF921/DO_NOT_CHANGE/TMF629-Customer_Management-v5.0.0.oas.yaml`\n\nhttps://on.cypress.io/readfile\n    at Context.eval (webpack://oas_ctk_gen/./cypress/support/commands/utils.js:4:4)",
                "diff": null
              },
              "uuid": "dd2cfa0a-1f3a-4528-8440-5a4b738ac51e",
              "parentUUID": "90d9a201-eb71-4361-91ca-4546a9ceca3a",
              "isHook": false,
              "skipped": false
            },
            {
              "title": "Tests Individualizates",
              "fullTitle": "Tests method GET and path /intent/{intentId}/intentReport/{id} and query ?fields=creationDate Tests Individualizates",
              "timedOut": null,
              "duration": 53,
              "state": "failed",
              "speed": null,
              "pass": false,
              "fail": true,
              "pending": false,
              "context": null,
              "code": "if (Array.isArray(response.body)) {\n  response.body.forEach(instance => {\n    if (instance.id == Cypress.env('id')) {\n      cy.log('Array if', mandatoryKeys);\n      cy.log('Path: ' + path, 'Query: ' + query);\n      validateMandatoryAttr(instance, mandatoryKeys);\n    }\n    // else {\n    // \tcy.log('Array else', mandatoryKeys);\n    // \tcy.log(path, query);\n    // \tvalidateMandatoryAttr(instance, mandatoryKeys);\n    // }\n  });\n} else {\n  cy.log('No Array');\n  cy.log('Path: ' + path, 'Query: ' + query);\n  validateMandatoryAttr(response.body, mandatoryKeys);\n}",
              "err": {
                "message": "AssertionError: expected undefined to equal null",
                "estack": "AssertionError: expected undefined to equal null\n    at eval (webpack://oas_ctk_gen/./cypress/support/utils/individualizatedTests.js:10:38)\nat Array.forEach (<anonymous>)\n    at validateMandatoryAttr (webpack://oas_ctk_gen/./cypress/support/utils/individualizatedTests.js:4:15)\n    at Context.eval (webpack://oas_ctk_gen/./cypress/e2e/homolog/development.cy.js:100:5)",
                "diff": null
              },
              "uuid": "19e2c1cf-83ed-456d-9538-084064f9d703",
              "parentUUID": "90d9a201-eb71-4361-91ca-4546a9ceca3a",
              "isHook": false,
              "skipped": false
            }
          ],
          "suites": [],
          "passes": [],
          "failures": [
            "d96ba1d7-98fc-4b89-ad8c-b54d2cf5f10b",
            "dd2cfa0a-1f3a-4528-8440-5a4b738ac51e",
            "19e2c1cf-83ed-456d-9538-084064f9d703"
          ],
          "pending": [],
          "skipped": [],
          "duration": 4108,
          "root": false,
          "rootEmpty": false,
          "_timeout": 2000
        },
        {
          "uuid": "1fdb9202-2254-43e4-9c89-20085582a0a7",
          "title": "Tests method GET and path /intent/{intentId}/intentReport and query ?fields=creationDate",
          "fullFile": "",
          "file": "",
          "beforeHooks": [],
          "afterHooks": [],
          "tests": [
            {
              "title": "Tests status",
              "fullTitle": "Tests method GET and path /intent/{intentId}/intentReport and query ?fields=creationDate Tests status",
              "timedOut": null,
              "duration": 30,
              "state": "passed",
              "speed": "fast",
              "pass": true,
              "fail": false,
              "pending": false,
              "context": null,
              "code": "cy.validateStatus(response.status, statusCodes);",
              "err": {},
              "uuid": "28b393f9-7a5f-4f1a-82a9-cc180f4694e9",
              "parentUUID": "1fdb9202-2254-43e4-9c89-20085582a0a7",
              "isHook": false,
              "skipped": false
            },
            {
              "title": "Test schema",
              "fullTitle": "Tests method GET and path /intent/{intentId}/intentReport and query ?fields=creationDate Test schema",
              "timedOut": null,
              "duration": 15,
              "state": "passed",
              "speed": "fast",
              "pass": true,
              "fail": false,
              "pending": false,
              "context": null,
              "code": "if (Array.isArray(response.body)) {\n  response.body.forEach(instance => {\n    cy.validateSchema(instance, yamlOas, schemaRef);\n  });\n} else {\n  cy.validateSchema(response.body, yamlOas, schemaRef);\n}",
              "err": {},
              "uuid": "55065851-60a1-4877-848c-622962a085af",
              "parentUUID": "1fdb9202-2254-43e4-9c89-20085582a0a7",
              "isHook": false,
              "skipped": false
            },
            {
              "title": "Tests Individualizates",
              "fullTitle": "Tests method GET and path /intent/{intentId}/intentReport and query ?fields=creationDate Tests Individualizates",
              "timedOut": null,
              "duration": 19,
              "state": "passed",
              "speed": "fast",
              "pass": true,
              "fail": false,
              "pending": false,
              "context": null,
              "code": "if (Array.isArray(response.body)) {\n  response.body.forEach(instance => {\n    if (instance.id == Cypress.env('id')) {\n      cy.log('Array if', mandatoryKeys);\n      cy.log('Path: ' + path, 'Query: ' + query);\n      validateMandatoryAttr(instance, mandatoryKeys);\n    }\n    // else {\n    // \tcy.log('Array else', mandatoryKeys);\n    // \tcy.log(path, query);\n    // \tvalidateMandatoryAttr(instance, mandatoryKeys);\n    // }\n  });\n} else {\n  cy.log('No Array');\n  cy.log('Path: ' + path, 'Query: ' + query);\n  validateMandatoryAttr(response.body, mandatoryKeys);\n}",
              "err": {},
              "uuid": "6ba9418a-c2b5-4f49-90f8-8d49e1ffb45d",
              "parentUUID": "1fdb9202-2254-43e4-9c89-20085582a0a7",
              "isHook": false,
              "skipped": false
            }
          ],
          "suites": [],
          "passes": [
            "28b393f9-7a5f-4f1a-82a9-cc180f4694e9",
            "55065851-60a1-4877-848c-622962a085af",
            "6ba9418a-c2b5-4f49-90f8-8d49e1ffb45d"
          ],
          "failures": [],
          "pending": [],
          "skipped": [],
          "duration": 64,
          "root": false,
          "rootEmpty": false,
          "_timeout": 2000
        },
        {
          "uuid": "03d55435-474c-496d-92e1-7e39f05855e4",
          "title": "Tests method GET and path /intent/{intentId}/intentReport and query ?creationDate={creationDate}",
          "fullFile": "",
          "file": "",
          "beforeHooks": [],
          "afterHooks": [],
          "tests": [
            {
              "title": "Tests status",
              "fullTitle": "Tests method GET and path /intent/{intentId}/intentReport and query ?creationDate={creationDate} Tests status",
              "timedOut": null,
              "duration": 33,
              "state": "passed",
              "speed": "fast",
              "pass": true,
              "fail": false,
              "pending": false,
              "context": null,
              "code": "cy.validateStatus(response.status, statusCodes);",
              "err": {},
              "uuid": "ac453a4f-2b6b-4765-ad6e-5545de943fb9",
              "parentUUID": "03d55435-474c-496d-92e1-7e39f05855e4",
              "isHook": false,
              "skipped": false
            },
            {
              "title": "Test schema",
              "fullTitle": "Tests method GET and path /intent/{intentId}/intentReport and query ?creationDate={creationDate} Test schema",
              "timedOut": null,
              "duration": 26,
              "state": "passed",
              "speed": "fast",
              "pass": true,
              "fail": false,
              "pending": false,
              "context": null,
              "code": "if (Array.isArray(response.body)) {\n  response.body.forEach(instance => {\n    cy.validateSchema(instance, yamlOas, schemaRef);\n  });\n} else {\n  cy.validateSchema(response.body, yamlOas, schemaRef);\n}",
              "err": {},
              "uuid": "06189169-5baf-429f-a23b-2ef8a59116d4",
              "parentUUID": "03d55435-474c-496d-92e1-7e39f05855e4",
              "isHook": false,
              "skipped": false
            },
            {
              "title": "Tests Individualizates",
              "fullTitle": "Tests method GET and path /intent/{intentId}/intentReport and query ?creationDate={creationDate} Tests Individualizates",
              "timedOut": null,
              "duration": 17,
              "state": "passed",
              "speed": "fast",
              "pass": true,
              "fail": false,
              "pending": false,
              "context": null,
              "code": "if (Array.isArray(response.body)) {\n  response.body.forEach(instance => {\n    if (instance.id == Cypress.env('id')) {\n      cy.log('Array if', mandatoryKeys);\n      cy.log('Path: ' + path, 'Query: ' + query);\n      validateMandatoryAttr(instance, mandatoryKeys);\n    }\n    // else {\n    // \tcy.log('Array else', mandatoryKeys);\n    // \tcy.log(path, query);\n    // \tvalidateMandatoryAttr(instance, mandatoryKeys);\n    // }\n  });\n} else {\n  cy.log('No Array');\n  cy.log('Path: ' + path, 'Query: ' + query);\n  validateMandatoryAttr(response.body, mandatoryKeys);\n}",
              "err": {},
              "uuid": "e916647a-ce85-473c-af14-1c09f36cff68",
              "parentUUID": "03d55435-474c-496d-92e1-7e39f05855e4",
              "isHook": false,
              "skipped": false
            }
          ],
          "suites": [],
          "passes": [
            "ac453a4f-2b6b-4765-ad6e-5545de943fb9",
            "06189169-5baf-429f-a23b-2ef8a59116d4",
            "e916647a-ce85-473c-af14-1c09f36cff68"
          ],
          "failures": [],
          "pending": [],
          "skipped": [],
          "duration": 76,
          "root": false,
          "rootEmpty": false,
          "_timeout": 2000
        },
        {
          "uuid": "9ec3565f-9f23-4605-aa8b-7de37fb592bd",
          "title": "Tests method GET and path /intent/{intentId}/intentReport/{id} and query ?fields=expression",
          "fullFile": "",
          "file": "",
          "beforeHooks": [],
          "afterHooks": [],
          "tests": [
            {
              "title": "Tests status",
              "fullTitle": "Tests method GET and path /intent/{intentId}/intentReport/{id} and query ?fields=expression Tests status",
              "timedOut": null,
              "duration": 33,
              "state": "failed",
              "speed": null,
              "pass": false,
              "fail": true,
              "pending": false,
              "context": null,
              "code": "cy.validateStatus(response.status, statusCodes);",
              "err": {
                "message": "AssertionError: expected 404 to be one of [ 200 ]",
                "estack": "AssertionError: expected 404 to be one of [ 200 ]\n    at Context.eval (webpack://oas_ctk_gen/./cypress/support/commands/validate.js:44:30)",
                "diff": "- 404\n+ [ 200 ]\n"
              },
              "uuid": "f9994039-9f88-451a-8f5e-e49054387ef0",
              "parentUUID": "9ec3565f-9f23-4605-aa8b-7de37fb592bd",
              "isHook": false,
              "skipped": false
            },
            {
              "title": "Test schema",
              "fullTitle": "Tests method GET and path /intent/{intentId}/intentReport/{id} and query ?fields=expression Test schema",
              "timedOut": null,
              "duration": 4024,
              "state": "failed",
              "speed": null,
              "pass": false,
              "fail": true,
              "pending": false,
              "context": null,
              "code": "if (Array.isArray(response.body)) {\n  response.body.forEach(instance => {\n    cy.validateSchema(instance, yamlOas, schemaRef);\n  });\n} else {\n  cy.validateSchema(response.body, yamlOas, schemaRef);\n}",
              "err": {
                "message": "AssertionError: Timed out retrying after 4000ms: `cy.readFile(\"./TMF629-Customer_Management-v5.0.0.oas.yaml\")` failed because the file does not exist at the following path:\n\n`/Users/janinduweerakkody/Downloads/IntentManagementAPI/TMF921/DO_NOT_CHANGE/TMF629-Customer_Management-v5.0.0.oas.yaml`\n\nhttps://on.cypress.io/readfile",
                "estack": "AssertionError: Timed out retrying after 4000ms: `cy.readFile(\"./TMF629-Customer_Management-v5.0.0.oas.yaml\")` failed because the file does not exist at the following path:\n\n`/Users/janinduweerakkody/Downloads/IntentManagementAPI/TMF921/DO_NOT_CHANGE/TMF629-Customer_Management-v5.0.0.oas.yaml`\n\nhttps://on.cypress.io/readfile\n    at Context.eval (webpack://oas_ctk_gen/./cypress/support/commands/utils.js:4:4)",
                "diff": null
              },
              "uuid": "c1e59af8-2a38-4d68-92b3-469d20c50781",
              "parentUUID": "9ec3565f-9f23-4605-aa8b-7de37fb592bd",
              "isHook": false,
              "skipped": false
            },
            {
              "title": "Tests Individualizates",
              "fullTitle": "Tests method GET and path /intent/{intentId}/intentReport/{id} and query ?fields=expression Tests Individualizates",
              "timedOut": null,
              "duration": 42,
              "state": "failed",
              "speed": null,
              "pass": false,
              "fail": true,
              "pending": false,
              "context": null,
              "code": "if (Array.isArray(response.body)) {\n  response.body.forEach(instance => {\n    if (instance.id == Cypress.env('id')) {\n      cy.log('Array if', mandatoryKeys);\n      cy.log('Path: ' + path, 'Query: ' + query);\n      validateMandatoryAttr(instance, mandatoryKeys);\n    }\n    // else {\n    // \tcy.log('Array else', mandatoryKeys);\n    // \tcy.log(path, query);\n    // \tvalidateMandatoryAttr(instance, mandatoryKeys);\n    // }\n  });\n} else {\n  cy.log('No Array');\n  cy.log('Path: ' + path, 'Query: ' + query);\n  validateMandatoryAttr(response.body, mandatoryKeys);\n}",
              "err": {
                "message": "AssertionError: expected undefined to equal null",
                "estack": "AssertionError: expected undefined to equal null\n    at eval (webpack://oas_ctk_gen/./cypress/support/utils/individualizatedTests.js:10:38)\nat Array.forEach (<anonymous>)\n    at validateMandatoryAttr (webpack://oas_ctk_gen/./cypress/support/utils/individualizatedTests.js:4:15)\n    at Context.eval (webpack://oas_ctk_gen/./cypress/e2e/homolog/development.cy.js:100:5)",
                "diff": null
              },
              "uuid": "a7410106-3761-47f0-b253-46424d8e0215",
              "parentUUID": "9ec3565f-9f23-4605-aa8b-7de37fb592bd",
              "isHook": false,
              "skipped": false
            }
          ],
          "suites": [],
          "passes": [],
          "failures": [
            "f9994039-9f88-451a-8f5e-e49054387ef0",
            "c1e59af8-2a38-4d68-92b3-469d20c50781",
            "a7410106-3761-47f0-b253-46424d8e0215"
          ],
          "pending": [],
          "skipped": [],
          "duration": 4099,
          "root": false,
          "rootEmpty": false,
          "_timeout": 2000
        },
        {
          "uuid": "a63170aa-6403-4986-a4d5-b1cbf988e508",
          "title": "Tests method GET and path /intent/{intentId}/intentReport and query ?fields=expression",
          "fullFile": "",
          "file": "",
          "beforeHooks": [],
          "afterHooks": [],
          "tests": [
            {
              "title": "Tests status",
              "fullTitle": "Tests method GET and path /intent/{intentId}/intentReport and query ?fields=expression Tests status",
              "timedOut": null,
              "duration": 44,
              "state": "passed",
              "speed": "fast",
              "pass": true,
              "fail": false,
              "pending": false,
              "context": null,
              "code": "cy.validateStatus(response.status, statusCodes);",
              "err": {},
              "uuid": "0254987b-c45a-455a-9863-c6f54593e15d",
              "parentUUID": "a63170aa-6403-4986-a4d5-b1cbf988e508",
              "isHook": false,
              "skipped": false
            },
            {
              "title": "Test schema",
              "fullTitle": "Tests method GET and path /intent/{intentId}/intentReport and query ?fields=expression Test schema",
              "timedOut": null,
              "duration": 29,
              "state": "passed",
              "speed": "fast",
              "pass": true,
              "fail": false,
              "pending": false,
              "context": null,
              "code": "if (Array.isArray(response.body)) {\n  response.body.forEach(instance => {\n    cy.validateSchema(instance, yamlOas, schemaRef);\n  });\n} else {\n  cy.validateSchema(response.body, yamlOas, schemaRef);\n}",
              "err": {},
              "uuid": "cf2fd1c8-4ebc-4e26-9a10-2fade273829f",
              "parentUUID": "a63170aa-6403-4986-a4d5-b1cbf988e508",
              "isHook": false,
              "skipped": false
            },
            {
              "title": "Tests Individualizates",
              "fullTitle": "Tests method GET and path /intent/{intentId}/intentReport and query ?fields=expression Tests Individualizates",
              "timedOut": null,
              "duration": 24,
              "state": "passed",
              "speed": "fast",
              "pass": true,
              "fail": false,
              "pending": false,
              "context": null,
              "code": "if (Array.isArray(response.body)) {\n  response.body.forEach(instance => {\n    if (instance.id == Cypress.env('id')) {\n      cy.log('Array if', mandatoryKeys);\n      cy.log('Path: ' + path, 'Query: ' + query);\n      validateMandatoryAttr(instance, mandatoryKeys);\n    }\n    // else {\n    // \tcy.log('Array else', mandatoryKeys);\n    // \tcy.log(path, query);\n    // \tvalidateMandatoryAttr(instance, mandatoryKeys);\n    // }\n  });\n} else {\n  cy.log('No Array');\n  cy.log('Path: ' + path, 'Query: ' + query);\n  validateMandatoryAttr(response.body, mandatoryKeys);\n}",
              "err": {},
              "uuid": "887ee919-eb1c-4b2f-804a-af6ea49fc7a4",
              "parentUUID": "a63170aa-6403-4986-a4d5-b1cbf988e508",
              "isHook": false,
              "skipped": false
            }
          ],
          "suites": [],
          "passes": [
            "0254987b-c45a-455a-9863-c6f54593e15d",
            "cf2fd1c8-4ebc-4e26-9a10-2fade273829f",
            "887ee919-eb1c-4b2f-804a-af6ea49fc7a4"
          ],
          "failures": [],
          "pending": [],
          "skipped": [],
          "duration": 97,
          "root": false,
          "rootEmpty": false,
          "_timeout": 2000
        },
        {
          "uuid": "4e29e52b-ab8a-4ce9-aae9-9f7a75a0b1f4",
          "title": "Tests method GET and path /intent/{intentId}/intentReport/{id} and query ?fields=name",
          "fullFile": "",
          "file": "",
          "beforeHooks": [],
          "afterHooks": [],
          "tests": [
            {
              "title": "Tests status",
              "fullTitle": "Tests method GET and path /intent/{intentId}/intentReport/{id} and query ?fields=name Tests status",
              "timedOut": null,
              "duration": 37,
              "state": "failed",
              "speed": null,
              "pass": false,
              "fail": true,
              "pending": false,
              "context": null,
              "code": "cy.validateStatus(response.status, statusCodes);",
              "err": {
                "message": "AssertionError: expected 404 to be one of [ 200 ]",
                "estack": "AssertionError: expected 404 to be one of [ 200 ]\n    at Context.eval (webpack://oas_ctk_gen/./cypress/support/commands/validate.js:44:30)",
                "diff": "- 404\n+ [ 200 ]\n"
              },
              "uuid": "367e7189-50fc-4f25-af5a-1041fa2b7d1a",
              "parentUUID": "4e29e52b-ab8a-4ce9-aae9-9f7a75a0b1f4",
              "isHook": false,
              "skipped": false
            },
            {
              "title": "Test schema",
              "fullTitle": "Tests method GET and path /intent/{intentId}/intentReport/{id} and query ?fields=name Test schema",
              "timedOut": null,
              "duration": 4015,
              "state": "failed",
              "speed": null,
              "pass": false,
              "fail": true,
              "pending": false,
              "context": null,
              "code": "if (Array.isArray(response.body)) {\n  response.body.forEach(instance => {\n    cy.validateSchema(instance, yamlOas, schemaRef);\n  });\n} else {\n  cy.validateSchema(response.body, yamlOas, schemaRef);\n}",
              "err": {
                "message": "AssertionError: Timed out retrying after 4000ms: `cy.readFile(\"./TMF629-Customer_Management-v5.0.0.oas.yaml\")` failed because the file does not exist at the following path:\n\n`/Users/janinduweerakkody/Downloads/IntentManagementAPI/TMF921/DO_NOT_CHANGE/TMF629-Customer_Management-v5.0.0.oas.yaml`\n\nhttps://on.cypress.io/readfile",
                "estack": "AssertionError: Timed out retrying after 4000ms: `cy.readFile(\"./TMF629-Customer_Management-v5.0.0.oas.yaml\")` failed because the file does not exist at the following path:\n\n`/Users/janinduweerakkody/Downloads/IntentManagementAPI/TMF921/DO_NOT_CHANGE/TMF629-Customer_Management-v5.0.0.oas.yaml`\n\nhttps://on.cypress.io/readfile\n    at Context.eval (webpack://oas_ctk_gen/./cypress/support/commands/utils.js:4:4)",
                "diff": null
              },
              "uuid": "e8c2a7d9-69e9-41bb-84ea-546aeb8d6541",
              "parentUUID": "4e29e52b-ab8a-4ce9-aae9-9f7a75a0b1f4",
              "isHook": false,
              "skipped": false
            },
            {
              "title": "Tests Individualizates",
              "fullTitle": "Tests method GET and path /intent/{intentId}/intentReport/{id} and query ?fields=name Tests Individualizates",
              "timedOut": null,
              "duration": 51,
              "state": "failed",
              "speed": null,
              "pass": false,
              "fail": true,
              "pending": false,
              "context": null,
              "code": "if (Array.isArray(response.body)) {\n  response.body.forEach(instance => {\n    if (instance.id == Cypress.env('id')) {\n      cy.log('Array if', mandatoryKeys);\n      cy.log('Path: ' + path, 'Query: ' + query);\n      validateMandatoryAttr(instance, mandatoryKeys);\n    }\n    // else {\n    // \tcy.log('Array else', mandatoryKeys);\n    // \tcy.log(path, query);\n    // \tvalidateMandatoryAttr(instance, mandatoryKeys);\n    // }\n  });\n} else {\n  cy.log('No Array');\n  cy.log('Path: ' + path, 'Query: ' + query);\n  validateMandatoryAttr(response.body, mandatoryKeys);\n}",
              "err": {
                "message": "AssertionError: expected undefined to equal null",
                "estack": "AssertionError: expected undefined to equal null\n    at eval (webpack://oas_ctk_gen/./cypress/support/utils/individualizatedTests.js:10:38)\nat Array.forEach (<anonymous>)\n    at validateMandatoryAttr (webpack://oas_ctk_gen/./cypress/support/utils/individualizatedTests.js:4:15)\n    at Context.eval (webpack://oas_ctk_gen/./cypress/e2e/homolog/development.cy.js:100:5)",
                "diff": null
              },
              "uuid": "4a7373e9-1254-45a4-995c-10c781c938dc",
              "parentUUID": "4e29e52b-ab8a-4ce9-aae9-9f7a75a0b1f4",
              "isHook": false,
              "skipped": false
            }
          ],
          "suites": [],
          "passes": [],
          "failures": [
            "367e7189-50fc-4f25-af5a-1041fa2b7d1a",
            "e8c2a7d9-69e9-41bb-84ea-546aeb8d6541",
            "4a7373e9-1254-45a4-995c-10c781c938dc"
          ],
          "pending": [],
          "skipped": [],
          "duration": 4103,
          "root": false,
          "rootEmpty": false,
          "_timeout": 2000
        },
        {
          "uuid": "0760876a-9941-499d-968c-385384b47930",
          "title": "Tests method GET and path /intent/{intentId}/intentReport and query ?fields=name",
          "fullFile": "",
          "file": "",
          "beforeHooks": [],
          "afterHooks": [],
          "tests": [
            {
              "title": "Tests status",
              "fullTitle": "Tests method GET and path /intent/{intentId}/intentReport and query ?fields=name Tests status",
              "timedOut": null,
              "duration": 36,
              "state": "passed",
              "speed": "fast",
              "pass": true,
              "fail": false,
              "pending": false,
              "context": null,
              "code": "cy.validateStatus(response.status, statusCodes);",
              "err": {},
              "uuid": "5a8c460b-f78b-48c9-b638-30f891f5d942",
              "parentUUID": "0760876a-9941-499d-968c-385384b47930",
              "isHook": false,
              "skipped": false
            },
            {
              "title": "Test schema",
              "fullTitle": "Tests method GET and path /intent/{intentId}/intentReport and query ?fields=name Test schema",
              "timedOut": null,
              "duration": 20,
              "state": "passed",
              "speed": "fast",
              "pass": true,
              "fail": false,
              "pending": false,
              "context": null,
              "code": "if (Array.isArray(response.body)) {\n  response.body.forEach(instance => {\n    cy.validateSchema(instance, yamlOas, schemaRef);\n  });\n} else {\n  cy.validateSchema(response.body, yamlOas, schemaRef);\n}",
              "err": {},
              "uuid": "dae08d20-a46e-4d6b-86fa-08547e54affc",
              "parentUUID": "0760876a-9941-499d-968c-385384b47930",
              "isHook": false,
              "skipped": false
            },
            {
              "title": "Tests Individualizates",
              "fullTitle": "Tests method GET and path /intent/{intentId}/intentReport and query ?fields=name Tests Individualizates",
              "timedOut": null,
              "duration": 20,
              "state": "passed",
              "speed": "fast",
              "pass": true,
              "fail": false,
              "pending": false,
              "context": null,
              "code": "if (Array.isArray(response.body)) {\n  response.body.forEach(instance => {\n    if (instance.id == Cypress.env('id')) {\n      cy.log('Array if', mandatoryKeys);\n      cy.log('Path: ' + path, 'Query: ' + query);\n      validateMandatoryAttr(instance, mandatoryKeys);\n    }\n    // else {\n    // \tcy.log('Array else', mandatoryKeys);\n    // \tcy.log(path, query);\n    // \tvalidateMandatoryAttr(instance, mandatoryKeys);\n    // }\n  });\n} else {\n  cy.log('No Array');\n  cy.log('Path: ' + path, 'Query: ' + query);\n  validateMandatoryAttr(response.body, mandatoryKeys);\n}",
              "err": {},
              "uuid": "70928c46-acfc-41f1-a2bd-cf7481e37e2c",
              "parentUUID": "0760876a-9941-499d-968c-385384b47930",
              "isHook": false,
              "skipped": false
            }
          ],
          "suites": [],
          "passes": [
            "5a8c460b-f78b-48c9-b638-30f891f5d942",
            "dae08d20-a46e-4d6b-86fa-08547e54affc",
            "70928c46-acfc-41f1-a2bd-cf7481e37e2c"
          ],
          "failures": [],
          "pending": [],
          "skipped": [],
          "duration": 76,
          "root": false,
          "rootEmpty": false,
          "_timeout": 2000
        },
        {
          "uuid": "5caf5bf8-2fa3-4563-8743-24840d93c0e1",
          "title": "Tests method GET and path /intent/{intentId}/intentReport and query ?name={name}",
          "fullFile": "",
          "file": "",
          "beforeHooks": [],
          "afterHooks": [],
          "tests": [
            {
              "title": "Tests status",
              "fullTitle": "Tests method GET and path /intent/{intentId}/intentReport and query ?name={name} Tests status",
              "timedOut": null,
              "duration": 33,
              "state": "passed",
              "speed": "fast",
              "pass": true,
              "fail": false,
              "pending": false,
              "context": null,
              "code": "cy.validateStatus(response.status, statusCodes);",
              "err": {},
              "uuid": "f045ab21-7183-45f2-b104-e3eb0316ca6a",
              "parentUUID": "5caf5bf8-2fa3-4563-8743-24840d93c0e1",
              "isHook": false,
              "skipped": false
            },
            {
              "title": "Test schema",
              "fullTitle": "Tests method GET and path /intent/{intentId}/intentReport and query ?name={name} Test schema",
              "timedOut": null,
              "duration": 18,
              "state": "passed",
              "speed": "fast",
              "pass": true,
              "fail": false,
              "pending": false,
              "context": null,
              "code": "if (Array.isArray(response.body)) {\n  response.body.forEach(instance => {\n    cy.validateSchema(instance, yamlOas, schemaRef);\n  });\n} else {\n  cy.validateSchema(response.body, yamlOas, schemaRef);\n}",
              "err": {},
              "uuid": "47639b90-8b30-4bef-b956-bf7af1dd37c2",
              "parentUUID": "5caf5bf8-2fa3-4563-8743-24840d93c0e1",
              "isHook": false,
              "skipped": false
            },
            {
              "title": "Tests Individualizates",
              "fullTitle": "Tests method GET and path /intent/{intentId}/intentReport and query ?name={name} Tests Individualizates",
              "timedOut": null,
              "duration": 19,
              "state": "passed",
              "speed": "fast",
              "pass": true,
              "fail": false,
              "pending": false,
              "context": null,
              "code": "if (Array.isArray(response.body)) {\n  response.body.forEach(instance => {\n    if (instance.id == Cypress.env('id')) {\n      cy.log('Array if', mandatoryKeys);\n      cy.log('Path: ' + path, 'Query: ' + query);\n      validateMandatoryAttr(instance, mandatoryKeys);\n    }\n    // else {\n    // \tcy.log('Array else', mandatoryKeys);\n    // \tcy.log(path, query);\n    // \tvalidateMandatoryAttr(instance, mandatoryKeys);\n    // }\n  });\n} else {\n  cy.log('No Array');\n  cy.log('Path: ' + path, 'Query: ' + query);\n  validateMandatoryAttr(response.body, mandatoryKeys);\n}",
              "err": {},
              "uuid": "ad9e8170-f097-4f13-aecf-3863d46c2666",
              "parentUUID": "5caf5bf8-2fa3-4563-8743-24840d93c0e1",
              "isHook": false,
              "skipped": false
            }
          ],
          "suites": [],
          "passes": [
            "f045ab21-7183-45f2-b104-e3eb0316ca6a",
            "47639b90-8b30-4bef-b956-bf7af1dd37c2",
            "ad9e8170-f097-4f13-aecf-3863d46c2666"
          ],
          "failures": [],
          "pending": [],
          "skipped": [],
          "duration": 70,
          "root": false,
          "rootEmpty": false,
          "_timeout": 2000
        },
        {
          "uuid": "4ef40f81-f3c9-43d5-861b-79845b3d7054",
          "title": "Tests method DELETE and path /intent/{intentId}/intentReport/{id} and query ",
          "fullFile": "",
          "file": "",
          "beforeHooks": [],
          "afterHooks": [],
          "tests": [
            {
              "title": "Tests status",
              "fullTitle": "Tests method DELETE and path /intent/{intentId}/intentReport/{id} and query  Tests status",
              "timedOut": null,
              "duration": 28,
              "state": "passed",
              "speed": "fast",
              "pass": true,
              "fail": false,
              "pending": false,
              "context": null,
              "code": "cy.validateStatus(response.status, statusCodes);",
              "err": {},
              "uuid": "6c022d09-bec1-4c5a-9dc9-9c8c263d90ff",
              "parentUUID": "4ef40f81-f3c9-43d5-861b-79845b3d7054",
              "isHook": false,
              "skipped": false
            }
          ],
          "suites": [],
          "passes": [
            "6c022d09-bec1-4c5a-9dc9-9c8c263d90ff"
          ],
          "failures": [],
          "pending": [],
          "skipped": [],
          "duration": 28,
          "root": false,
          "rootEmpty": false,
          "_timeout": 2000
        },
        {
          "uuid": "5dba095d-e59d-4135-af3a-c792e79d91ea",
          "title": "Tests method POST and path /intentSpecification and query ",
          "fullFile": "",
          "file": "",
          "beforeHooks": [],
          "afterHooks": [],
          "tests": [
            {
              "title": "Tests status",
              "fullTitle": "Tests method POST and path /intentSpecification and query  Tests status",
              "timedOut": null,
              "duration": 82,
              "state": "passed",
              "speed": "fast",
              "pass": true,
              "fail": false,
              "pending": false,
              "context": null,
              "code": "cy.validateStatus(response.status, statusCodes);",
              "err": {},
              "uuid": "807123df-5c3a-4e76-90eb-5edb8162e801",
              "parentUUID": "5dba095d-e59d-4135-af3a-c792e79d91ea",
              "isHook": false,
              "skipped": false
            },
            {
              "title": "Test schema",
              "fullTitle": "Tests method POST and path /intentSpecification and query  Test schema",
              "timedOut": null,
              "duration": 4009,
              "state": "failed",
              "speed": null,
              "pass": false,
              "fail": true,
              "pending": false,
              "context": null,
              "code": "if (Array.isArray(response.body)) {\n  response.body.forEach(instance => {\n    cy.validateSchema(instance, yamlOas, schemaRef);\n  });\n} else {\n  cy.validateSchema(response.body, yamlOas, schemaRef);\n}",
              "err": {
                "message": "AssertionError: Timed out retrying after 4000ms: `cy.readFile(\"./TMF629-Customer_Management-v5.0.0.oas.yaml\")` failed because the file does not exist at the following path:\n\n`/Users/janinduweerakkody/Downloads/IntentManagementAPI/TMF921/DO_NOT_CHANGE/TMF629-Customer_Management-v5.0.0.oas.yaml`\n\nhttps://on.cypress.io/readfile",
                "estack": "AssertionError: Timed out retrying after 4000ms: `cy.readFile(\"./TMF629-Customer_Management-v5.0.0.oas.yaml\")` failed because the file does not exist at the following path:\n\n`/Users/janinduweerakkody/Downloads/IntentManagementAPI/TMF921/DO_NOT_CHANGE/TMF629-Customer_Management-v5.0.0.oas.yaml`\n\nhttps://on.cypress.io/readfile\n    at Context.eval (webpack://oas_ctk_gen/./cypress/support/commands/utils.js:4:4)",
                "diff": null
              },
              "uuid": "a741b44d-376d-4866-b4e6-abb62d9db5ee",
              "parentUUID": "5dba095d-e59d-4135-af3a-c792e79d91ea",
              "isHook": false,
              "skipped": false
            }
          ],
          "suites": [],
          "passes": [
            "807123df-5c3a-4e76-90eb-5edb8162e801"
          ],
          "failures": [
            "a741b44d-376d-4866-b4e6-abb62d9db5ee"
          ],
          "pending": [],
          "skipped": [],
          "duration": 4091,
          "root": false,
          "rootEmpty": false,
          "_timeout": 2000
        },
        {
          "uuid": "38bba933-4800-4b56-8f6f-0eafb448fa2d",
          "title": "Tests method GET and path /intentSpecification and query ",
          "fullFile": "",
          "file": "",
          "beforeHooks": [],
          "afterHooks": [],
          "tests": [
            {
              "title": "Tests status",
              "fullTitle": "Tests method GET and path /intentSpecification and query  Tests status",
              "timedOut": null,
              "duration": 63,
              "state": "passed",
              "speed": "fast",
              "pass": true,
              "fail": false,
              "pending": false,
              "context": null,
              "code": "cy.validateStatus(response.status, statusCodes);",
              "err": {},
              "uuid": "a5885ee5-5d9f-4749-b00b-1e803c502263",
              "parentUUID": "38bba933-4800-4b56-8f6f-0eafb448fa2d",
              "isHook": false,
              "skipped": false
            },
            {
              "title": "Test schema",
              "fullTitle": "Tests method GET and path /intentSpecification and query  Test schema",
              "timedOut": null,
              "duration": 4028,
              "state": "failed",
              "speed": null,
              "pass": false,
              "fail": true,
              "pending": false,
              "context": null,
              "code": "if (Array.isArray(response.body)) {\n  response.body.forEach(instance => {\n    cy.validateSchema(instance, yamlOas, schemaRef);\n  });\n} else {\n  cy.validateSchema(response.body, yamlOas, schemaRef);\n}",
              "err": {
                "message": "AssertionError: Timed out retrying after 4000ms: `cy.readFile(\"./TMF629-Customer_Management-v5.0.0.oas.yaml\")` failed because the file does not exist at the following path:\n\n`/Users/janinduweerakkody/Downloads/IntentManagementAPI/TMF921/DO_NOT_CHANGE/TMF629-Customer_Management-v5.0.0.oas.yaml`\n\nhttps://on.cypress.io/readfile",
                "estack": "AssertionError: Timed out retrying after 4000ms: `cy.readFile(\"./TMF629-Customer_Management-v5.0.0.oas.yaml\")` failed because the file does not exist at the following path:\n\n`/Users/janinduweerakkody/Downloads/IntentManagementAPI/TMF921/DO_NOT_CHANGE/TMF629-Customer_Management-v5.0.0.oas.yaml`\n\nhttps://on.cypress.io/readfile\n    at Context.eval (webpack://oas_ctk_gen/./cypress/support/commands/utils.js:4:4)",
                "diff": null
              },
              "uuid": "37378730-26e5-4b0d-a336-a9cbaf3f9678",
              "parentUUID": "38bba933-4800-4b56-8f6f-0eafb448fa2d",
              "isHook": false,
              "skipped": false
            },
            {
              "title": "Tests Individualizates",
              "fullTitle": "Tests method GET and path /intentSpecification and query  Tests Individualizates",
              "timedOut": null,
              "duration": 63,
              "state": "passed",
              "speed": "fast",
              "pass": true,
              "fail": false,
              "pending": false,
              "context": null,
              "code": "if (Array.isArray(response.body)) {\n  response.body.forEach(instance => {\n    if (instance.id == Cypress.env('id')) {\n      cy.log('Array if', mandatoryKeys);\n      cy.log('Path: ' + path, 'Query: ' + query);\n      validateMandatoryAttr(instance, mandatoryKeys);\n    }\n    // else {\n    // \tcy.log('Array else', mandatoryKeys);\n    // \tcy.log(path, query);\n    // \tvalidateMandatoryAttr(instance, mandatoryKeys);\n    // }\n  });\n} else {\n  cy.log('No Array');\n  cy.log('Path: ' + path, 'Query: ' + query);\n  validateMandatoryAttr(response.body, mandatoryKeys);\n}",
              "err": {},
              "uuid": "cb5c083d-0ebd-4a59-bc26-98a8d4669a05",
              "parentUUID": "38bba933-4800-4b56-8f6f-0eafb448fa2d",
              "isHook": false,
              "skipped": false
            }
          ],
          "suites": [],
          "passes": [
            "a5885ee5-5d9f-4749-b00b-1e803c502263",
            "cb5c083d-0ebd-4a59-bc26-98a8d4669a05"
          ],
          "failures": [
            "37378730-26e5-4b0d-a336-a9cbaf3f9678"
          ],
          "pending": [],
          "skipped": [],
          "duration": 4154,
          "root": false,
          "rootEmpty": false,
          "_timeout": 2000
        },
        {
          "uuid": "61f170e6-0403-4126-98c9-d42f7a9572b1",
          "title": "Tests method GET and path /intentSpecification/{id} and query ",
          "fullFile": "",
          "file": "",
          "beforeHooks": [],
          "afterHooks": [],
          "tests": [
            {
              "title": "Tests status",
              "fullTitle": "Tests method GET and path /intentSpecification/{id} and query  Tests status",
              "timedOut": null,
              "duration": 37,
              "state": "failed",
              "speed": null,
              "pass": false,
              "fail": true,
              "pending": false,
              "context": null,
              "code": "cy.validateStatus(response.status, statusCodes);",
              "err": {
                "message": "AssertionError: expected 404 to be one of [ 200 ]",
                "estack": "AssertionError: expected 404 to be one of [ 200 ]\n    at Context.eval (webpack://oas_ctk_gen/./cypress/support/commands/validate.js:44:30)",
                "diff": "- 404\n+ [ 200 ]\n"
              },
              "uuid": "09a35dc0-3743-4df5-955a-34eaade057d5",
              "parentUUID": "61f170e6-0403-4126-98c9-d42f7a9572b1",
              "isHook": false,
              "skipped": false
            },
            {
              "title": "Test schema",
              "fullTitle": "Tests method GET and path /intentSpecification/{id} and query  Test schema",
              "timedOut": null,
              "duration": 4037,
              "state": "failed",
              "speed": null,
              "pass": false,
              "fail": true,
              "pending": false,
              "context": null,
              "code": "if (Array.isArray(response.body)) {\n  response.body.forEach(instance => {\n    cy.validateSchema(instance, yamlOas, schemaRef);\n  });\n} else {\n  cy.validateSchema(response.body, yamlOas, schemaRef);\n}",
              "err": {
                "message": "AssertionError: Timed out retrying after 4000ms: `cy.readFile(\"./TMF629-Customer_Management-v5.0.0.oas.yaml\")` failed because the file does not exist at the following path:\n\n`/Users/janinduweerakkody/Downloads/IntentManagementAPI/TMF921/DO_NOT_CHANGE/TMF629-Customer_Management-v5.0.0.oas.yaml`\n\nhttps://on.cypress.io/readfile",
                "estack": "AssertionError: Timed out retrying after 4000ms: `cy.readFile(\"./TMF629-Customer_Management-v5.0.0.oas.yaml\")` failed because the file does not exist at the following path:\n\n`/Users/janinduweerakkody/Downloads/IntentManagementAPI/TMF921/DO_NOT_CHANGE/TMF629-Customer_Management-v5.0.0.oas.yaml`\n\nhttps://on.cypress.io/readfile\n    at Context.eval (webpack://oas_ctk_gen/./cypress/support/commands/utils.js:4:4)",
                "diff": null
              },
              "uuid": "6b38535c-0213-4aba-adbf-87e9928017b8",
              "parentUUID": "61f170e6-0403-4126-98c9-d42f7a9572b1",
              "isHook": false,
              "skipped": false
            },
            {
              "title": "Tests Individualizates",
              "fullTitle": "Tests method GET and path /intentSpecification/{id} and query  Tests Individualizates",
              "timedOut": null,
              "duration": 53,
              "state": "failed",
              "speed": null,
              "pass": false,
              "fail": true,
              "pending": false,
              "context": null,
              "code": "if (Array.isArray(response.body)) {\n  response.body.forEach(instance => {\n    if (instance.id == Cypress.env('id')) {\n      cy.log('Array if', mandatoryKeys);\n      cy.log('Path: ' + path, 'Query: ' + query);\n      validateMandatoryAttr(instance, mandatoryKeys);\n    }\n    // else {\n    // \tcy.log('Array else', mandatoryKeys);\n    // \tcy.log(path, query);\n    // \tvalidateMandatoryAttr(instance, mandatoryKeys);\n    // }\n  });\n} else {\n  cy.log('No Array');\n  cy.log('Path: ' + path, 'Query: ' + query);\n  validateMandatoryAttr(response.body, mandatoryKeys);\n}",
              "err": {
                "message": "AssertionError: expected undefined to equal 'IntentSpecification'",
                "estack": "AssertionError: expected undefined to equal 'IntentSpecification'\n    at eval (webpack://oas_ctk_gen/./cypress/support/utils/individualizatedTests.js:10:38)\nat Array.forEach (<anonymous>)\n    at validateMandatoryAttr (webpack://oas_ctk_gen/./cypress/support/utils/individualizatedTests.js:4:15)\n    at Context.eval (webpack://oas_ctk_gen/./cypress/e2e/homolog/development.cy.js:100:5)",
                "diff": null
              },
              "uuid": "212fa25b-abc1-417a-8d39-0210b1a0aacc",
              "parentUUID": "61f170e6-0403-4126-98c9-d42f7a9572b1",
              "isHook": false,
              "skipped": false
            }
          ],
          "suites": [],
          "passes": [],
          "failures": [
            "09a35dc0-3743-4df5-955a-34eaade057d5",
            "6b38535c-0213-4aba-adbf-87e9928017b8",
            "212fa25b-abc1-417a-8d39-0210b1a0aacc"
          ],
          "pending": [],
          "skipped": [],
          "duration": 4127,
          "root": false,
          "rootEmpty": false,
          "_timeout": 2000
        },
        {
          "uuid": "3af57dcb-9e09-49ca-b932-75bdd0387355",
          "title": "Tests method GET and path /intentSpecification/{id} and query ?fields=name",
          "fullFile": "",
          "file": "",
          "beforeHooks": [],
          "afterHooks": [],
          "tests": [
            {
              "title": "Tests status",
              "fullTitle": "Tests method GET and path /intentSpecification/{id} and query ?fields=name Tests status",
              "timedOut": null,
              "duration": 41,
              "state": "failed",
              "speed": null,
              "pass": false,
              "fail": true,
              "pending": false,
              "context": null,
              "code": "cy.validateStatus(response.status, statusCodes);",
              "err": {
                "message": "AssertionError: expected 404 to be one of [ 200 ]",
                "estack": "AssertionError: expected 404 to be one of [ 200 ]\n    at Context.eval (webpack://oas_ctk_gen/./cypress/support/commands/validate.js:44:30)",
                "diff": "- 404\n+ [ 200 ]\n"
              },
              "uuid": "08ee23a4-e6a3-4caa-90a4-c895defc97a5",
              "parentUUID": "3af57dcb-9e09-49ca-b932-75bdd0387355",
              "isHook": false,
              "skipped": false
            },
            {
              "title": "Test schema",
              "fullTitle": "Tests method GET and path /intentSpecification/{id} and query ?fields=name Test schema",
              "timedOut": null,
              "duration": 4033,
              "state": "failed",
              "speed": null,
              "pass": false,
              "fail": true,
              "pending": false,
              "context": null,
              "code": "if (Array.isArray(response.body)) {\n  response.body.forEach(instance => {\n    cy.validateSchema(instance, yamlOas, schemaRef);\n  });\n} else {\n  cy.validateSchema(response.body, yamlOas, schemaRef);\n}",
              "err": {
                "message": "AssertionError: Timed out retrying after 4000ms: `cy.readFile(\"./TMF629-Customer_Management-v5.0.0.oas.yaml\")` failed because the file does not exist at the following path:\n\n`/Users/janinduweerakkody/Downloads/IntentManagementAPI/TMF921/DO_NOT_CHANGE/TMF629-Customer_Management-v5.0.0.oas.yaml`\n\nhttps://on.cypress.io/readfile",
                "estack": "AssertionError: Timed out retrying after 4000ms: `cy.readFile(\"./TMF629-Customer_Management-v5.0.0.oas.yaml\")` failed because the file does not exist at the following path:\n\n`/Users/janinduweerakkody/Downloads/IntentManagementAPI/TMF921/DO_NOT_CHANGE/TMF629-Customer_Management-v5.0.0.oas.yaml`\n\nhttps://on.cypress.io/readfile\n    at Context.eval (webpack://oas_ctk_gen/./cypress/support/commands/utils.js:4:4)",
                "diff": null
              },
              "uuid": "71b8aedc-c466-46e3-a716-306a19f5bbcf",
              "parentUUID": "3af57dcb-9e09-49ca-b932-75bdd0387355",
              "isHook": false,
              "skipped": false
            },
            {
              "title": "Tests Individualizates",
              "fullTitle": "Tests method GET and path /intentSpecification/{id} and query ?fields=name Tests Individualizates",
              "timedOut": null,
              "duration": 57,
              "state": "failed",
              "speed": null,
              "pass": false,
              "fail": true,
              "pending": false,
              "context": null,
              "code": "if (Array.isArray(response.body)) {\n  response.body.forEach(instance => {\n    if (instance.id == Cypress.env('id')) {\n      cy.log('Array if', mandatoryKeys);\n      cy.log('Path: ' + path, 'Query: ' + query);\n      validateMandatoryAttr(instance, mandatoryKeys);\n    }\n    // else {\n    // \tcy.log('Array else', mandatoryKeys);\n    // \tcy.log(path, query);\n    // \tvalidateMandatoryAttr(instance, mandatoryKeys);\n    // }\n  });\n} else {\n  cy.log('No Array');\n  cy.log('Path: ' + path, 'Query: ' + query);\n  validateMandatoryAttr(response.body, mandatoryKeys);\n}",
              "err": {
                "message": "AssertionError: expected undefined to equal 'EventLiveBroadcastSpec'",
                "estack": "AssertionError: expected undefined to equal 'EventLiveBroadcastSpec'\n    at eval (webpack://oas_ctk_gen/./cypress/support/utils/individualizatedTests.js:10:38)\nat Array.forEach (<anonymous>)\n    at validateMandatoryAttr (webpack://oas_ctk_gen/./cypress/support/utils/individualizatedTests.js:4:15)\n    at Context.eval (webpack://oas_ctk_gen/./cypress/e2e/homolog/development.cy.js:100:5)",
                "diff": null
              },
              "uuid": "4ec90c92-5786-470e-8533-8f32e646f5b9",
              "parentUUID": "3af57dcb-9e09-49ca-b932-75bdd0387355",
              "isHook": false,
              "skipped": false
            }
          ],
          "suites": [],
          "passes": [],
          "failures": [
            "08ee23a4-e6a3-4caa-90a4-c895defc97a5",
            "71b8aedc-c466-46e3-a716-306a19f5bbcf",
            "4ec90c92-5786-470e-8533-8f32e646f5b9"
          ],
          "pending": [],
          "skipped": [],
          "duration": 4131,
          "root": false,
          "rootEmpty": false,
          "_timeout": 2000
        },
        {
          "uuid": "9c72560f-3650-4cc4-aad4-d6273e4e8645",
          "title": "Tests method GET and path /intentSpecification and query ?fields=name",
          "fullFile": "",
          "file": "",
          "beforeHooks": [],
          "afterHooks": [],
          "tests": [
            {
              "title": "Tests status",
              "fullTitle": "Tests method GET and path /intentSpecification and query ?fields=name Tests status",
              "timedOut": null,
              "duration": 33,
              "state": "passed",
              "speed": "fast",
              "pass": true,
              "fail": false,
              "pending": false,
              "context": null,
              "code": "cy.validateStatus(response.status, statusCodes);",
              "err": {},
              "uuid": "046e66b9-fc16-436a-bb9d-e9e37401c9b4",
              "parentUUID": "9c72560f-3650-4cc4-aad4-d6273e4e8645",
              "isHook": false,
              "skipped": false
            },
            {
              "title": "Test schema",
              "fullTitle": "Tests method GET and path /intentSpecification and query ?fields=name Test schema",
              "timedOut": null,
              "duration": 4026,
              "state": "failed",
              "speed": null,
              "pass": false,
              "fail": true,
              "pending": false,
              "context": null,
              "code": "if (Array.isArray(response.body)) {\n  response.body.forEach(instance => {\n    cy.validateSchema(instance, yamlOas, schemaRef);\n  });\n} else {\n  cy.validateSchema(response.body, yamlOas, schemaRef);\n}",
              "err": {
                "message": "AssertionError: Timed out retrying after 4000ms: `cy.readFile(\"./TMF629-Customer_Management-v5.0.0.oas.yaml\")` failed because the file does not exist at the following path:\n\n`/Users/janinduweerakkody/Downloads/IntentManagementAPI/TMF921/DO_NOT_CHANGE/TMF629-Customer_Management-v5.0.0.oas.yaml`\n\nhttps://on.cypress.io/readfile",
                "estack": "AssertionError: Timed out retrying after 4000ms: `cy.readFile(\"./TMF629-Customer_Management-v5.0.0.oas.yaml\")` failed because the file does not exist at the following path:\n\n`/Users/janinduweerakkody/Downloads/IntentManagementAPI/TMF921/DO_NOT_CHANGE/TMF629-Customer_Management-v5.0.0.oas.yaml`\n\nhttps://on.cypress.io/readfile\n    at Context.eval (webpack://oas_ctk_gen/./cypress/support/commands/utils.js:4:4)",
                "diff": null
              },
              "uuid": "950ddcb6-30a1-4bde-bc2f-35ad3d897161",
              "parentUUID": "9c72560f-3650-4cc4-aad4-d6273e4e8645",
              "isHook": false,
              "skipped": false
            },
            {
              "title": "Tests Individualizates",
              "fullTitle": "Tests method GET and path /intentSpecification and query ?fields=name Tests Individualizates",
              "timedOut": null,
              "duration": 67,
              "state": "passed",
              "speed": "fast",
              "pass": true,
              "fail": false,
              "pending": false,
              "context": null,
              "code": "if (Array.isArray(response.body)) {\n  response.body.forEach(instance => {\n    if (instance.id == Cypress.env('id')) {\n      cy.log('Array if', mandatoryKeys);\n      cy.log('Path: ' + path, 'Query: ' + query);\n      validateMandatoryAttr(instance, mandatoryKeys);\n    }\n    // else {\n    // \tcy.log('Array else', mandatoryKeys);\n    // \tcy.log(path, query);\n    // \tvalidateMandatoryAttr(instance, mandatoryKeys);\n    // }\n  });\n} else {\n  cy.log('No Array');\n  cy.log('Path: ' + path, 'Query: ' + query);\n  validateMandatoryAttr(response.body, mandatoryKeys);\n}",
              "err": {},
              "uuid": "6a394712-c833-4556-aa75-297d710fc928",
              "parentUUID": "9c72560f-3650-4cc4-aad4-d6273e4e8645",
              "isHook": false,
              "skipped": false
            }
          ],
          "suites": [],
          "passes": [
            "046e66b9-fc16-436a-bb9d-e9e37401c9b4",
            "6a394712-c833-4556-aa75-297d710fc928"
          ],
          "failures": [
            "950ddcb6-30a1-4bde-bc2f-35ad3d897161"
          ],
          "pending": [],
          "skipped": [],
          "duration": 4126,
          "root": false,
          "rootEmpty": false,
          "_timeout": 2000
        },
        {
          "uuid": "a8dcf915-e4c1-48c5-b002-c057fcd14c3a",
          "title": "Tests method GET and path /intentSpecification and query ?name={name}",
          "fullFile": "",
          "file": "",
          "beforeHooks": [],
          "afterHooks": [],
          "tests": [
            {
              "title": "Tests status",
              "fullTitle": "Tests method GET and path /intentSpecification and query ?name={name} Tests status",
              "timedOut": null,
              "duration": 33,
              "state": "passed",
              "speed": "fast",
              "pass": true,
              "fail": false,
              "pending": false,
              "context": null,
              "code": "cy.validateStatus(response.status, statusCodes);",
              "err": {},
              "uuid": "a6f12b72-b19d-42a9-b343-2a2e06882d61",
              "parentUUID": "a8dcf915-e4c1-48c5-b002-c057fcd14c3a",
              "isHook": false,
              "skipped": false
            },
            {
              "title": "Test schema",
              "fullTitle": "Tests method GET and path /intentSpecification and query ?name={name} Test schema",
              "timedOut": null,
              "duration": 28,
              "state": "passed",
              "speed": "fast",
              "pass": true,
              "fail": false,
              "pending": false,
              "context": null,
              "code": "if (Array.isArray(response.body)) {\n  response.body.forEach(instance => {\n    cy.validateSchema(instance, yamlOas, schemaRef);\n  });\n} else {\n  cy.validateSchema(response.body, yamlOas, schemaRef);\n}",
              "err": {},
              "uuid": "f9414300-05bc-4b80-8525-b92b1dca31f4",
              "parentUUID": "a8dcf915-e4c1-48c5-b002-c057fcd14c3a",
              "isHook": false,
              "skipped": false
            },
            {
              "title": "Tests Individualizates",
              "fullTitle": "Tests method GET and path /intentSpecification and query ?name={name} Tests Individualizates",
              "timedOut": null,
              "duration": 21,
              "state": "passed",
              "speed": "fast",
              "pass": true,
              "fail": false,
              "pending": false,
              "context": null,
              "code": "if (Array.isArray(response.body)) {\n  response.body.forEach(instance => {\n    if (instance.id == Cypress.env('id')) {\n      cy.log('Array if', mandatoryKeys);\n      cy.log('Path: ' + path, 'Query: ' + query);\n      validateMandatoryAttr(instance, mandatoryKeys);\n    }\n    // else {\n    // \tcy.log('Array else', mandatoryKeys);\n    // \tcy.log(path, query);\n    // \tvalidateMandatoryAttr(instance, mandatoryKeys);\n    // }\n  });\n} else {\n  cy.log('No Array');\n  cy.log('Path: ' + path, 'Query: ' + query);\n  validateMandatoryAttr(response.body, mandatoryKeys);\n}",
              "err": {},
              "uuid": "a199264f-4dfc-4d94-9d86-8a5fb2a39266",
              "parentUUID": "a8dcf915-e4c1-48c5-b002-c057fcd14c3a",
              "isHook": false,
              "skipped": false
            }
          ],
          "suites": [],
          "passes": [
            "a6f12b72-b19d-42a9-b343-2a2e06882d61",
            "f9414300-05bc-4b80-8525-b92b1dca31f4",
            "a199264f-4dfc-4d94-9d86-8a5fb2a39266"
          ],
          "failures": [],
          "pending": [],
          "skipped": [],
          "duration": 82,
          "root": false,
          "rootEmpty": false,
          "_timeout": 2000
        },
        {
          "uuid": "38d4d224-fad7-4c1c-9d93-e6c7af469f7d",
          "title": "Tests method PATCH and path /intentSpecification/{id} and query ",
          "fullFile": "",
          "file": "",
          "beforeHooks": [],
          "afterHooks": [],
          "tests": [
            {
              "title": "Tests status",
              "fullTitle": "Tests method PATCH and path /intentSpecification/{id} and query  Tests status",
              "timedOut": null,
              "duration": 30,
              "state": "failed",
              "speed": null,
              "pass": false,
              "fail": true,
              "pending": false,
              "context": null,
              "code": "cy.validateStatus(response.status, statusCodes);",
              "err": {
                "message": "AssertionError: expected 400 to be one of [ 200 ]",
                "estack": "AssertionError: expected 400 to be one of [ 200 ]\n    at Context.eval (webpack://oas_ctk_gen/./cypress/support/commands/validate.js:44:30)",
                "diff": "- 400\n+ [ 200 ]\n"
              },
              "uuid": "cf558276-eed0-4c85-a01b-fb1592145900",
              "parentUUID": "38d4d224-fad7-4c1c-9d93-e6c7af469f7d",
              "isHook": false,
              "skipped": false
            },
            {
              "title": "Test schema",
              "fullTitle": "Tests method PATCH and path /intentSpecification/{id} and query  Test schema",
              "timedOut": null,
              "duration": 4035,
              "state": "failed",
              "speed": null,
              "pass": false,
              "fail": true,
              "pending": false,
              "context": null,
              "code": "if (Array.isArray(response.body)) {\n  response.body.forEach(instance => {\n    cy.validateSchema(instance, yamlOas, schemaRef);\n  });\n} else {\n  cy.validateSchema(response.body, yamlOas, schemaRef);\n}",
              "err": {
                "message": "AssertionError: Timed out retrying after 4000ms: `cy.readFile(\"./TMF629-Customer_Management-v5.0.0.oas.yaml\")` failed because the file does not exist at the following path:\n\n`/Users/janinduweerakkody/Downloads/IntentManagementAPI/TMF921/DO_NOT_CHANGE/TMF629-Customer_Management-v5.0.0.oas.yaml`\n\nhttps://on.cypress.io/readfile",
                "estack": "AssertionError: Timed out retrying after 4000ms: `cy.readFile(\"./TMF629-Customer_Management-v5.0.0.oas.yaml\")` failed because the file does not exist at the following path:\n\n`/Users/janinduweerakkody/Downloads/IntentManagementAPI/TMF921/DO_NOT_CHANGE/TMF629-Customer_Management-v5.0.0.oas.yaml`\n\nhttps://on.cypress.io/readfile\n    at Context.eval (webpack://oas_ctk_gen/./cypress/support/commands/utils.js:4:4)",
                "diff": null
              },
              "uuid": "bb82bac4-dab9-419a-b139-9f2caafc750c",
              "parentUUID": "38d4d224-fad7-4c1c-9d93-e6c7af469f7d",
              "isHook": false,
              "skipped": false
            }
          ],
          "suites": [],
          "passes": [],
          "failures": [
            "cf558276-eed0-4c85-a01b-fb1592145900",
            "bb82bac4-dab9-419a-b139-9f2caafc750c"
          ],
          "pending": [],
          "skipped": [],
          "duration": 4065,
          "root": false,
          "rootEmpty": false,
          "_timeout": 2000
        },
        {
          "uuid": "4acf6f56-b34e-42a3-8c5e-94ff7e69c4a6",
          "title": "Tests method GET and path /intentSpecification/{id} and query ",
          "fullFile": "",
          "file": "",
          "beforeHooks": [],
          "afterHooks": [],
          "tests": [
            {
              "title": "Tests status",
              "fullTitle": "Tests method GET and path /intentSpecification/{id} and query  Tests status",
              "timedOut": null,
              "duration": 76,
              "state": "failed",
              "speed": null,
              "pass": false,
              "fail": true,
              "pending": false,
              "context": null,
              "code": "cy.validateStatus(response.status, statusCodes);",
              "err": {
                "message": "AssertionError: expected 404 to be one of [ 200 ]",
                "estack": "AssertionError: expected 404 to be one of [ 200 ]\n    at Context.eval (webpack://oas_ctk_gen/./cypress/support/commands/validate.js:44:30)",
                "diff": "- 404\n+ [ 200 ]\n"
              },
              "uuid": "86f808da-3d0b-4cd9-ae49-7b049b673a35",
              "parentUUID": "4acf6f56-b34e-42a3-8c5e-94ff7e69c4a6",
              "isHook": false,
              "skipped": false
            },
            {
              "title": "Test schema",
              "fullTitle": "Tests method GET and path /intentSpecification/{id} and query  Test schema",
              "timedOut": null,
              "duration": 4041,
              "state": "failed",
              "speed": null,
              "pass": false,
              "fail": true,
              "pending": false,
              "context": null,
              "code": "if (Array.isArray(response.body)) {\n  response.body.forEach(instance => {\n    cy.validateSchema(instance, yamlOas, schemaRef);\n  });\n} else {\n  cy.validateSchema(response.body, yamlOas, schemaRef);\n}",
              "err": {
                "message": "AssertionError: Timed out retrying after 4000ms: `cy.readFile(\"./TMF629-Customer_Management-v5.0.0.oas.yaml\")` failed because the file does not exist at the following path:\n\n`/Users/janinduweerakkody/Downloads/IntentManagementAPI/TMF921/DO_NOT_CHANGE/TMF629-Customer_Management-v5.0.0.oas.yaml`\n\nhttps://on.cypress.io/readfile",
                "estack": "AssertionError: Timed out retrying after 4000ms: `cy.readFile(\"./TMF629-Customer_Management-v5.0.0.oas.yaml\")` failed because the file does not exist at the following path:\n\n`/Users/janinduweerakkody/Downloads/IntentManagementAPI/TMF921/DO_NOT_CHANGE/TMF629-Customer_Management-v5.0.0.oas.yaml`\n\nhttps://on.cypress.io/readfile\n    at Context.eval (webpack://oas_ctk_gen/./cypress/support/commands/utils.js:4:4)",
                "diff": null
              },
              "uuid": "8c4b5af2-68df-4077-aa8a-512b061100d4",
              "parentUUID": "4acf6f56-b34e-42a3-8c5e-94ff7e69c4a6",
              "isHook": false,
              "skipped": false
            },
            {
              "title": "Tests Individualizates",
              "fullTitle": "Tests method GET and path /intentSpecification/{id} and query  Tests Individualizates",
              "timedOut": null,
              "duration": 62,
              "state": "failed",
              "speed": null,
              "pass": false,
              "fail": true,
              "pending": false,
              "context": null,
              "code": "if (Array.isArray(response.body)) {\n  response.body.forEach(instance => {\n    if (instance.id == Cypress.env('id')) {\n      cy.log('Array if', mandatoryKeys);\n      cy.log('Path: ' + path, 'Query: ' + query);\n      validateMandatoryAttr(instance, mandatoryKeys);\n    }\n    // else {\n    // \tcy.log('Array else', mandatoryKeys);\n    // \tcy.log(path, query);\n    // \tvalidateMandatoryAttr(instance, mandatoryKeys);\n    // }\n  });\n} else {\n  cy.log('No Array');\n  cy.log('Path: ' + path, 'Query: ' + query);\n  validateMandatoryAttr(response.body, mandatoryKeys);\n}",
              "err": {
                "message": "AssertionError: expected undefined to equal 'IntentSpecification'",
                "estack": "AssertionError: expected undefined to equal 'IntentSpecification'\n    at eval (webpack://oas_ctk_gen/./cypress/support/utils/individualizatedTests.js:10:38)\nat Array.forEach (<anonymous>)\n    at validateMandatoryAttr (webpack://oas_ctk_gen/./cypress/support/utils/individualizatedTests.js:4:15)\n    at Context.eval (webpack://oas_ctk_gen/./cypress/e2e/homolog/development.cy.js:100:5)",
                "diff": null
              },
              "uuid": "308d1d7b-0768-4a8e-ac5a-ebadf45555fe",
              "parentUUID": "4acf6f56-b34e-42a3-8c5e-94ff7e69c4a6",
              "isHook": false,
              "skipped": false
            }
          ],
          "suites": [],
          "passes": [],
          "failures": [
            "86f808da-3d0b-4cd9-ae49-7b049b673a35",
            "8c4b5af2-68df-4077-aa8a-512b061100d4",
            "308d1d7b-0768-4a8e-ac5a-ebadf45555fe"
          ],
          "pending": [],
          "skipped": [],
          "duration": 4179,
          "root": false,
          "rootEmpty": false,
          "_timeout": 2000
        },
        {
          "uuid": "f69c8e7b-a396-42ef-9a08-389eeb1d0aad",
          "title": "Tests method DELETE and path /intentSpecification/{id} and query ",
          "fullFile": "",
          "file": "",
          "beforeHooks": [],
[...]
                "diff": null
              },
              "uuid": "71a6f314-3fae-43c8-b881-d0e10b9896a2",
              "parentUUID": "6ce72630-06bd-4f0f-a3a6-9cefaf3976a9",
              "isHook": false,
              "skipped": false
            }
          ],
          "suites": [],
          "passes": [],
          "failures": [
            "09488753-ed47-433d-99c3-a2f6ba89f5be",
            "858cca97-c664-4a9b-97f9-3b80694a44cc",
            "71a6f314-3fae-43c8-b881-d0e10b9896a2"
          ],
          "pending": [],
          "skipped": [],
          "duration": 4146,
          "root": false,
          "rootEmpty": false,
          "_timeout": 2000
        },
        {
          "uuid": "5e932175-ab0e-4428-ba4a-dc26aecf288b",
          "title": "Tests method GET and path /intent and query ?fields=name",
          "fullFile": "",
          "file": "",
          "beforeHooks": [],
          "afterHooks": [],
          "tests": [
            {
              "title": "Tests status",
              "fullTitle": "Tests method GET and path /intent and query ?fields=name Tests status",
              "timedOut": null,
              "duration": 49,
              "state": "passed",
              "speed": "fast",
              "pass": true,
              "fail": false,
              "pending": false,
              "context": null,
              "code": "cy.validateStatus(response.status, statusCodes);",
              "err": {},
              "uuid": "a08660aa-c1f7-4d8c-b833-511e7d8055be",
              "parentUUID": "5e932175-ab0e-4428-ba4a-dc26aecf288b",
              "isHook": false,
              "skipped": false
            },
            {
              "title": "Test schema",
              "fullTitle": "Tests method GET and path /intent and query ?fields=name Test schema",
              "timedOut": null,
              "duration": 4029,
              "state": "failed",
              "speed": null,
              "pass": false,
              "fail": true,
              "pending": false,
              "context": null,
              "code": "if (Array.isArray(response.body)) {\n  response.body.forEach(instance => {\n    cy.validateSchema(instance, yamlOas, schemaRef);\n  });\n} else {\n  cy.validateSchema(response.body, yamlOas, schemaRef);\n}",
              "err": {
                "message": "AssertionError: Timed out retrying after 4000ms: `cy.readFile(\"./TMF629-Customer_Management-v5.0.0.oas.yaml\")` failed because the file does not exist at the following path:\n\n`/Users/janinduweerakkody/Downloads/IntentManagementAPI/TMF921/DO_NOT_CHANGE/TMF629-Customer_Management-v5.0.0.oas.yaml`\n\nhttps://on.cypress.io/readfile",
                "estack": "AssertionError: Timed out retrying after 4000ms: `cy.readFile(\"./TMF629-Customer_Management-v5.0.0.oas.yaml\")` failed because the file does not exist at the following path:\n\n`/Users/janinduweerakkody/Downloads/IntentManagementAPI/TMF921/DO_NOT_CHANGE/TMF629-Customer_Management-v5.0.0.oas.yaml`\n\nhttps://on.cypress.io/readfile\n    at Context.eval (webpack://oas_ctk_gen/./cypress/support/commands/utils.js:4:4)",
                "diff": null
              },
              "uuid": "5ebd2dd6-5e8a-4b28-ae3f-7c116649986a",
              "parentUUID": "5e932175-ab0e-4428-ba4a-dc26aecf288b",
              "isHook": false,
              "skipped": false
            },
            {
              "title": "Tests Individualizates",
              "fullTitle": "Tests method GET and path /intent and query ?fields=name Tests Individualizates",
              "timedOut": null,
              "duration": 48,
              "state": "passed",
              "speed": "fast",
              "pass": true,
              "fail": false,
              "pending": false,
              "context": null,
              "code": "if (Array.isArray(response.body)) {\n  response.body.forEach(instance => {\n    if (instance.id == Cypress.env('id')) {\n      cy.log('Array if', mandatoryKeys);\n      cy.log('Path: ' + path, 'Query: ' + query);\n      validateMandatoryAttr(instance, mandatoryKeys);\n    }\n    // else {\n    // \tcy.log('Array else', mandatoryKeys);\n    // \tcy.log(path, query);\n    // \tvalidateMandatoryAttr(instance, mandatoryKeys);\n    // }\n  });\n} else {\n  cy.log('No Array');\n  cy.log('Path: ' + path, 'Query: ' + query);\n  validateMandatoryAttr(response.body, mandatoryKeys);\n}",
              "err": {},
              "uuid": "3bd3582b-b38f-49b1-9216-ed846fa5e391",
              "parentUUID": "5e932175-ab0e-4428-ba4a-dc26aecf288b",
              "isHook": false,
              "skipped": false
            }
          ],
          "suites": [],
          "passes": [
            "a08660aa-c1f7-4d8c-b833-511e7d8055be",
            "3bd3582b-b38f-49b1-9216-ed846fa5e391"
          ],
          "failures": [
            "5ebd2dd6-5e8a-4b28-ae3f-7c116649986a"
          ],
          "pending": [],
          "skipped": [],
          "duration": 4126,
          "root": false,
          "rootEmpty": false,
          "_timeout": 2000
        },
        {
          "uuid": "7c4162f6-62cc-43fa-983a-cf0554b95986",
          "title": "Tests method GET and path /intent and query ?name={name}",
          "fullFile": "",
          "file": "",
          "beforeHooks": [],
          "afterHooks": [],
          "tests": [
            {
              "title": "Tests status",
              "fullTitle": "Tests method GET and path /intent and query ?name={name} Tests status",
              "timedOut": null,
              "duration": 52,
              "state": "passed",
              "speed": "fast",
              "pass": true,
              "fail": false,
              "pending": false,
              "context": null,
              "code": "cy.validateStatus(response.status, statusCodes);",
              "err": {},
              "uuid": "29d568d9-5534-4d9e-825a-058162085b77",
              "parentUUID": "7c4162f6-62cc-43fa-983a-cf0554b95986",
              "isHook": false,
              "skipped": false
            },
            {
              "title": "Test schema",
              "fullTitle": "Tests method GET and path /intent and query ?name={name} Test schema",
              "timedOut": null,
              "duration": 32,
              "state": "passed",
              "speed": "fast",
              "pass": true,
              "fail": false,
              "pending": false,
              "context": null,
              "code": "if (Array.isArray(response.body)) {\n  response.body.forEach(instance => {\n    cy.validateSchema(instance, yamlOas, schemaRef);\n  });\n} else {\n  cy.validateSchema(response.body, yamlOas, schemaRef);\n}",
              "err": {},
              "uuid": "531daf5c-4991-48d1-af09-a76fa479c0f1",
              "parentUUID": "7c4162f6-62cc-43fa-983a-cf0554b95986",
              "isHook": false,
              "skipped": false
            },
            {
              "title": "Tests Individualizates",
              "fullTitle": "Tests method GET and path /intent and query ?name={name} Tests Individualizates",
              "timedOut": null,
              "duration": 38,
              "state": "passed",
              "speed": "fast",
              "pass": true,
              "fail": false,
              "pending": false,
              "context": null,
              "code": "if (Array.isArray(response.body)) {\n  response.body.forEach(instance => {\n    if (instance.id == Cypress.env('id')) {\n      cy.log('Array if', mandatoryKeys);\n      cy.log('Path: ' + path, 'Query: ' + query);\n      validateMandatoryAttr(instance, mandatoryKeys);\n    }\n    // else {\n    // \tcy.log('Array else', mandatoryKeys);\n    // \tcy.log(path, query);\n    // \tvalidateMandatoryAttr(instance, mandatoryKeys);\n    // }\n  });\n} else {\n  cy.log('No Array');\n  cy.log('Path: ' + path, 'Query: ' + query);\n  validateMandatoryAttr(response.body, mandatoryKeys);\n}",
              "err": {},
              "uuid": "c5aabf08-dcef-40c4-9739-00c575c74dc3",
              "parentUUID": "7c4162f6-62cc-43fa-983a-cf0554b95986",
              "isHook": false,
              "skipped": false
            }
          ],
          "suites": [],
          "passes": [
            "29d568d9-5534-4d9e-825a-058162085b77",
            "531daf5c-4991-48d1-af09-a76fa479c0f1",
            "c5aabf08-dcef-40c4-9739-00c575c74dc3"
          ],
          "failures": [],
          "pending": [],
          "skipped": [],
          "duration": 122,
          "root": false,
          "rootEmpty": false,
          "_timeout": 2000
        },
        {
          "uuid": "db62e82b-df1c-4ac1-a2b2-40ff5fe836c4",
          "title": "Tests method PATCH and path /intent/{id} and query ",
          "fullFile": "",
          "file": "",
          "beforeHooks": [],
          "afterHooks": [],
          "tests": [
            {
              "title": "Tests status",
              "fullTitle": "Tests method PATCH and path /intent/{id} and query  Tests status",
              "timedOut": null,
              "duration": 45,
              "state": "failed",
              "speed": null,
              "pass": false,
              "fail": true,
              "pending": false,
              "context": null,
              "code": "cy.validateStatus(response.status, statusCodes);",
              "err": {
                "message": "AssertionError: expected 400 to be one of [ 200 ]",
                "estack": "AssertionError: expected 400 to be one of [ 200 ]\n    at Context.eval (webpack://oas_ctk_gen/./cypress/support/commands/validate.js:44:30)",
                "diff": "- 400\n+ [ 200 ]\n"
              },
              "uuid": "5f803a67-d8e1-4628-b362-d07ba44cc2de",
              "parentUUID": "db62e82b-df1c-4ac1-a2b2-40ff5fe836c4",
              "isHook": false,
              "skipped": false
            },
            {
              "title": "Test schema",
              "fullTitle": "Tests method PATCH and path /intent/{id} and query  Test schema",
              "timedOut": null,
              "duration": 4021,
              "state": "failed",
              "speed": null,
              "pass": false,
              "fail": true,
              "pending": false,
              "context": null,
              "code": "if (Array.isArray(response.body)) {\n  response.body.forEach(instance => {\n    cy.validateSchema(instance, yamlOas, schemaRef);\n  });\n} else {\n  cy.validateSchema(response.body, yamlOas, schemaRef);\n}",
              "err": {
                "message": "AssertionError: Timed out retrying after 4000ms: `cy.readFile(\"./TMF629-Customer_Management-v5.0.0.oas.yaml\")` failed because the file does not exist at the following path:\n\n`/Users/janinduweerakkody/Downloads/IntentManagementAPI/TMF921/DO_NOT_CHANGE/TMF629-Customer_Management-v5.0.0.oas.yaml`\n\nhttps://on.cypress.io/readfile",
                "estack": "AssertionError: Timed out retrying after 4000ms: `cy.readFile(\"./TMF629-Customer_Management-v5.0.0.oas.yaml\")` failed because the file does not exist at the following path:\n\n`/Users/janinduweerakkody/Downloads/IntentManagementAPI/TMF921/DO_NOT_CHANGE/TMF629-Customer_Management-v5.0.0.oas.yaml`\n\nhttps://on.cypress.io/readfile\n    at Context.eval (webpack://oas_ctk_gen/./cypress/support/commands/utils.js:4:4)",
                "diff": null
              },
              "uuid": "fe86b933-3c3a-4b6f-bc2a-a1d3dbc7bef6",
              "parentUUID": "db62e82b-df1c-4ac1-a2b2-40ff5fe836c4",
              "isHook": false,
              "skipped": false
            }
          ],
          "suites": [],
          "passes": [],
          "failures": [
            "5f803a67-d8e1-4628-b362-d07ba44cc2de",
            "fe86b933-3c3a-4b6f-bc2a-a1d3dbc7bef6"
          ],
          "pending": [],
          "skipped": [],
          "duration": 4066,
          "root": false,
          "rootEmpty": false,
          "_timeout": 2000
        },
        {
          "uuid": "7fe8d871-d282-4c96-916f-efeb8ae30237",
          "title": "Tests method GET and path /intent/{id} and query ",
          "fullFile": "",
          "file": "",
          "beforeHooks": [],
          "afterHooks": [],
          "tests": [
            {
              "title": "Tests status",
              "fullTitle": "Tests method GET and path /intent/{id} and query  Tests status",
              "timedOut": null,
              "duration": 99,
              "state": "failed",
              "speed": null,
              "pass": false,
              "fail": true,
              "pending": false,
              "context": null,
              "code": "cy.validateStatus(response.status, statusCodes);",
              "err": {
                "message": "AssertionError: expected 500 to be one of [ 200 ]",
                "estack": "AssertionError: expected 500 to be one of [ 200 ]\n    at Context.eval (webpack://oas_ctk_gen/./cypress/support/commands/validate.js:44:30)",
                "diff": "- 500\n+ [ 200 ]\n"
              },
              "uuid": "ce8c4e2c-b76f-469d-9a4d-550cc83f32cf",
              "parentUUID": "7fe8d871-d282-4c96-916f-efeb8ae30237",
              "isHook": false,
              "skipped": false
            },
            {
              "title": "Test schema",
              "fullTitle": "Tests method GET and path /intent/{id} and query  Test schema",
              "timedOut": null,
              "duration": 4027,
              "state": "failed",
              "speed": null,
              "pass": false,
              "fail": true,
              "pending": false,
              "context": null,
              "code": "if (Array.isArray(response.body)) {\n  response.body.forEach(instance => {\n    cy.validateSchema(instance, yamlOas, schemaRef);\n  });\n} else {\n  cy.validateSchema(response.body, yamlOas, schemaRef);\n}",
              "err": {
                "message": "AssertionError: Timed out retrying after 4000ms: `cy.readFile(\"./TMF629-Customer_Management-v5.0.0.oas.yaml\")` failed because the file does not exist at the following path:\n\n`/Users/janinduweerakkody/Downloads/IntentManagementAPI/TMF921/DO_NOT_CHANGE/TMF629-Customer_Management-v5.0.0.oas.yaml`\n\nhttps://on.cypress.io/readfile",
                "estack": "AssertionError: Timed out retrying after 4000ms: `cy.readFile(\"./TMF629-Customer_Management-v5.0.0.oas.yaml\")` failed because the file does not exist at the following path:\n\n`/Users/janinduweerakkody/Downloads/IntentManagementAPI/TMF921/DO_NOT_CHANGE/TMF629-Customer_Management-v5.0.0.oas.yaml`\n\nhttps://on.cypress.io/readfile\n    at Context.eval (webpack://oas_ctk_gen/./cypress/support/commands/utils.js:4:4)",
                "diff": null
              },
              "uuid": "e9961ad3-aa3f-46c0-a17a-266209765311",
              "parentUUID": "7fe8d871-d282-4c96-916f-efeb8ae30237",
              "isHook": false,
              "skipped": false
            },
            {
              "title": "Tests Individualizates",
              "fullTitle": "Tests method GET and path /intent/{id} and query  Tests Individualizates",
              "timedOut": null,
              "duration": 62,
              "state": "failed",
              "speed": null,
              "pass": false,
              "fail": true,
              "pending": false,
              "context": null,
              "code": "if (Array.isArray(response.body)) {\n  response.body.forEach(instance => {\n    if (instance.id == Cypress.env('id')) {\n      cy.log('Array if', mandatoryKeys);\n      cy.log('Path: ' + path, 'Query: ' + query);\n      validateMandatoryAttr(instance, mandatoryKeys);\n    }\n    // else {\n    // \tcy.log('Array else', mandatoryKeys);\n    // \tcy.log(path, query);\n    // \tvalidateMandatoryAttr(instance, mandatoryKeys);\n    // }\n  });\n} else {\n  cy.log('No Array');\n  cy.log('Path: ' + path, 'Query: ' + query);\n  validateMandatoryAttr(response.body, mandatoryKeys);\n}",
              "err": {
                "message": "AssertionError: expected undefined to equal 'Intent'",
                "estack": "AssertionError: expected undefined to equal 'Intent'\n    at eval (webpack://oas_ctk_gen/./cypress/support/utils/individualizatedTests.js:10:38)\nat Array.forEach (<anonymous>)\n    at validateMandatoryAttr (webpack://oas_ctk_gen/./cypress/support/utils/individualizatedTests.js:4:15)\n    at Context.eval (webpack://oas_ctk_gen/./cypress/e2e/homolog/development.cy.js:100:5)",
                "diff": null
              },
              "uuid": "f6cc4c2d-4028-45de-a7f6-fdda7f4d412d",
              "parentUUID": "7fe8d871-d282-4c96-916f-efeb8ae30237",
              "isHook": false,
              "skipped": false
            }
          ],
          "suites": [],
          "passes": [],
          "failures": [
            "ce8c4e2c-b76f-469d-9a4d-550cc83f32cf",
            "e9961ad3-aa3f-46c0-a17a-266209765311",
            "f6cc4c2d-4028-45de-a7f6-fdda7f4d412d"
          ],
          "pending": [],
          "skipped": [],
          "duration": 4188,
          "root": false,
          "rootEmpty": false,
          "_timeout": 2000
        },
        {
          "uuid": "e239cf18-035a-48a4-a67a-4509c1dc8786",
          "title": "Tests method DELETE and path /intent/{id} and query ",
          "fullFile": "",
          "file": "",
          "beforeHooks": [],
          "afterHooks": [],
          "tests": [
            {
              "title": "Tests status",
              "fullTitle": "Tests method DELETE and path /intent/{id} and query  Tests status",
              "timedOut": null,
              "duration": 52,
              "state": "failed",
              "speed": null,
              "pass": false,
              "fail": true,
              "pending": false,
              "context": null,
              "code": "cy.validateStatus(response.status, statusCodes);",
              "err": {
                "message": "AssertionError: expected 500 to be one of [ 204 ]",
                "estack": "AssertionError: expected 500 to be one of [ 204 ]\n    at Context.eval (webpack://oas_ctk_gen/./cypress/support/commands/validate.js:44:30)",
                "diff": "- 500\n+ [ 204 ]\n"
              },
              "uuid": "673b1676-1251-4199-81d2-57036cdd8ba7",
              "parentUUID": "e239cf18-035a-48a4-a67a-4509c1dc8786",
              "isHook": false,
              "skipped": false
            }
          ],
          "suites": [],
          "passes": [],
          "failures": [
            "673b1676-1251-4199-81d2-57036cdd8ba7"
          ],
          "pending": [],
          "skipped": [],
          "duration": 52,
          "root": false,
          "rootEmpty": false,
          "_timeout": 2000
        }
      ],
      "passes": [],
      "failures": [],
      "pending": [],
      "skipped": [],
      "duration": 0,
      "root": true,
      "rootEmpty": true,
      "_timeout": 2000
    }
  ],
  "meta": {
    "mocha": {
      "version": "7.0.1"
    },
    "mochawesome": {
      "options": {
        "quiet": false,
        "reportFilename": "mochawesome",
        "saveHtml": true,
        "saveJson": true,
        "consoleReporter": "spec",
        "useInlineDiffs": false,
        "code": true
      },
      "version": "7.1.3"
    },
    "marge": {
      "options": {
        "reportDir": "cypress/reports/json",
        "overwrite": false,
        "json": true,
        "html": true,
        "reportPageTitle": "My Test Suite",
        "embeddedScreenshots": true,
        "inlineAssets": true,
        "state": {
          "expanded": true
        }
      },
      "version": "6.2.0"
    }
  }
}