{
  "stats": {
    "suites": 62,
    "tests": 83,
    "passes": 74,
    "pending": 0,
    "failures": 9,
    "start": "2025-06-27T02:03:38.629Z",
    "end": "2025-06-27T02:03:48.842Z",
    "duration": 10213,
    "testsRegistered": 83,
    "passPercent": 89.1566265060241,
    "pendingPercent": 0,
    "other": 0,
    "hasOther": false,
    "skipped": 0,
    "hasSkipped": false
  },
  "results": [
    {
      "uuid": "e1745c7b-1828-473e-80f6-8c258f33845c",
      "title": "",
      "fullFile": "cypress/e2e/production/ctk.cy.js",
      "file": "cypress/e2e/production/ctk.cy.js",
      "beforeHooks": [],
      "afterHooks": [],
      "tests": [],
      "suites": [
        {
          "uuid": "dd3adc57-102a-40b9-9ac6-4eb2c81f6acd",
          "title": "Tests method GET and path /intent/{intentId}/intentReport ",
          "fullFile": "",
          "file": "",
          "beforeHooks": [],
          "afterHooks": [],
          "tests": [],
          "suites": [
            {
              "uuid": "8bb3f068-8e22-4629-b2f7-86fb4c613914",
              "title": "TMF921 Conformance Profile v5.0.0 - API GET Operation Conformance - For IntentReport Resource",
              "fullFile": "",
              "file": "",
              "beforeHooks": [],
              "afterHooks": [],
              "tests": [
                {
                  "title": "Tests status \n\n\t\t\t\tEndPoint: http://localhost:8921/tmf-api/intentManagement/v5/intent/{intentId}/intentReport",
                  "fullTitle": "Tests method GET and path /intent/{intentId}/intentReport  TMF921 Conformance Profile v5.0.0 - API GET Operation Conformance - For IntentReport Resource Tests status \n\n\t\t\t\tEndPoint: http://localhost:8921/tmf-api/intentManagement/v5/intent/{intentId}/intentReport",
                  "timedOut": null,
                  "duration": 194,
                  "state": "passed",
                  "speed": "fast",
                  "pass": true,
                  "fail": false,
                  "pending": false,
                  "context": null,
                  "code": "cy.validateStatus(response.status, statusCodes);",
                  "err": {},
                  "uuid": "6ca87c50-1084-44fe-8677-edf7a72bc072",
                  "parentUUID": "8bb3f068-8e22-4629-b2f7-86fb4c613914",
                  "isHook": false,
                  "skipped": false
                },
                {
                  "title": "Test schema \n\n\t\t\t\t\tEndPoint: http://localhost:8921/tmf-api/intentManagement/v5/intent/{intentId}/intentReport",
                  "fullTitle": "Tests method GET and path /intent/{intentId}/intentReport  TMF921 Conformance Profile v5.0.0 - API GET Operation Conformance - For IntentReport Resource Test schema \n\n\t\t\t\t\tEndPoint: http://localhost:8921/tmf-api/intentManagement/v5/intent/{intentId}/intentReport",
                  "timedOut": null,
                  "duration": 283,
                  "state": "passed",
                  "speed": "fast",
                  "pass": true,
                  "fail": false,
                  "pending": false,
                  "context": null,
                  "code": "if (Array.isArray(response.body)) {\n  response.body.forEach(instance => {\n    cy.validateSchema(instance, yamlOas, schemaRef);\n  });\n} else {\n  cy.validateSchema(response.body, yamlOas, schemaRef);\n}",
                  "err": {},
                  "uuid": "f393be50-3570-4de6-a461-acb2a201485c",
                  "parentUUID": "8bb3f068-8e22-4629-b2f7-86fb4c613914",
                  "isHook": false,
                  "skipped": false
                },
                {
                  "title": "Each attribute Test \n\n\t\t\t\t\tEndPoint: http://localhost:8921/tmf-api/intentManagement/v5/intent/{intentId}/intentReport",
                  "fullTitle": "Tests method GET and path /intent/{intentId}/intentReport  TMF921 Conformance Profile v5.0.0 - API GET Operation Conformance - For IntentReport Resource Each attribute Test \n\n\t\t\t\t\tEndPoint: http://localhost:8921/tmf-api/intentManagement/v5/intent/{intentId}/intentReport",
                  "timedOut": null,
                  "duration": 18,
                  "state": "passed",
                  "speed": "fast",
                  "pass": true,
                  "fail": false,
                  "pending": false,
                  "context": null,
                  "code": "if (Array.isArray(response.body)) {\n  response.body.forEach(instance => {\n    if (instance.id == Cypress.env('id')) {\n      cy.log('Array if', mandatoryKeys);\n      cy.log(path, query);\n      validateMandatoryAttr(instance, mandatoryKeys);\n    }\n    // else {\n    // \tcy.log('Array else', mandatoryKeys);\n    // \tcy.log(path, query);\n    // \tvalidateMandatoryAttr(instance, mandatoryKeys);\n    // }\n  });\n} else {\n  cy.log('No Array');\n  cy.log(path, query);\n  validateMandatoryAttr(response.body, mandatoryKeys);\n}",
                  "err": {},
                  "uuid": "ebf6ea52-ac50-457c-ab75-7fe14ae5a749",
                  "parentUUID": "8bb3f068-8e22-4629-b2f7-86fb4c613914",
                  "isHook": false,
                  "skipped": false
                }
              ],
              "suites": [],
              "passes": [
                "6ca87c50-1084-44fe-8677-edf7a72bc072",
                "f393be50-3570-4de6-a461-acb2a201485c",
                "ebf6ea52-ac50-457c-ab75-7fe14ae5a749"
              ],
              "failures": [],
              "pending": [],
              "skipped": [],
              "duration": 495,
              "root": false,
              "rootEmpty": false,
              "_timeout": 2000
            }
          ],
          "passes": [],
          "failures": [],
          "pending": [],
          "skipped": [],
          "duration": 0,
          "root": false,
          "rootEmpty": false,
          "_timeout": 2000
        },
        {
          "uuid": "22ed3219-cb6e-4160-8386-2ae1ac1824c8",
          "title": "Tests method GET and path /intent/{intentId}/intentReport/{id} ",
          "fullFile": "",
          "file": "",
          "beforeHooks": [],
          "afterHooks": [],
          "tests": [],
          "suites": [
            {
              "uuid": "61cb7e72-2966-4d41-949c-2b9cbef9d55f",
              "title": "TMF921 Conformance Profile v5.0.0 - API GET Operation Conformance - For IntentReport Resource",
              "fullFile": "",
              "file": "",
              "beforeHooks": [],
              "afterHooks": [],
              "tests": [
                {
                  "title": "Tests status \n\n\t\t\t\tEndPoint: http://localhost:8921/tmf-api/intentManagement/v5/intent/{intentId}/intentReport/{id}",
                  "fullTitle": "Tests method GET and path /intent/{intentId}/intentReport/{id}  TMF921 Conformance Profile v5.0.0 - API GET Operation Conformance - For IntentReport Resource Tests status \n\n\t\t\t\tEndPoint: http://localhost:8921/tmf-api/intentManagement/v5/intent/{intentId}/intentReport/{id}",
                  "timedOut": null,
                  "duration": 32,
                  "state": "passed",
                  "speed": "fast",
                  "pass": true,
                  "fail": false,
                  "pending": false,
                  "context": null,
                  "code": "cy.validateStatus(response.status, statusCodes);",
                  "err": {},
                  "uuid": "d53c967d-04e7-4cb8-b901-d4a12fdc2c4c",
                  "parentUUID": "61cb7e72-2966-4d41-949c-2b9cbef9d55f",
                  "isHook": false,
                  "skipped": false
                },
                {
                  "title": "Test schema \n\n\t\t\t\t\tEndPoint: http://localhost:8921/tmf-api/intentManagement/v5/intent/{intentId}/intentReport/{id}",
                  "fullTitle": "Tests method GET and path /intent/{intentId}/intentReport/{id}  TMF921 Conformance Profile v5.0.0 - API GET Operation Conformance - For IntentReport Resource Test schema \n\n\t\t\t\t\tEndPoint: http://localhost:8921/tmf-api/intentManagement/v5/intent/{intentId}/intentReport/{id}",
                  "timedOut": null,
                  "duration": 83,
                  "state": "passed",
                  "speed": "fast",
                  "pass": true,
                  "fail": false,
                  "pending": false,
                  "context": null,
                  "code": "if (Array.isArray(response.body)) {\n  response.body.forEach(instance => {\n    cy.validateSchema(instance, yamlOas, schemaRef);\n  });\n} else {\n  cy.validateSchema(response.body, yamlOas, schemaRef);\n}",
                  "err": {},
                  "uuid": "d8b891dc-7a90-4b62-9569-d31929fb7f74",
                  "parentUUID": "61cb7e72-2966-4d41-949c-2b9cbef9d55f",
                  "isHook": false,
                  "skipped": false
                },
                {
                  "title": "Each attribute Test \n\n\t\t\t\t\tEndPoint: http://localhost:8921/tmf-api/intentManagement/v5/intent/{intentId}/intentReport/{id}",
                  "fullTitle": "Tests method GET and path /intent/{intentId}/intentReport/{id}  TMF921 Conformance Profile v5.0.0 - API GET Operation Conformance - For IntentReport Resource Each attribute Test \n\n\t\t\t\t\tEndPoint: http://localhost:8921/tmf-api/intentManagement/v5/intent/{intentId}/intentReport/{id}",
                  "timedOut": null,
                  "duration": 23,
                  "state": "failed",
                  "speed": null,
                  "pass": false,
                  "fail": true,
                  "pending": false,
                  "context": null,
                  "code": "if (Array.isArray(response.body)) {\n  response.body.forEach(instance => {\n    if (instance.id == Cypress.env('id')) {\n      cy.log('Array if', mandatoryKeys);\n      cy.log(path, query);\n      validateMandatoryAttr(instance, mandatoryKeys);\n    }\n    // else {\n    // \tcy.log('Array else', mandatoryKeys);\n    // \tcy.log(path, query);\n    // \tvalidateMandatoryAttr(instance, mandatoryKeys);\n    // }\n  });\n} else {\n  cy.log('No Array');\n  cy.log(path, query);\n  validateMandatoryAttr(response.body, mandatoryKeys);\n}",
                  "err": {
                    "message": "AssertionError: expected '/tmf-api/intentManagement/v5/intent/1/intentReport/1' to equal undefined",
                    "estack": "AssertionError: expected '/tmf-api/intentManagement/v5/intent/1/intentReport/1' to equal undefined\n    at eval (webpack://oas_ctk_gen/./cypress/support/utils/individualizatedTests.js:10:38)\nat Array.forEach (<anonymous>)\n    at validateMandatoryAttr (webpack://oas_ctk_gen/./cypress/support/utils/individualizatedTests.js:4:15)\n    at Context.eval (webpack://oas_ctk_gen/./cypress/e2e/production/ctk.cy.js:112:6)",
                    "diff": null
                  },
                  "uuid": "5d100551-1ef6-4208-83c7-baf8b0441d91",
                  "parentUUID": "61cb7e72-2966-4d41-949c-2b9cbef9d55f",
                  "isHook": false,
                  "skipped": false
                }
              ],
              "suites": [],
              "passes": [
                "d53c967d-04e7-4cb8-b901-d4a12fdc2c4c",
                "d8b891dc-7a90-4b62-9569-d31929fb7f74"
              ],
              "failures": [
                "5d100551-1ef6-4208-83c7-baf8b0441d91"
              ],
              "pending": [],
              "skipped": [],
              "duration": 138,
              "root": false,
              "rootEmpty": false,
              "_timeout": 2000
            }
          ],
          "passes": [],
          "failures": [],
          "pending": [],
          "skipped": [],
          "duration": 0,
          "root": false,
          "rootEmpty": false,
          "_timeout": 2000
        },
        {
          "uuid": "917eb0a2-6980-46a7-ad3e-d799c2aeb5d0",
          "title": "Tests method GET and path /intent/{intentId}/intentReport/{id} and ?fields=creationDate",
          "fullFile": "",
          "file": "",
          "beforeHooks": [],
          "afterHooks": [],
          "tests": [],
          "suites": [
            {
              "uuid": "0a7665f9-7304-4afe-956c-ed0fa93e75d6",
              "title": "TMF921 Conformance Profile v5.0.0 - API GET Operation Conformance - For IntentReport Resource - /{id}?fields=...&{filtering}",
              "fullFile": "",
              "file": "",
              "beforeHooks": [],
              "afterHooks": [],
              "tests": [
                {
                  "title": "Tests status \n\n\t\t\t\tEndPoint: http://localhost:8921/tmf-api/intentManagement/v5/intent/{intentId}/intentReport/{id}",
                  "fullTitle": "Tests method GET and path /intent/{intentId}/intentReport/{id} and ?fields=creationDate TMF921 Conformance Profile v5.0.0 - API GET Operation Conformance - For IntentReport Resource - /{id}?fields=...&{filtering} Tests status \n\n\t\t\t\tEndPoint: http://localhost:8921/tmf-api/intentManagement/v5/intent/{intentId}/intentReport/{id}",
                  "timedOut": null,
                  "duration": 61,
                  "state": "passed",
                  "speed": "fast",
                  "pass": true,
                  "fail": false,
                  "pending": false,
                  "context": null,
                  "code": "cy.validateStatus(response.status, statusCodes);",
                  "err": {},
                  "uuid": "ba6bb78e-e5ed-4504-a41c-632e7604c9f6",
                  "parentUUID": "0a7665f9-7304-4afe-956c-ed0fa93e75d6",
                  "isHook": false,
                  "skipped": false
                },
                {
                  "title": "Test schema \n\n\t\t\t\t\tEndPoint: http://localhost:8921/tmf-api/intentManagement/v5/intent/{intentId}/intentReport/{id}",
                  "fullTitle": "Tests method GET and path /intent/{intentId}/intentReport/{id} and ?fields=creationDate TMF921 Conformance Profile v5.0.0 - API GET Operation Conformance - For IntentReport Resource - /{id}?fields=...&{filtering} Test schema \n\n\t\t\t\t\tEndPoint: http://localhost:8921/tmf-api/intentManagement/v5/intent/{intentId}/intentReport/{id}",
                  "timedOut": null,
                  "duration": 86,
                  "state": "passed",
                  "speed": "fast",
                  "pass": true,
                  "fail": false,
                  "pending": false,
                  "context": null,
                  "code": "if (Array.isArray(response.body)) {\n  response.body.forEach(instance => {\n    cy.validateSchema(instance, yamlOas, schemaRef);\n  });\n} else {\n  cy.validateSchema(response.body, yamlOas, schemaRef);\n}",
                  "err": {},
                  "uuid": "729d7711-81d5-473f-8901-f7d516e504db",
                  "parentUUID": "0a7665f9-7304-4afe-956c-ed0fa93e75d6",
                  "isHook": false,
                  "skipped": false
                },
                {
                  "title": "Each attribute Test \n\n\t\t\t\t\tEndPoint: http://localhost:8921/tmf-api/intentManagement/v5/intent/{intentId}/intentReport/{id}",
                  "fullTitle": "Tests method GET and path /intent/{intentId}/intentReport/{id} and ?fields=creationDate TMF921 Conformance Profile v5.0.0 - API GET Operation Conformance - For IntentReport Resource - /{id}?fields=...&{filtering} Each attribute Test \n\n\t\t\t\t\tEndPoint: http://localhost:8921/tmf-api/intentManagement/v5/intent/{intentId}/intentReport/{id}",
                  "timedOut": null,
                  "duration": 20,
                  "state": "failed",
                  "speed": null,
                  "pass": false,
                  "fail": true,
                  "pending": false,
                  "context": null,
                  "code": "if (Array.isArray(response.body)) {\n  response.body.forEach(instance => {\n    if (instance.id == Cypress.env('id')) {\n      cy.log('Array if', mandatoryKeys);\n      cy.log(path, query);\n      validateMandatoryAttr(instance, mandatoryKeys);\n    }\n    // else {\n    // \tcy.log('Array else', mandatoryKeys);\n    // \tcy.log(path, query);\n    // \tvalidateMandatoryAttr(instance, mandatoryKeys);\n    // }\n  });\n} else {\n  cy.log('No Array');\n  cy.log(path, query);\n  validateMandatoryAttr(response.body, mandatoryKeys);\n}",
                  "err": {
                    "message": "AssertionError: expected '/tmf-api/intentManagement/v5/intent/1/intentReport/1' to equal undefined",
                    "estack": "AssertionError: expected '/tmf-api/intentManagement/v5/intent/1/intentReport/1' to equal undefined\n    at eval (webpack://oas_ctk_gen/./cypress/support/utils/individualizatedTests.js:10:38)\nat Array.forEach (<anonymous>)\n    at validateMandatoryAttr (webpack://oas_ctk_gen/./cypress/support/utils/individualizatedTests.js:4:15)\n    at Context.eval (webpack://oas_ctk_gen/./cypress/e2e/production/ctk.cy.js:112:6)",
                    "diff": null
                  },
                  "uuid": "8c28a4cc-71d3-4706-aad1-1df8ff4e0253",
                  "parentUUID": "0a7665f9-7304-4afe-956c-ed0fa93e75d6",
                  "isHook": false,
                  "skipped": false
                }
              ],
              "suites": [],
              "passes": [
                "ba6bb78e-e5ed-4504-a41c-632e7604c9f6",
                "729d7711-81d5-473f-8901-f7d516e504db"
              ],
              "failures": [
                "8c28a4cc-71d3-4706-aad1-1df8ff4e0253"
              ],
              "pending": [],
              "skipped": [],
              "duration": 167,
              "root": false,
              "rootEmpty": false,
              "_timeout": 2000
            }
          ],
          "passes": [],
          "failures": [],
          "pending": [],
          "skipped": [],
          "duration": 0,
          "root": false,
          "rootEmpty": false,
          "_timeout": 2000
        },
        {
          "uuid": "1cca351a-5aa8-4b4d-b9cb-53dc23541750",
          "title": "Tests method GET and path /intent/{intentId}/intentReport and ?fields=creationDate",
          "fullFile": "",
          "file": "",
          "beforeHooks": [],
          "afterHooks": [],
          "tests": [],
          "suites": [
            {
              "uuid": "ef498982-c1f9-4144-a2be-cbca9e10a119",
              "title": "TMF921 Conformance Profile v5.0.0 - API GET Operation Conformance - For IntentReport Resource - ?fields=...&{filtering}",
              "fullFile": "",
              "file": "",
              "beforeHooks": [],
              "afterHooks": [],
              "tests": [
                {
                  "title": "Tests status \n\n\t\t\t\tEndPoint: http://localhost:8921/tmf-api/intentManagement/v5/intent/{intentId}/intentReport",
                  "fullTitle": "Tests method GET and path /intent/{intentId}/intentReport and ?fields=creationDate TMF921 Conformance Profile v5.0.0 - API GET Operation Conformance - For IntentReport Resource - ?fields=...&{filtering} Tests status \n\n\t\t\t\tEndPoint: http://localhost:8921/tmf-api/intentManagement/v5/intent/{intentId}/intentReport",
                  "timedOut": null,
                  "duration": 29,
                  "state": "passed",
                  "speed": "fast",
                  "pass": true,
                  "fail": false,
                  "pending": false,
                  "context": null,
                  "code": "cy.validateStatus(response.status, statusCodes);",
                  "err": {},
                  "uuid": "03cc310a-c1a8-4199-b71a-9ae66fb0f3f5",
                  "parentUUID": "ef498982-c1f9-4144-a2be-cbca9e10a119",
                  "isHook": false,
                  "skipped": false
                },
                {
                  "title": "Test schema \n\n\t\t\t\t\tEndPoint: http://localhost:8921/tmf-api/intentManagement/v5/intent/{intentId}/intentReport",
                  "fullTitle": "Tests method GET and path /intent/{intentId}/intentReport and ?fields=creationDate TMF921 Conformance Profile v5.0.0 - API GET Operation Conformance - For IntentReport Resource - ?fields=...&{filtering} Test schema \n\n\t\t\t\t\tEndPoint: http://localhost:8921/tmf-api/intentManagement/v5/intent/{intentId}/intentReport",
                  "timedOut": null,
                  "duration": 323,
                  "state": "passed",
                  "speed": "fast",
                  "pass": true,
                  "fail": false,
                  "pending": false,
                  "context": null,
                  "code": "if (Array.isArray(response.body)) {\n  response.body.forEach(instance => {\n    cy.validateSchema(instance, yamlOas, schemaRef);\n  });\n} else {\n  cy.validateSchema(response.body, yamlOas, schemaRef);\n}",
                  "err": {},
                  "uuid": "d7443f34-f6d7-4535-8808-3b47c5443f2a",
                  "parentUUID": "ef498982-c1f9-4144-a2be-cbca9e10a119",
                  "isHook": false,
                  "skipped": false
                },
                {
                  "title": "Each attribute Test \n\n\t\t\t\t\tEndPoint: http://localhost:8921/tmf-api/intentManagement/v5/intent/{intentId}/intentReport",
                  "fullTitle": "Tests method GET and path /intent/{intentId}/intentReport and ?fields=creationDate TMF921 Conformance Profile v5.0.0 - API GET Operation Conformance - For IntentReport Resource - ?fields=...&{filtering} Each attribute Test \n\n\t\t\t\t\tEndPoint: http://localhost:8921/tmf-api/intentManagement/v5/intent/{intentId}/intentReport",
                  "timedOut": null,
                  "duration": 23,
                  "state": "failed",
                  "speed": null,
                  "pass": false,
                  "fail": true,
                  "pending": false,
                  "context": null,
                  "code": "if (Array.isArray(response.body)) {\n  response.body.forEach(instance => {\n    if (instance.id == Cypress.env('id')) {\n      cy.log('Array if', mandatoryKeys);\n      cy.log(path, query);\n      validateMandatoryAttr(instance, mandatoryKeys);\n    }\n    // else {\n    // \tcy.log('Array else', mandatoryKeys);\n    // \tcy.log(path, query);\n    // \tvalidateMandatoryAttr(instance, mandatoryKeys);\n    // }\n  });\n} else {\n  cy.log('No Array');\n  cy.log(path, query);\n  validateMandatoryAttr(response.body, mandatoryKeys);\n}",
                  "err": {
                    "message": "AssertionError: expected '/tmf-api/intentManagement/v5/intent/1/intentReport/1' to equal undefined",
                    "estack": "AssertionError: expected '/tmf-api/intentManagement/v5/intent/1/intentReport/1' to equal undefined\n    at eval (webpack://oas_ctk_gen/./cypress/support/utils/individualizatedTests.js:10:38)\nat Array.forEach (<anonymous>)\n    at validateMandatoryAttr (webpack://oas_ctk_gen/./cypress/support/utils/individualizatedTests.js:4:15)\n    at eval (webpack://oas_ctk_gen/./cypress/e2e/production/ctk.cy.js:98:8)\n    at Context.eval (webpack://oas_ctk_gen/./cypress/e2e/production/ctk.cy.js:94:20)",
                    "diff": null
                  },
                  "uuid": "2728911a-890e-4542-9ee8-b367e497f721",
                  "parentUUID": "ef498982-c1f9-4144-a2be-cbca9e10a119",
                  "isHook": false,
                  "skipped": false
                }
              ],
              "suites": [],
              "passes": [
                "03cc310a-c1a8-4199-b71a-9ae66fb0f3f5",
                "d7443f34-f6d7-4535-8808-3b47c5443f2a"
              ],
              "failures": [
                "2728911a-890e-4542-9ee8-b367e497f721"
              ],
              "pending": [],
              "skipped": [],
              "duration": 375,
              "root": false,
              "rootEmpty": false,
              "_timeout": 2000
            }
          ],
          "passes": [],
          "failures": [],
          "pending": [],
          "skipped": [],
          "duration": 0,
          "root": false,
          "rootEmpty": false,
          "_timeout": 2000
        },
        {
          "uuid": "a1221607-6f34-4348-84e3-0fcedb536d06",
          "title": "Tests method GET and path /intent/{intentId}/intentReport and ?creationDate={creationDate}",
          "fullFile": "",
          "file": "",
          "beforeHooks": [],
          "afterHooks": [],
          "tests": [],
          "suites": [
            {
              "uuid": "6973e3b7-beca-4598-8c41-f318caf75ced",
              "title": "TMF921 Conformance Profile v5.0.0 - API GET Operation Conformance - For IntentReport Resource - and Filtering creationDate=",
              "fullFile": "",
              "file": "",
              "beforeHooks": [],
              "afterHooks": [],
              "tests": [
                {
                  "title": "Tests status \n\n\t\t\t\tEndPoint: http://localhost:8921/tmf-api/intentManagement/v5/intent/{intentId}/intentReport",
                  "fullTitle": "Tests method GET and path /intent/{intentId}/intentReport and ?creationDate={creationDate} TMF921 Conformance Profile v5.0.0 - API GET Operation Conformance - For IntentReport Resource - and Filtering creationDate= Tests status \n\n\t\t\t\tEndPoint: http://localhost:8921/tmf-api/intentManagement/v5/intent/{intentId}/intentReport",
                  "timedOut": null,
                  "duration": 28,
                  "state": "passed",
                  "speed": "fast",
                  "pass": true,
                  "fail": false,
                  "pending": false,
                  "context": null,
                  "code": "cy.validateStatus(response.status, statusCodes);",
                  "err": {},
                  "uuid": "74d7bda4-be41-4d92-84ca-226c600ec31a",
                  "parentUUID": "6973e3b7-beca-4598-8c41-f318caf75ced",
                  "isHook": false,
                  "skipped": false
                },
                {
                  "title": "Test schema \n\n\t\t\t\t\tEndPoint: http://localhost:8921/tmf-api/intentManagement/v5/intent/{intentId}/intentReport",
                  "fullTitle": "Tests method GET and path /intent/{intentId}/intentReport and ?creationDate={creationDate} TMF921 Conformance Profile v5.0.0 - API GET Operation Conformance - For IntentReport Resource - and Filtering creationDate= Test schema \n\n\t\t\t\t\tEndPoint: http://localhost:8921/tmf-api/intentManagement/v5/intent/{intentId}/intentReport",
                  "timedOut": null,
                  "duration": 293,
                  "state": "passed",
                  "speed": "fast",
                  "pass": true,
                  "fail": false,
                  "pending": false,
                  "context": null,
                  "code": "if (Array.isArray(response.body)) {\n  response.body.forEach(instance => {\n    cy.validateSchema(instance, yamlOas, schemaRef);\n  });\n} else {\n  cy.validateSchema(response.body, yamlOas, schemaRef);\n}",
                  "err": {},
                  "uuid": "ad67f8fa-e76b-464b-8c88-494fa90e9a71",
                  "parentUUID": "6973e3b7-beca-4598-8c41-f318caf75ced",
                  "isHook": false,
                  "skipped": false
                },
                {
                  "title": "Each attribute Test \n\n\t\t\t\t\tEndPoint: http://localhost:8921/tmf-api/intentManagement/v5/intent/{intentId}/intentReport",
                  "fullTitle": "Tests method GET and path /intent/{intentId}/intentReport and ?creationDate={creationDate} TMF921 Conformance Profile v5.0.0 - API GET Operation Conformance - For IntentReport Resource - and Filtering creationDate= Each attribute Test \n\n\t\t\t\t\tEndPoint: http://localhost:8921/tmf-api/intentManagement/v5/intent/{intentId}/intentReport",
                  "timedOut": null,
                  "duration": 22,
                  "state": "failed",
                  "speed": null,
                  "pass": false,
                  "fail": true,
                  "pending": false,
                  "context": null,
                  "code": "if (Array.isArray(response.body)) {\n  response.body.forEach(instance => {\n    if (instance.id == Cypress.env('id')) {\n      cy.log('Array if', mandatoryKeys);\n      cy.log(path, query);\n      validateMandatoryAttr(instance, mandatoryKeys);\n    }\n    // else {\n    // \tcy.log('Array else', mandatoryKeys);\n    // \tcy.log(path, query);\n    // \tvalidateMandatoryAttr(instance, mandatoryKeys);\n    // }\n  });\n} else {\n  cy.log('No Array');\n  cy.log(path, query);\n  validateMandatoryAttr(response.body, mandatoryKeys);\n}",
                  "err": {
                    "message": "AssertionError: expected '/tmf-api/intentManagement/v5/intent/1/intentReport/1' to equal undefined",
                    "estack": "AssertionError: expected '/tmf-api/intentManagement/v5/intent/1/intentReport/1' to equal undefined\n    at eval (webpack://oas_ctk_gen/./cypress/support/utils/individualizatedTests.js:10:38)\nat Array.forEach (<anonymous>)\n    at validateMandatoryAttr (webpack://oas_ctk_gen/./cypress/support/utils/individualizatedTests.js:4:15)\n    at eval (webpack://oas_ctk_gen/./cypress/e2e/production/ctk.cy.js:98:8)\n    at Context.eval (webpack://oas_ctk_gen/./cypress/e2e/production/ctk.cy.js:94:20)",
                    "diff": null
                  },
                  "uuid": "278297da-442a-4dec-898f-cf5a67846592",
                  "parentUUID": "6973e3b7-beca-4598-8c41-f318caf75ced",
                  "isHook": false,
                  "skipped": false
                }
              ],
              "suites": [],
              "passes": [
                "74d7bda4-be41-4d92-84ca-226c600ec31a",
                "ad67f8fa-e76b-464b-8c88-494fa90e9a71"
              ],
              "failures": [
                "278297da-442a-4dec-898f-cf5a67846592"
              ],
              "pending": [],
              "skipped": [],
              "duration": 343,
              "root": false,
              "rootEmpty": false,
              "_timeout": 2000
            }
          ],
          "passes": [],
          "failures": [],
          "pending": [],
          "skipped": [],
          "duration": 0,
          "root": false,
          "rootEmpty": false,
          "_timeout": 2000
        },
        {
          "uuid": "a6fbfcd1-e612-4b3c-b659-1ec3c647e4f1",
          "title": "Tests method GET and path /intent/{intentId}/intentReport/{id} and ?fields=expression",
          "fullFile": "",
          "file": "",
          "beforeHooks": [],
          "afterHooks": [],
          "tests": [],
          "suites": [
            {
              "uuid": "cab7a59b-6ed8-49cc-82e7-a55be14bf584",
              "title": "TMF921 Conformance Profile v5.0.0 - API GET Operation Conformance - For IntentReport Resource - /{id}?fields=...&{filtering}",
              "fullFile": "",
              "file": "",
              "beforeHooks": [],
              "afterHooks": [],
              "tests": [
                {
                  "title": "Tests status \n\n\t\t\t\tEndPoint: http://localhost:8921/tmf-api/intentManagement/v5/intent/{intentId}/intentReport/{id}",
                  "fullTitle": "Tests method GET and path /intent/{intentId}/intentReport/{id} and ?fields=expression TMF921 Conformance Profile v5.0.0 - API GET Operation Conformance - For IntentReport Resource - /{id}?fields=...&{filtering} Tests status \n\n\t\t\t\tEndPoint: http://localhost:8921/tmf-api/intentManagement/v5/intent/{intentId}/intentReport/{id}",
                  "timedOut": null,
                  "duration": 41,
                  "state": "passed",
                  "speed": "fast",
                  "pass": true,
                  "fail": false,
                  "pending": false,
                  "context": null,
                  "code": "cy.validateStatus(response.status, statusCodes);",
                  "err": {},
                  "uuid": "9812b8a6-2add-495b-87bf-2424feaf2013",
                  "parentUUID": "cab7a59b-6ed8-49cc-82e7-a55be14bf584",
                  "isHook": false,
                  "skipped": false
                },
                {
                  "title": "Test schema \n\n\t\t\t\t\tEndPoint: http://localhost:8921/tmf-api/intentManagement/v5/intent/{intentId}/intentReport/{id}",
                  "fullTitle": "Tests method GET and path /intent/{intentId}/intentReport/{id} and ?fields=expression TMF921 Conformance Profile v5.0.0 - API GET Operation Conformance - For IntentReport Resource - /{id}?fields=...&{filtering} Test schema \n\n\t\t\t\t\tEndPoint: http://localhost:8921/tmf-api/intentManagement/v5/intent/{intentId}/intentReport/{id}",
                  "timedOut": null,
                  "duration": 86,
                  "state": "passed",
                  "speed": "fast",
                  "pass": true,
                  "fail": false,
                  "pending": false,
                  "context": null,
                  "code": "if (Array.isArray(response.body)) {\n  response.body.forEach(instance => {\n    cy.validateSchema(instance, yamlOas, schemaRef);\n  });\n} else {\n  cy.validateSchema(response.body, yamlOas, schemaRef);\n}",
                  "err": {},
                  "uuid": "71b4ce85-c9c3-4a45-bf14-19ad761b0840",
                  "parentUUID": "cab7a59b-6ed8-49cc-82e7-a55be14bf584",
                  "isHook": false,
                  "skipped": false
                },
                {
                  "title": "Each attribute Test \n\n\t\t\t\t\tEndPoint: http://localhost:8921/tmf-api/intentManagement/v5/intent/{intentId}/intentReport/{id}",
                  "fullTitle": "Tests method GET and path /intent/{intentId}/intentReport/{id} and ?fields=expression TMF921 Conformance Profile v5.0.0 - API GET Operation Conformance - For IntentReport Resource - /{id}?fields=...&{filtering} Each attribute Test \n\n\t\t\t\t\tEndPoint: http://localhost:8921/tmf-api/intentManagement/v5/intent/{intentId}/intentReport/{id}",
                  "timedOut": null,
                  "duration": 24,
                  "state": "failed",
                  "speed": null,
                  "pass": false,
                  "fail": true,
                  "pending": false,
                  "context": null,
                  "code": "if (Array.isArray(response.body)) {\n  response.body.forEach(instance => {\n    if (instance.id == Cypress.env('id')) {\n      cy.log('Array if', mandatoryKeys);\n      cy.log(path, query);\n      validateMandatoryAttr(instance, mandatoryKeys);\n    }\n    // else {\n    // \tcy.log('Array else', mandatoryKeys);\n    // \tcy.log(path, query);\n    // \tvalidateMandatoryAttr(instance, mandatoryKeys);\n    // }\n  });\n} else {\n  cy.log('No Array');\n  cy.log(path, query);\n  validateMandatoryAttr(response.body, mandatoryKeys);\n}",
                  "err": {
                    "message": "AssertionError: expected '/tmf-api/intentManagement/v5/intent/1/intentReport/1' to equal undefined",
                    "estack": "AssertionError: expected '/tmf-api/intentManagement/v5/intent/1/intentReport/1' to equal undefined\n    at eval (webpack://oas_ctk_gen/./cypress/support/utils/individualizatedTests.js:10:38)\nat Array.forEach (<anonymous>)\n    at validateMandatoryAttr (webpack://oas_ctk_gen/./cypress/support/utils/individualizatedTests.js:4:15)\n    at Context.eval (webpack://oas_ctk_gen/./cypress/e2e/production/ctk.cy.js:112:6)",
                    "diff": null
                  },
                  "uuid": "a47537f1-d253-4e88-8d1b-b0bdec0d178d",
                  "parentUUID": "cab7a59b-6ed8-49cc-82e7-a55be14bf584",
                  "isHook": false,
                  "skipped": false
                }
              ],
              "suites": [],
              "passes": [
                "9812b8a6-2add-495b-87bf-2424feaf2013",
                "71b4ce85-c9c3-4a45-bf14-19ad761b0840"
              ],
              "failures": [
                "a47537f1-d253-4e88-8d1b-b0bdec0d178d"
              ],
              "pending": [],
              "skipped": [],
              "duration": 151,
              "root": false,
              "rootEmpty": false,
              "_timeout": 2000
            }
          ],
          "passes": [],
          "failures": [],
          "pending": [],
          "skipped": [],
          "duration": 0,
          "root": false,
          "rootEmpty": false,
          "_timeout": 2000
        },
        {
          "uuid": "775ae778-ef6f-4219-a88d-780843543d74",
          "title": "Tests method GET and path /intent/{intentId}/intentReport and ?fields=expression",
          "fullFile": "",
          "file": "",
          "beforeHooks": [],
          "afterHooks": [],
          "tests": [],
          "suites": [
            {
              "uuid": "f94ece90-8aa0-4bc9-9abf-6206f23897c6",
              "title": "TMF921 Conformance Profile v5.0.0 - API GET Operation Conformance - For IntentReport Resource - ?fields=...&{filtering}",
              "fullFile": "",
              "file": "",
              "beforeHooks": [],
              "afterHooks": [],
              "tests": [
                {
                  "title": "Tests status \n\n\t\t\t\tEndPoint: http://localhost:8921/tmf-api/intentManagement/v5/intent/{intentId}/intentReport",
                  "fullTitle": "Tests method GET and path /intent/{intentId}/intentReport and ?fields=expression TMF921 Conformance Profile v5.0.0 - API GET Operation Conformance - For IntentReport Resource - ?fields=...&{filtering} Tests status \n\n\t\t\t\tEndPoint: http://localhost:8921/tmf-api/intentManagement/v5/intent/{intentId}/intentReport",
                  "timedOut": null,
                  "duration": 28,
                  "state": "passed",
                  "speed": "fast",
                  "pass": true,
                  "fail": false,
                  "pending": false,
                  "context": null,
                  "code": "cy.validateStatus(response.status, statusCodes);",
                  "err": {},
                  "uuid": "0a96cee9-5dc1-4b21-9261-ac27a0b5f397",
                  "parentUUID": "f94ece90-8aa0-4bc9-9abf-6206f23897c6",
                  "isHook": false,
                  "skipped": false
                },
                {
                  "title": "Test schema \n\n\t\t\t\t\tEndPoint: http://localhost:8921/tmf-api/intentManagement/v5/intent/{intentId}/intentReport",
                  "fullTitle": "Tests method GET and path /intent/{intentId}/intentReport and ?fields=expression TMF921 Conformance Profile v5.0.0 - API GET Operation Conformance - For IntentReport Resource - ?fields=...&{filtering} Test schema \n\n\t\t\t\t\tEndPoint: http://localhost:8921/tmf-api/intentManagement/v5/intent/{intentId}/intentReport",
                  "timedOut": null,
                  "duration": 286,
                  "state": "passed",
                  "speed": "fast",
                  "pass": true,
                  "fail": false,
                  "pending": false,
                  "context": null,
                  "code": "if (Array.isArray(response.body)) {\n  response.body.forEach(instance => {\n    cy.validateSchema(instance, yamlOas, schemaRef);\n  });\n} else {\n  cy.validateSchema(response.body, yamlOas, schemaRef);\n}",
                  "err": {},
                  "uuid": "448ef936-64bf-49c1-b5da-6203befeb628",
                  "parentUUID": "f94ece90-8aa0-4bc9-9abf-6206f23897c6",
                  "isHook": false,
                  "skipped": false
                },
                {
                  "title": "Each attribute Test \n\n\t\t\t\t\tEndPoint: http://localhost:8921/tmf-api/intentManagement/v5/intent/{intentId}/intentReport",
                  "fullTitle": "Tests method GET and path /intent/{intentId}/intentReport and ?fields=expression TMF921 Conformance Profile v5.0.0 - API GET Operation Conformance - For IntentReport Resource - ?fields=...&{filtering} Each attribute Test \n\n\t\t\t\t\tEndPoint: http://localhost:8921/tmf-api/intentManagement/v5/intent/{intentId}/intentReport",
                  "timedOut": null,
                  "duration": 22,
                  "state": "failed",
                  "speed": null,
                  "pass": false,
                  "fail": true,
                  "pending": false,
                  "context": null,
                  "code": "if (Array.isArray(response.body)) {\n  response.body.forEach(instance => {\n    if (instance.id == Cypress.env('id')) {\n      cy.log('Array if', mandatoryKeys);\n      cy.log(path, query);\n      validateMandatoryAttr(instance, mandatoryKeys);\n    }\n    // else {\n    // \tcy.log('Array else', mandatoryKeys);\n    // \tcy.log(path, query);\n    // \tvalidateMandatoryAttr(instance, mandatoryKeys);\n    // }\n  });\n} else {\n  cy.log('No Array');\n  cy.log(path, query);\n  validateMandatoryAttr(response.body, mandatoryKeys);\n}",
                  "err": {
                    "message": "AssertionError: expected '/tmf-api/intentManagement/v5/intent/1/intentReport/1' to equal undefined",
                    "estack": "AssertionError: expected '/tmf-api/intentManagement/v5/intent/1/intentReport/1' to equal undefined\n    at eval (webpack://oas_ctk_gen/./cypress/support/utils/individualizatedTests.js:10:38)\nat Array.forEach (<anonymous>)\n    at validateMandatoryAttr (webpack://oas_ctk_gen/./cypress/support/utils/individualizatedTests.js:4:15)\n    at eval (webpack://oas_ctk_gen/./cypress/e2e/production/ctk.cy.js:98:8)\n    at Context.eval (webpack://oas_ctk_gen/./cypress/e2e/production/ctk.cy.js:94:20)",
                    "diff": null
                  },
                  "uuid": "684451e1-c5bc-4e43-80c6-c93badf86029",
                  "parentUUID": "f94ece90-8aa0-4bc9-9abf-6206f23897c6",
                  "isHook": false,
                  "skipped": false
                }
              ],
              "suites": [],
              "passes": [
                "0a96cee9-5dc1-4b21-9261-ac27a0b5f397",
                "448ef936-64bf-49c1-b5da-6203befeb628"
              ],
              "failures": [
                "684451e1-c5bc-4e43-80c6-c93badf86029"
              ],
              "pending": [],
              "skipped": [],
              "duration": 336,
              "root": false,
              "rootEmpty": false,
              "_timeout": 2000
            }
          ],
          "passes": [],
          "failures": [],
          "pending": [],
          "skipped": [],
          "duration": 0,
          "root": false,
          "rootEmpty": false,
          "_timeout": 2000
        },
        {
          "uuid": "656ba9dd-eae4-449d-bdd9-71fff0ddd3be",
          "title": "Tests method GET and path /intent/{intentId}/intentReport/{id} and ?fields=name",
          "fullFile": "",
          "file": "",
          "beforeHooks": [],
          "afterHooks": [],
          "tests": [],
          "suites": [
            {
              "uuid": "7807d904-57b1-468b-86b5-7e8baff01246",
              "title": "TMF921 Conformance Profile v5.0.0 - API GET Operation Conformance - For IntentReport Resource - /{id}?fields=...&{filtering}",
              "fullFile": "",
              "file": "",
              "beforeHooks": [],
              "afterHooks": [],
              "tests": [
                {
                  "title": "Tests status \n\n\t\t\t\tEndPoint: http://localhost:8921/tmf-api/intentManagement/v5/intent/{intentId}/intentReport/{id}",
                  "fullTitle": "Tests method GET and path /intent/{intentId}/intentReport/{id} and ?fields=name TMF921 Conformance Profile v5.0.0 - API GET Operation Conformance - For IntentReport Resource - /{id}?fields=...&{filtering} Tests status \n\n\t\t\t\tEndPoint: http://localhost:8921/tmf-api/intentManagement/v5/intent/{intentId}/intentReport/{id}",
                  "timedOut": null,
                  "duration": 27,
                  "state": "passed",
                  "speed": "fast",
                  "pass": true,
                  "fail": false,
                  "pending": false,
                  "context": null,
                  "code": "cy.validateStatus(response.status, statusCodes);",
                  "err": {},
                  "uuid": "c4b7b28d-4392-4bb3-8d17-2d390f0f8ce1",
                  "parentUUID": "7807d904-57b1-468b-86b5-7e8baff01246",
                  "isHook": false,
                  "skipped": false
                },
                {
                  "title": "Test schema \n\n\t\t\t\t\tEndPoint: http://localhost:8921/tmf-api/intentManagement/v5/intent/{intentId}/intentReport/{id}",
                  "fullTitle": "Tests method GET and path /intent/{intentId}/intentReport/{id} and ?fields=name TMF921 Conformance Profile v5.0.0 - API GET Operation Conformance - For IntentReport Resource - /{id}?fields=...&{filtering} Test schema \n\n\t\t\t\t\tEndPoint: http://localhost:8921/tmf-api/intentManagement/v5/intent/{intentId}/intentReport/{id}",
                  "timedOut": null,
                  "duration": 86,
                  "state": "passed",
                  "speed": "fast",
                  "pass": true,
                  "fail": false,
                  "pending": false,
                  "context": null,
                  "code": "if (Array.isArray(response.body)) {\n  response.body.forEach(instance => {\n    cy.validateSchema(instance, yamlOas, schemaRef);\n  });\n} else {\n  cy.validateSchema(response.body, yamlOas, schemaRef);\n}",
                  "err": {},
                  "uuid": "17171421-9c6c-42db-b7c3-9524299dddce",
                  "parentUUID": "7807d904-57b1-468b-86b5-7e8baff01246",
                  "isHook": false,
                  "skipped": false
                },
                {
                  "title": "Each attribute Test \n\n\t\t\t\t\tEndPoint: http://localhost:8921/tmf-api/intentManagement/v5/intent/{intentId}/intentReport/{id}",
                  "fullTitle": "Tests method GET and path /intent/{intentId}/intentReport/{id} and ?fields=name TMF921 Conformance Profile v5.0.0 - API GET Operation Conformance - For IntentReport Resource - /{id}?fields=...&{filtering} Each attribute Test \n\n\t\t\t\t\tEndPoint: http://localhost:8921/tmf-api/intentManagement/v5/intent/{intentId}/intentReport/{id}",
                  "timedOut": null,
                  "duration": 22,
                  "state": "failed",
                  "speed": null,
                  "pass": false,
                  "fail": true,
                  "pending": false,
                  "context": null,
                  "code": "if (Array.isArray(response.body)) {\n  response.body.forEach(instance => {\n    if (instance.id == Cypress.env('id')) {\n      cy.log('Array if', mandatoryKeys);\n      cy.log(path, query);\n      validateMandatoryAttr(instance, mandatoryKeys);\n    }\n    // else {\n    // \tcy.log('Array else', mandatoryKeys);\n    // \tcy.log(path, query);\n    // \tvalidateMandatoryAttr(instance, mandatoryKeys);\n    // }\n  });\n} else {\n  cy.log('No Array');\n  cy.log(path, query);\n  validateMandatoryAttr(response.body, mandatoryKeys);\n}",
                  "err": {
                    "message": "AssertionError: expected '/tmf-api/intentManagement/v5/intent/1/intentReport/1' to equal undefined",
                    "estack": "AssertionError: expected '/tmf-api/intentManagement/v5/intent/1/intentReport/1' to equal undefined\n    at eval (webpack://oas_ctk_gen/./cypress/support/utils/individualizatedTests.js:10:38)\nat Array.forEach (<anonymous>)\n    at validateMandatoryAttr (webpack://oas_ctk_gen/./cypress/support/utils/individualizatedTests.js:4:15)\n    at Context.eval (webpack://oas_ctk_gen/./cypress/e2e/production/ctk.cy.js:112:6)",
                    "diff": null
                  },
                  "uuid": "31ae501d-5b18-46dd-9b42-32acf525a528",
                  "parentUUID": "7807d904-57b1-468b-86b5-7e8baff01246",
                  "isHook": false,
                  "skipped": false
                }
              ],
              "suites": [],
              "passes": [
                "c4b7b28d-4392-4bb3-8d17-2d390f0f8ce1",
                "17171421-9c6c-42db-b7c3-9524299dddce"
              ],
              "failures": [
                "31ae501d-5b18-46dd-9b42-32acf525a528"
              ],
              "pending": [],
              "skipped": [],
              "duration": 135,
              "root": false,
              "rootEmpty": false,
              "_timeout": 2000
            }
          ],
          "passes": [],
          "failures": [],
          "pending": [],
          "skipped": [],
          "duration": 0,
          "root": false,
          "rootEmpty": false,
          "_timeout": 2000
        },
        {
          "uuid": "a312092b-3c1f-4b58-beb4-cf3b886a0b8d",
          "title": "Tests method GET and path /intent/{intentId}/intentReport and ?fields=name",
          "fullFile": "",
          "file": "",
          "beforeHooks": [],
          "afterHooks": [],
          "tests": [],
          "suites": [
            {
              "uuid": "d89b704c-dc23-4a5c-9b7c-dfad40e0215d",
              "title": "TMF921 Conformance Profile v5.0.0 - API GET Operation Conformance - For IntentReport Resource - ?fields=...&{filtering}",
              "fullFile": "",
              "file": "",
              "beforeHooks": [],
              "afterHooks": [],
              "tests": [
                {
                  "title": "Tests status \n\n\t\t\t\tEndPoint: http://localhost:8921/tmf-api/intentManagement/v5/intent/{intentId}/intentReport",
                  "fullTitle": "Tests method GET and path /intent/{intentId}/intentReport and ?fields=name TMF921 Conformance Profile v5.0.0 - API GET Operation Conformance - For IntentReport Resource - ?fields=...&{filtering} Tests status \n\n\t\t\t\tEndPoint: http://localhost:8921/tmf-api/intentManagement/v5/intent/{intentId}/intentReport",
                  "timedOut": null,
                  "duration": 60,
                  "state": "passed",
                  "speed": "fast",
                  "pass": true,
                  "fail": false,
                  "pending": false,
                  "context": null,
                  "code": "cy.validateStatus(response.status, statusCodes);",
                  "err": {},
                  "uuid": "c8768405-6169-49c9-afd4-8990f0976dfe",
                  "parentUUID": "d89b704c-dc23-4a5c-9b7c-dfad40e0215d",
                  "isHook": false,
                  "skipped": false
                },
                {
                  "title": "Test schema \n\n\t\t\t\t\tEndPoint: http://localhost:8921/tmf-api/intentManagement/v5/intent/{intentId}/intentReport",
                  "fullTitle": "Tests method GET and path /intent/{intentId}/intentReport and ?fields=name TMF921 Conformance Profile v5.0.0 - API GET Operation Conformance - For IntentReport Resource - ?fields=...&{filtering} Test schema \n\n\t\t\t\t\tEndPoint: http://localhost:8921/tmf-api/intentManagement/v5/intent/{intentId}/intentReport",
                  "timedOut": null,
                  "duration": 297,
                  "state": "passed",
                  "speed": "fast",
                  "pass": true,
                  "fail": false,
                  "pending": false,
                  "context": null,
                  "code": "if (Array.isArray(response.body)) {\n  response.body.forEach(instance => {\n    cy.validateSchema(instance, yamlOas, schemaRef);\n  });\n} else {\n  cy.validateSchema(response.body, yamlOas, schemaRef);\n}",
                  "err": {},
                  "uuid": "bd9b9f2d-8fd2-449c-a490-4d8011e956de",
                  "parentUUID": "d89b704c-dc23-4a5c-9b7c-dfad40e0215d",
                  "isHook": false,
                  "skipped": false
                },
                {
                  "title": "Each attribute Test \n\n\t\t\t\t\tEndPoint: http://localhost:8921/tmf-api/intentManagement/v5/intent/{intentId}/intentReport",
                  "fullTitle": "Tests method GET and path /intent/{intentId}/intentReport and ?fields=name TMF921 Conformance Profile v5.0.0 - API GET Operation Conformance - For IntentReport Resource - ?fields=...&{filtering} Each attribute Test \n\n\t\t\t\t\tEndPoint: http://localhost:8921/tmf-api/intentManagement/v5/intent/{intentId}/intentReport",
                  "timedOut": null,
                  "duration": 23,
                  "state": "failed",
                  "speed": null,
                  "pass": false,
                  "fail": true,
                  "pending": false,
                  "context": null,
                  "code": "if (Array.isArray(response.body)) {\n  response.body.forEach(instance => {\n    if (instance.id == Cypress.env('id')) {\n      cy.log('Array if', mandatoryKeys);\n      cy.log(path, query);\n      validateMandatoryAttr(instance, mandatoryKeys);\n    }\n    // else {\n    // \tcy.log('Array else', mandatoryKeys);\n    // \tcy.log(path, query);\n    // \tvalidateMandatoryAttr(instance, mandatoryKeys);\n    // }\n  });\n} else {\n  cy.log('No Array');\n  cy.log(path, query);\n  validateMandatoryAttr(response.body, mandatoryKeys);\n}",
                  "err": {
                    "message": "AssertionError: expected '/tmf-api/intentManagement/v5/intent/1/intentReport/1' to equal undefined",
                    "estack": "AssertionError: expected '/tmf-api/intentManagement/v5/intent/1/intentReport/1' to equal undefined\n    at eval (webpack://oas_ctk_gen/./cypress/support/utils/individualizatedTests.js:10:38)\nat Array.forEach (<anonymous>)\n    at validateMandatoryAttr (webpack://oas_ctk_gen/./cypress/support/utils/individualizatedTests.js:4:15)\n    at eval (webpack://oas_ctk_gen/./cypress/e2e/production/ctk.cy.js:98:8)\n    at Context.eval (webpack://oas_ctk_gen/./cypress/e2e/production/ctk.cy.js:94:20)",
                    "diff": null
                  },
                  "uuid": "0881d7a4-bc66-4cba-b426-6dac1d2877a1",
                  "parentUUID": "d89b704c-dc23-4a5c-9b7c-dfad40e0215d",
                  "isHook": false,
                  "skipped": false
                }
              ],
              "suites": [],
              "passes": [
                "c8768405-6169-49c9-afd4-8990f0976dfe",
                "bd9b9f2d-8fd2-449c-a490-4d8011e956de"
              ],
              "failures": [
                "0881d7a4-bc66-4cba-b426-6dac1d2877a1"
              ],
              "pending": [],
              "skipped": [],
              "duration": 380,
              "root": false,
              "rootEmpty": false,
              "_timeout": 2000
            }
          ],
          "passes": [],
          "failures": [],
          "pending": [],
          "skipped": [],
          "duration": 0,
          "root": false,
          "rootEmpty": false,
          "_timeout": 2000
        },
        {
          "uuid": "84119016-77da-489c-a1dc-8f4fee23e960",
          "title": "Tests method GET and path /intent/{intentId}/intentReport and ?name={name}",
          "fullFile": "",
          "file": "",
          "beforeHooks": [],
          "afterHooks": [],
          "tests": [],
          "suites": [
            {
              "uuid": "930a5b08-c633-4083-9c16-82c9d07bbd2d",
              "title": "TMF921 Conformance Profile v5.0.0 - API GET Operation Conformance - For IntentReport Resource - and Filtering name=",
              "fullFile": "",
              "file": "",
              "beforeHooks": [],
              "afterHooks": [],
              "tests": [
                {
                  "title": "Tests status \n\n\t\t\t\tEndPoint: http://localhost:8921/tmf-api/intentManagement/v5/intent/{intentId}/intentReport",
                  "fullTitle": "Tests method GET and path /intent/{intentId}/intentReport and ?name={name} TMF921 Conformance Profile v5.0.0 - API GET Operation Conformance - For IntentReport Resource - and Filtering name= Tests status \n\n\t\t\t\tEndPoint: http://localhost:8921/tmf-api/intentManagement/v5/intent/{intentId}/intentReport",
                  "timedOut": null,
                  "duration": 31,
                  "state": "passed",
                  "speed": "fast",
                  "pass": true,
                  "fail": false,
                  "pending": false,
                  "context": null,
                  "code": "cy.validateStatus(response.status, statusCodes);",
                  "err": {},
                  "uuid": "b7afd0db-fb09-4d36-a2aa-224ea5efdf41",
                  "parentUUID": "930a5b08-c633-4083-9c16-82c9d07bbd2d",
                  "isHook": false,
                  "skipped": false
                },
                {
                  "title": "Test schema \n\n\t\t\t\t\tEndPoint: http://localhost:8921/tmf-api/intentManagement/v5/intent/{intentId}/intentReport",
                  "fullTitle": "Tests method GET and path /intent/{intentId}/intentReport and ?name={name} TMF921 Conformance Profile v5.0.0 - API GET Operation Conformance - For IntentReport Resource - and Filtering name= Test schema \n\n\t\t\t\t\tEndPoint: http://localhost:8921/tmf-api/intentManagement/v5/intent/{intentId}/intentReport",
                  "timedOut": null,
                  "duration": 90,
                  "state": "passed",
                  "speed": "fast",
                  "pass": true,
                  "fail": false,
                  "pending": false,
                  "context": null,
                  "code": "if (Array.isArray(response.body)) {\n  response.body.forEach(instance => {\n    cy.validateSchema(instance, yamlOas, schemaRef);\n  });\n} else {\n  cy.validateSchema(response.body, yamlOas, schemaRef);\n}",
                  "err": {},
                  "uuid": "a8dbe55f-c9e5-458b-9d43-e1a70ecafacc",
                  "parentUUID": "930a5b08-c633-4083-9c16-82c9d07bbd2d",
                  "isHook": false,
                  "skipped": false
                },
                {
                  "title": "Each attribute Test \n\n\t\t\t\t\tEndPoint: http://localhost:8921/tmf-api/intentManagement/v5/intent/{intentId}/intentReport",
                  "fullTitle": "Tests method GET and path /intent/{intentId}/intentReport and ?name={name} TMF921 Conformance Profile v5.0.0 - API GET Operation Conformance - For IntentReport Resource - and Filtering name= Each attribute Test \n\n\t\t\t\t\tEndPoint: http://localhost:8921/tmf-api/intentManagement/v5/intent/{intentId}/intentReport",
                  "timedOut": null,
                  "duration": 23,
                  "state": "failed",
                  "speed": null,
                  "pass": false,
                  "fail": true,
                  "pending": false,
                  "context": null,
                  "code": "if (Array.isArray(response.body)) {\n  response.body.forEach(instance => {\n    if (instance.id == Cypress.env('id')) {\n      cy.log('Array if', mandatoryKeys);\n      cy.log(path, query);\n      validateMandatoryAttr(instance, mandatoryKeys);\n    }\n    // else {\n    // \tcy.log('Array else', mandatoryKeys);\n    // \tcy.log(path, query);\n    // \tvalidateMandatoryAttr(instance, mandatoryKeys);\n    // }\n  });\n} else {\n  cy.log('No Array');\n  cy.log(path, query);\n  validateMandatoryAttr(response.body, mandatoryKeys);\n}",
                  "err": {
                    "message": "AssertionError: expected '/tmf-api/intentManagement/v5/intent/1/intentReport/1' to equal undefined",
                    "estack": "AssertionError: expected '/tmf-api/intentManagement/v5/intent/1/intentReport/1' to equal undefined\n    at eval (webpack://oas_ctk_gen/./cypress/support/utils/individualizatedTests.js:10:38)\nat Array.forEach (<anonymous>)\n    at validateMandatoryAttr (webpack://oas_ctk_gen/./cypress/support/utils/individualizatedTests.js:4:15)\n    at eval (webpack://oas_ctk_gen/./cypress/e2e/production/ctk.cy.js:98:8)\n    at Context.eval (webpack://oas_ctk_gen/./cypress/e2e/production/ctk.cy.js:94:20)",
                    "diff": null
                  },
                  "uuid": "3b812c02-d7b1-4a6f-a98e-124fcb09bd74",
                  "parentUUID": "930a5b08-c633-4083-9c16-82c9d07bbd2d",
                  "isHook": false,
                  "skipped": false
                }
              ],
              "suites": [],
              "passes": [
                "b7afd0db-fb09-4d36-a2aa-224ea5efdf41",
                "a8dbe55f-c9e5-458b-9d43-e1a70ecafacc"
              ],
              "failures": [
                "3b812c02-d7b1-4a6f-a98e-124fcb09bd74"
              ],
              "pending": [],
              "skipped": [],
              "duration": 144,
              "root": false,
              "rootEmpty": false,
              "_timeout": 2000
            }
          ],
          "passes": [],
          "failures": [],
          "pending": [],
          "skipped": [],
          "duration": 0,
          "root": false,
          "rootEmpty": false,
          "_timeout": 2000
        },
        {
          "uuid": "5bc86a0e-6e5c-4555-964d-df13e8bb0b94",
          "title": "Tests method DELETE and path /intent/{intentId}/intentReport/{id} ",
          "fullFile": "",
          "file": "",
          "beforeHooks": [],
          "afterHooks": [],
          "tests": [],
          "suites": [
            {
              "uuid": "5ad38bbc-c578-4e23-b5fc-50499a8010ff",
              "title": "TMF921 Conformance Profile v5.0.0 - API DELETE Operation Conformance - For IntentReport Resource",
              "fullFile": "",
              "file": "",
              "beforeHooks": [],
              "afterHooks": [],
              "tests": [
                {
                  "title": "Tests status \n\n\t\t\t\tEndPoint: http://localhost:8921/tmf-api/intentManagement/v5/intent/{intentId}/intentReport/{id}",
                  "fullTitle": "Tests method DELETE and path /intent/{intentId}/intentReport/{id}  TMF921 Conformance Profile v5.0.0 - API DELETE Operation Conformance - For IntentReport Resource Tests status \n\n\t\t\t\tEndPoint: http://localhost:8921/tmf-api/intentManagement/v5/intent/{intentId}/intentReport/{id}",
                  "timedOut": null,
                  "duration": 78,
                  "state": "passed",
                  "speed": "fast",
                  "pass": true,
                  "fail": false,
                  "pending": false,
                  "context": null,
                  "code": "cy.validateStatus(response.status, statusCodes);",
                  "err": {},
                  "uuid": "7771b08f-cf63-4fbf-8795-e914e5995521",
                  "parentUUID": "5ad38bbc-c578-4e23-b5fc-50499a8010ff",
                  "isHook": false,
                  "skipped": false
                }
              ],
              "suites": [],
              "passes": [
                "7771b08f-cf63-4fbf-8795-e914e5995521"
              ],
              "failures": [],
              "pending": [],
              "skipped": [],
              "duration": 78,
              "root": false,
              "rootEmpty": false,
              "_timeout": 2000
            }
          ],
          "passes": [],
          "failures": [],
          "pending": [],
          "skipped": [],
          "duration": 0,
          "root": false,
          "rootEmpty": false,
          "_timeout": 2000
        },
        {
          "uuid": "2932fa54-0c82-4ac7-b0a4-baf1a24add60",
          "title": "Tests method POST and path /intentSpecification ",
          "fullFile": "",
          "file": "",
          "beforeHooks": [],
          "afterHooks": [],
          "tests": [],
          "suites": [
            {
              "uuid": "2b5dcfeb-fbba-4837-8784-cb4ffb99b09c",
              "title": "TMF921 Conformance Profile v5.0.0 - API POST Operation Conformance - For IntentSpecification Resource",
              "fullFile": "",
              "file": "",
              "beforeHooks": [],
              "afterHooks": [],
              "tests": [
                {
                  "title": "Tests status \n\n\t\t\t\tEndPoint: http://localhost:8921/tmf-api/intentManagement/v5/intentSpecification",
                  "fullTitle": "Tests method POST and path /intentSpecification  TMF921 Conformance Profile v5.0.0 - API POST Operation Conformance - For IntentSpecification Resource Tests status \n\n\t\t\t\tEndPoint: http://localhost:8921/tmf-api/intentManagement/v5/intentSpecification",
                  "timedOut": null,
                  "duration": 103,
                  "state": "passed",
                  "speed": "fast",
                  "pass": true,
                  "fail": false,
                  "pending": false,
                  "context": null,
                  "code": "cy.validateStatus(response.status, statusCodes);",
                  "err": {},
                  "uuid": "6ade15c8-a3b1-4f7d-9182-41e2da9ac457",
                  "parentUUID": "2b5dcfeb-fbba-4837-8784-cb4ffb99b09c",
                  "isHook": false,
                  "skipped": false
                },
                {
                  "title": "Test schema \n\n\t\t\t\t\tEndPoint: http://localhost:8921/tmf-api/intentManagement/v5/intentSpecification",
                  "fullTitle": "Tests method POST and path /intentSpecification  TMF921 Conformance Profile v5.0.0 - API POST Operation Conformance - For IntentSpecification Resource Test schema \n\n\t\t\t\t\tEndPoint: http://localhost:8921/tmf-api/intentManagement/v5/intentSpecification",
                  "timedOut": null,
                  "duration": 90,
                  "state": "passed",
                  "speed": "fast",
                  "pass": true,
                  "fail": false,
                  "pending": false,
                  "context": null,
                  "code": "if (Array.isArray(response.body)) {\n  response.body.forEach(instance => {\n    cy.validateSchema(instance, yamlOas, schemaRef);\n  });\n} else {\n  cy.validateSchema(response.body, yamlOas, schemaRef);\n}",
                  "err": {},
                  "uuid": "2cfd7291-de59-4a57-9a76-5d1aaef8ae16",
                  "parentUUID": "2b5dcfeb-fbba-4837-8784-cb4ffb99b09c",
                  "isHook": false,
                  "skipped": false
                }
              ],
              "suites": [],
              "passes": [
                "6ade15c8-a3b1-4f7d-9182-41e2da9ac457",
                "2cfd7291-de59-4a57-9a76-5d1aaef8ae16"
              ],
              "failures": [],
              "pending": [],
              "skipped": [],
              "duration": 193,
              "root": false,
              "rootEmpty": false,
              "_timeout": 2000
            }
          ],
          "passes": [],
          "failures": [],
          "pending": [],
          "skipped": [],
          "duration": 0,
          "root": false,
          "rootEmpty": false,
          "_timeout": 2000
        },
        {
          "uuid": "8b85df86-18ff-4340-af4d-447e05692959",
          "title": "Tests method GET and path /intentSpecification ",
          "fullFile": "",
          "file": "",
          "beforeHooks": [],
          "afterHooks": [],
          "tests": [],
          "suites": [
            {
              "uuid": "503b4dd7-46d5-43d3-ad14-a111cfed7b35",
              "title": "TMF921 Conformance Profile v5.0.0 - API GET Operation Conformance - For IntentSpecification Resource",
              "fullFile": "",
              "file": "",
              "beforeHooks": [],
              "afterHooks": [],
              "tests": [
                {
                  "title": "Tests status \n\n\t\t\t\tEndPoint: http://localhost:8921/tmf-api/intentManagement/v5/intentSpecification",
                  "fullTitle": "Tests method GET and path /intentSpecification  TMF921 Conformance Profile v5.0.0 - API GET Operation Conformance - For IntentSpecification Resource Tests status \n\n\t\t\t\tEndPoint: http://localhost:8921/tmf-api/intentManagement/v5/intentSpecification",
                  "timedOut": null,
                  "duration": 35,
                  "state": "passed",
                  "speed": "fast",
                  "pass": true,
                  "fail": false,
                  "pending": false,
                  "context": null,
                  "code": "cy.validateStatus(response.status, statusCodes);",
                  "err": {},
                  "uuid": "29054b3c-fd84-4944-8e9b-6aaaf99c5598",
                  "parentUUID": "503b4dd7-46d5-43d3-ad14-a111cfed7b35",
                  "isHook": false,
                  "skipped": false
                },
                {
                  "title": "Test schema \n\n\t\t\t\t\tEndPoint: http://localhost:8921/tmf-api/intentManagement/v5/intentSpecification",
                  "fullTitle": "Tests method GET and path /intentSpecification  TMF921 Conformance Profile v5.0.0 - API GET Operation Conformance - For IntentSpecification Resource Test schema \n\n\t\t\t\t\tEndPoint: http://localhost:8921/tmf-api/intentManagement/v5/intentSpecification",
                  "timedOut": null,
                  "duration": 701,
                  "state": "passed",
                  "speed": "fast",
                  "pass": true,
                  "fail": false,
                  "pending": false,
                  "context": null,
                  "code": "if (Array.isArray(response.body)) {\n  response.body.forEach(instance => {\n    cy.validateSchema(instance, yamlOas, schemaRef);\n  });\n} else {\n  cy.validateSchema(response.body, yamlOas, schemaRef);\n}",
                  "err": {},
                  "uuid": "80130e51-bf79-4462-a28c-4bf90a30124c",
                  "parentUUID": "503b4dd7-46d5-43d3-ad14-a111cfed7b35",
                  "isHook": false,
                  "skipped": false
                },
                {
                  "title": "Each attribute Test \n\n\t\t\t\t\tEndPoint: http://localhost:8921/tmf-api/intentManagement/v5/intentSpecification",
                  "fullTitle": "Tests method GET and path /intentSpecification  TMF921 Conformance Profile v5.0.0 - API GET Operation Conformance - For IntentSpecification Resource Each attribute Test \n\n\t\t\t\t\tEndPoint: http://localhost:8921/tmf-api/intentManagement/v5/intentSpecification",
                  "timedOut": null,
                  "duration": 38,
                  "state": "passed",
                  "speed": "fast",
                  "pass": true,
                  "fail": false,
                  "pending": false,
                  "context": null,
                  "code": "if (Array.isArray(response.body)) {\n  response.body.forEach(instance => {\n    if (instance.id == Cypress.env('id')) {\n      cy.log('Array if', mandatoryKeys);\n      cy.log(path, query);\n      validateMandatoryAttr(instance, mandatoryKeys);\n    }\n    // else {\n    // \tcy.log('Array else', mandatoryKeys);\n    // \tcy.log(path, query);\n    // \tvalidateMandatoryAttr(instance, mandatoryKeys);\n    // }\n  });\n} else {\n  cy.log('No Array');\n  cy.log(path, query);\n  validateMandatoryAttr(response.body, mandatoryKeys);\n}",
                  "err": {},
                  "uuid": "39f592db-2b16-41af-ba81-be9f4e4d796a",
                  "parentUUID": "503b4dd7-46d5-43d3-ad14-a111cfed7b35",
                  "isHook": false,
                  "skipped": false
                }
              ],
              "suites": [],
              "passes": [
                "29054b3c-fd84-4944-8e9b-6aaaf99c5598",
                "80130e51-bf79-4462-a28c-4bf90a30124c",
                "39f592db-2b16-41af-ba81-be9f4e4d796a"
              ],
              "failures": [],
              "pending": [],
              "skipped": [],
              "duration": 774,
              "root": false,
              "rootEmpty": false,
              "_timeout": 2000
            }
          ],
          "passes": [],
          "failures": [],
          "pending": [],
          "skipped": [],
          "duration": 0,
          "root": false,
          "rootEmpty": false,
          "_timeout": 2000
        },
        {
          "uuid": "006d124a-da48-41fc-875b-cc1713ee1b90",
          "title": "Tests method GET and path /intentSpecification/{id} ",
          "fullFile": "",
          "file": "",
          "beforeHooks": [],
          "afterHooks": [],
          "tests": [],
          "suites": [
            {
              "uuid": "88641ffb-4d22-4ed8-9abe-3eabb7649a52",
              "title": "TMF921 Conformance Profile v5.0.0 - API GET Operation Conformance - For IntentSpecification Resource",
              "fullFile": "",
              "file": "",
              "beforeHooks": [],
              "afterHooks": [],
              "tests": [
                {
                  "title": "Tests status \n\n\t\t\t\tEndPoint: http://localhost:8921/tmf-api/intentManagement/v5/intentSpecification/{id}",
                  "fullTitle": "Tests method GET and path /intentSpecification/{id}  TMF921 Conformance Profile v5.0.0 - API GET Operation Conformance - For IntentSpecification Resource Tests status \n\n\t\t\t\tEndPoint: http://localhost:8921/tmf-api/intentManagement/v5/intentSpecification/{id}",
                  "timedOut": null,
                  "duration": 35,
                  "state": "passed",
                  "speed": "fast",
                  "pass": true,
                  "fail": false,
                  "pending": false,
                  "context": null,
                  "code": "cy.validateStatus(response.status, statusCodes);",
                  "err": {},
                  "uuid": "4bbaeb6e-8748-409c-9512-649f288a7543",
                  "parentUUID": "88641ffb-4d22-4ed8-9abe-3eabb7649a52",
                  "isHook": false,
                  "skipped": false
                },
                {
                  "title": "Test schema \n\n\t\t\t\t\tEndPoint: http://localhost:8921/tmf-api/intentManagement/v5/intentSpecification/{id}",
                  "fullTitle": "Tests method GET and path /intentSpecification/{id}  TMF921 Conformance Profile v5.0.0 - API GET Operation Conformance - For IntentSpecification Resource Test schema \n\n\t\t\t\t\tEndPoint: http://localhost:8921/tmf-api/intentManagement/v5/intentSpecification/{id}",
                  "timedOut": null,
                  "duration": 89,
                  "state": "passed",
                  "speed": "fast",
                  "pass": true,
                  "fail": false,
                  "pending": false,
                  "context": null,
                  "code": "if (Array.isArray(response.body)) {\n  response.body.forEach(instance => {\n    cy.validateSchema(instance, yamlOas, schemaRef);\n  });\n} else {\n  cy.validateSchema(response.body, yamlOas, schemaRef);\n}",
                  "err": {},
                  "uuid": "1817329c-6250-49a4-b5aa-356b881da3ed",
                  "parentUUID": "88641ffb-4d22-4ed8-9abe-3eabb7649a52",
                  "isHook": false,
                  "skipped": false
                },
                {
                  "title": "Each attribute Test \n\n\t\t\t\t\tEndPoint: http://localhost:8921/tmf-api/intentManagement/v5/intentSpecification/{id}",
                  "fullTitle": "Tests method GET and path /intentSpecification/{id}  TMF921 Conformance Profile v5.0.0 - API GET Operation Conformance - For IntentSpecification Resource Each attribute Test \n\n\t\t\t\t\tEndPoint: http://localhost:8921/tmf-api/intentManagement/v5/intentSpecification/{id}",
                  "timedOut": null,
                  "duration": 38,
                  "state": "passed",
                  "speed": "fast",
                  "pass": true,
                  "fail": false,
                  "pending": false,
                  "context": null,
                  "code": "if (Array.isArray(response.body)) {\n  response.body.forEach(instance => {\n    if (instance.id == Cypress.env('id')) {\n      cy.log('Array if', mandatoryKeys);\n      cy.log(path, query);\n      validateMandatoryAttr(instance, mandatoryKeys);\n    }\n    // else {\n    // \tcy.log('Array else', mandatoryKeys);\n    // \tcy.log(path, query);\n    // \tvalidateMandatoryAttr(instance, mandatoryKeys);\n    // }\n  });\n} else {\n  cy.log('No Array');\n  cy.log(path, query);\n  validateMandatoryAttr(response.body, mandatoryKeys);\n}",
                  "err": {},
                  "uuid": "5d1ea03a-ab88-41ff-a480-38ac269a24bb",
                  "parentUUID": "88641ffb-4d22-4ed8-9abe-3eabb7649a52",
                  "isHook": false,
                  "skipped": false
                }
              ],
              "suites": [],
              "passes": [
                "4bbaeb6e-8748-409c-9512-649f288a7543",
                "1817329c-6250-49a4-b5aa-356b881da3ed",
                "5d1ea03a-ab88-41ff-a480-38ac269a24bb"
              ],
              "failures": [],
              "pending": [],
              "skipped": [],
              "duration": 162,
              "root": false,
              "rootEmpty": false,
              "_timeout": 2000
            }
          ],
          "passes": [],
          "failures": [],
          "pending": [],
          "skipped": [],
          "duration": 0,
          "root": false,
          "rootEmpty": false,
          "_timeout": 2000
        },
        {
          "uuid": "623439bc-ce96-4d9f-84a4-c038acbfcf0f",
          "title": "Tests method GET and path /intentSpecification/{id} and ?fields=name",
          "fullFile": "",
          "file": "",
          "beforeHooks": [],
          "afterHooks": [],
          "tests": [],
          "suites": [
            {
              "uuid": "73322f18-d525-48c6-88c6-ad61653137fd",
              "title": "TMF921 Conformance Profile v5.0.0 - API GET Operation Conformance - For IntentSpecification Resource - /{id}?fields=...&{filtering}",
              "fullFile": "",
              "file": "",
              "beforeHooks": [],
              "afterHooks": [],
              "tests": [
                {
                  "title": "Tests status \n\n\t\t\t\tEndPoint: http://localhost:8921/tmf-api/intentManagement/v5/intentSpecification/{id}",
                  "fullTitle": "Tests method GET and path /intentSpecification/{id} and ?fields=name TMF921 Conformance Profile v5.0.0 - API GET Operation Conformance - For IntentSpecification Resource - /{id}?fields=...&{filtering} Tests status \n\n\t\t\t\tEndPoint: http://localhost:8921/tmf-api/intentManagement/v5/intentSpecification/{id}",
                  "timedOut": null,
                  "duration": 28,
                  "state": "passed",
                  "speed": "fast",
                  "pass": true,
                  "fail": false,
                  "pending": false,
                  "context": null,
                  "code": "cy.validateStatus(response.status, statusCodes);",
                  "err": {},
                  "uuid": "e6aa0c60-bb04-4604-94a6-13c7cfb0a457",
                  "parentUUID": "73322f18-d525-48c6-88c6-ad61653137fd",
                  "isHook": false,
                  "skipped": false
                },
                {
                  "title": "Test schema \n\n\t\t\t\t\tEndPoint: http://localhost:8921/tmf-api/intentManagement/v5/intentSpecification/{id}",
                  "fullTitle": "Tests method GET and path /intentSpecification/{id} and ?fields=name TMF921 Conformance Profile v5.0.0 - API GET Operation Conformance - For IntentSpecification Resource - /{id}?fields=...&{filtering} Test schema \n\n\t\t\t\t\tEndPoint: http://localhost:8921/tmf-api/intentManagement/v5/intentSpecification/{id}",
                  "timedOut": null,
                  "duration": 86,
                  "state": "passed",
                  "speed": "fast",
                  "pass": true,
[...]
                  "timedOut": null,
                  "duration": 758,
                  "state": "passed",
                  "speed": "fast",
                  "pass": true,
                  "fail": false,
                  "pending": false,
                  "context": null,
                  "code": "if (Array.isArray(response.body)) {\n  response.body.forEach(instance => {\n    cy.validateSchema(instance, yamlOas, schemaRef);\n  });\n} else {\n  cy.validateSchema(response.body, yamlOas, schemaRef);\n}",
                  "err": {},
                  "uuid": "0e160843-dbca-41e9-8ce9-4be0e8be4fe5",
                  "parentUUID": "75cf91ec-92fe-4796-8a11-310ecb884a97",
                  "isHook": false,
                  "skipped": false
                },
                {
                  "title": "Each attribute Test \n\n\t\t\t\t\tEndPoint: http://localhost:8921/tmf-api/intentManagement/v5/intent",
                  "fullTitle": "Tests method GET and path /intent and ?fields=name TMF921 Conformance Profile v5.0.0 - API GET Operation Conformance - For Intent Resource - ?fields=...&{filtering} Each attribute Test \n\n\t\t\t\t\tEndPoint: http://localhost:8921/tmf-api/intentManagement/v5/intent",
                  "timedOut": null,
                  "duration": 39,
                  "state": "passed",
                  "speed": "fast",
                  "pass": true,
                  "fail": false,
                  "pending": false,
                  "context": null,
                  "code": "if (Array.isArray(response.body)) {\n  response.body.forEach(instance => {\n    if (instance.id == Cypress.env('id')) {\n      cy.log('Array if', mandatoryKeys);\n      cy.log(path, query);\n      validateMandatoryAttr(instance, mandatoryKeys);\n    }\n    // else {\n    // \tcy.log('Array else', mandatoryKeys);\n    // \tcy.log(path, query);\n    // \tvalidateMandatoryAttr(instance, mandatoryKeys);\n    // }\n  });\n} else {\n  cy.log('No Array');\n  cy.log(path, query);\n  validateMandatoryAttr(response.body, mandatoryKeys);\n}",
                  "err": {},
                  "uuid": "9184eb1c-175b-4c47-9c6d-aa6d68b09b9a",
                  "parentUUID": "75cf91ec-92fe-4796-8a11-310ecb884a97",
                  "isHook": false,
                  "skipped": false
                }
              ],
              "suites": [],
              "passes": [
                "73c8d515-0252-4bf5-aa3b-f4d88dad8dee",
                "0e160843-dbca-41e9-8ce9-4be0e8be4fe5",
                "9184eb1c-175b-4c47-9c6d-aa6d68b09b9a"
              ],
              "failures": [],
              "pending": [],
              "skipped": [],
              "duration": 825,
              "root": false,
              "rootEmpty": false,
              "_timeout": 2000
            }
          ],
          "passes": [],
          "failures": [],
          "pending": [],
          "skipped": [],
          "duration": 0,
          "root": false,
          "rootEmpty": false,
          "_timeout": 2000
        },
        {
          "uuid": "53a08038-8db4-4aea-b3d7-b0683d1a6ee2",
          "title": "Tests method GET and path /intent and ?name={name}",
          "fullFile": "",
          "file": "",
          "beforeHooks": [],
          "afterHooks": [],
          "tests": [],
          "suites": [
            {
              "uuid": "623e2055-1369-4abf-848c-fb99a94345e3",
              "title": "TMF921 Conformance Profile v5.0.0 - API GET Operation Conformance - For Intent Resource - and Filtering name=",
              "fullFile": "",
              "file": "",
              "beforeHooks": [],
              "afterHooks": [],
              "tests": [
                {
                  "title": "Tests status \n\n\t\t\t\tEndPoint: http://localhost:8921/tmf-api/intentManagement/v5/intent",
                  "fullTitle": "Tests method GET and path /intent and ?name={name} TMF921 Conformance Profile v5.0.0 - API GET Operation Conformance - For Intent Resource - and Filtering name= Tests status \n\n\t\t\t\tEndPoint: http://localhost:8921/tmf-api/intentManagement/v5/intent",
                  "timedOut": null,
                  "duration": 42,
                  "state": "passed",
                  "speed": "fast",
                  "pass": true,
                  "fail": false,
                  "pending": false,
                  "context": null,
                  "code": "cy.validateStatus(response.status, statusCodes);",
                  "err": {},
                  "uuid": "51724193-4012-4634-ab8e-f03da4944100",
                  "parentUUID": "623e2055-1369-4abf-848c-fb99a94345e3",
                  "isHook": false,
                  "skipped": false
                },
                {
                  "title": "Test schema \n\n\t\t\t\t\tEndPoint: http://localhost:8921/tmf-api/intentManagement/v5/intent",
                  "fullTitle": "Tests method GET and path /intent and ?name={name} TMF921 Conformance Profile v5.0.0 - API GET Operation Conformance - For Intent Resource - and Filtering name= Test schema \n\n\t\t\t\t\tEndPoint: http://localhost:8921/tmf-api/intentManagement/v5/intent",
                  "timedOut": null,
                  "duration": 758,
                  "state": "passed",
                  "speed": "fast",
                  "pass": true,
                  "fail": false,
                  "pending": false,
                  "context": null,
                  "code": "if (Array.isArray(response.body)) {\n  response.body.forEach(instance => {\n    cy.validateSchema(instance, yamlOas, schemaRef);\n  });\n} else {\n  cy.validateSchema(response.body, yamlOas, schemaRef);\n}",
                  "err": {},
                  "uuid": "1b95bd95-ef42-4f02-b5b9-68a03c391fa8",
                  "parentUUID": "623e2055-1369-4abf-848c-fb99a94345e3",
                  "isHook": false,
                  "skipped": false
                },
                {
                  "title": "Each attribute Test \n\n\t\t\t\t\tEndPoint: http://localhost:8921/tmf-api/intentManagement/v5/intent",
                  "fullTitle": "Tests method GET and path /intent and ?name={name} TMF921 Conformance Profile v5.0.0 - API GET Operation Conformance - For Intent Resource - and Filtering name= Each attribute Test \n\n\t\t\t\t\tEndPoint: http://localhost:8921/tmf-api/intentManagement/v5/intent",
                  "timedOut": null,
                  "duration": 25,
                  "state": "passed",
                  "speed": "fast",
                  "pass": true,
                  "fail": false,
                  "pending": false,
                  "context": null,
                  "code": "if (Array.isArray(response.body)) {\n  response.body.forEach(instance => {\n    if (instance.id == Cypress.env('id')) {\n      cy.log('Array if', mandatoryKeys);\n      cy.log(path, query);\n      validateMandatoryAttr(instance, mandatoryKeys);\n    }\n    // else {\n    // \tcy.log('Array else', mandatoryKeys);\n    // \tcy.log(path, query);\n    // \tvalidateMandatoryAttr(instance, mandatoryKeys);\n    // }\n  });\n} else {\n  cy.log('No Array');\n  cy.log(path, query);\n  validateMandatoryAttr(response.body, mandatoryKeys);\n}",
                  "err": {},
                  "uuid": "1882e523-4372-4c72-b16d-83b433b15404",
                  "parentUUID": "623e2055-1369-4abf-848c-fb99a94345e3",
                  "isHook": false,
                  "skipped": false
                }
              ],
              "suites": [],
              "passes": [
                "51724193-4012-4634-ab8e-f03da4944100",
                "1b95bd95-ef42-4f02-b5b9-68a03c391fa8",
                "1882e523-4372-4c72-b16d-83b433b15404"
              ],
              "failures": [],
              "pending": [],
              "skipped": [],
              "duration": 825,
              "root": false,
              "rootEmpty": false,
              "_timeout": 2000
            }
          ],
          "passes": [],
          "failures": [],
          "pending": [],
          "skipped": [],
          "duration": 0,
          "root": false,
          "rootEmpty": false,
          "_timeout": 2000
        },
        {
          "uuid": "c8ec1166-4f51-4305-87ea-9c508c0bb8af",
          "title": "Tests method PATCH and path /intent/{id} ",
          "fullFile": "",
          "file": "",
          "beforeHooks": [],
          "afterHooks": [],
          "tests": [],
          "suites": [
            {
              "uuid": "15f8d579-a173-413f-912e-65b2d9c27a80",
              "title": "TMF921 Conformance Profile v5.0.0 - API PATCH Operation Conformance - For Intent Resource",
              "fullFile": "",
              "file": "",
              "beforeHooks": [],
              "afterHooks": [],
              "tests": [
                {
                  "title": "Tests status \n\n\t\t\t\tEndPoint: http://localhost:8921/tmf-api/intentManagement/v5/intent/{id}",
                  "fullTitle": "Tests method PATCH and path /intent/{id}  TMF921 Conformance Profile v5.0.0 - API PATCH Operation Conformance - For Intent Resource Tests status \n\n\t\t\t\tEndPoint: http://localhost:8921/tmf-api/intentManagement/v5/intent/{id}",
                  "timedOut": null,
                  "duration": 33,
                  "state": "passed",
                  "speed": "fast",
                  "pass": true,
                  "fail": false,
                  "pending": false,
                  "context": null,
                  "code": "cy.validateStatus(response.status, statusCodes);",
                  "err": {},
                  "uuid": "38723701-f851-4949-993a-32b0b5bf0456",
                  "parentUUID": "15f8d579-a173-413f-912e-65b2d9c27a80",
                  "isHook": false,
                  "skipped": false
                },
                {
                  "title": "Test schema \n\n\t\t\t\t\tEndPoint: http://localhost:8921/tmf-api/intentManagement/v5/intent/{id}",
                  "fullTitle": "Tests method PATCH and path /intent/{id}  TMF921 Conformance Profile v5.0.0 - API PATCH Operation Conformance - For Intent Resource Test schema \n\n\t\t\t\t\tEndPoint: http://localhost:8921/tmf-api/intentManagement/v5/intent/{id}",
                  "timedOut": null,
                  "duration": 88,
                  "state": "passed",
                  "speed": "fast",
                  "pass": true,
                  "fail": false,
                  "pending": false,
                  "context": null,
                  "code": "if (Array.isArray(response.body)) {\n  response.body.forEach(instance => {\n    cy.validateSchema(instance, yamlOas, schemaRef);\n  });\n} else {\n  cy.validateSchema(response.body, yamlOas, schemaRef);\n}",
                  "err": {},
                  "uuid": "d8483bb2-7493-422f-a0eb-df39bdbf296b",
                  "parentUUID": "15f8d579-a173-413f-912e-65b2d9c27a80",
                  "isHook": false,
                  "skipped": false
                }
              ],
              "suites": [],
              "passes": [
                "38723701-f851-4949-993a-32b0b5bf0456",
                "d8483bb2-7493-422f-a0eb-df39bdbf296b"
              ],
              "failures": [],
              "pending": [],
              "skipped": [],
              "duration": 121,
              "root": false,
              "rootEmpty": false,
              "_timeout": 2000
            }
          ],
          "passes": [],
          "failures": [],
          "pending": [],
          "skipped": [],
          "duration": 0,
          "root": false,
          "rootEmpty": false,
          "_timeout": 2000
        },
        {
          "uuid": "c44f161a-5370-493a-8936-6bea390f8a06",
          "title": "Tests method GET and path /intent/{id} ",
          "fullFile": "",
          "file": "",
          "beforeHooks": [],
          "afterHooks": [],
          "tests": [],
          "suites": [
            {
              "uuid": "ec2e9355-3725-4fd7-9c4a-4c24079cd297",
              "title": "TMF921 Conformance Profile v5.0.0 - API GET Operation Conformance - For Intent Resource",
              "fullFile": "",
              "file": "",
              "beforeHooks": [],
              "afterHooks": [],
              "tests": [
                {
                  "title": "Tests status \n\n\t\t\t\tEndPoint: http://localhost:8921/tmf-api/intentManagement/v5/intent/{id}",
                  "fullTitle": "Tests method GET and path /intent/{id}  TMF921 Conformance Profile v5.0.0 - API GET Operation Conformance - For Intent Resource Tests status \n\n\t\t\t\tEndPoint: http://localhost:8921/tmf-api/intentManagement/v5/intent/{id}",
                  "timedOut": null,
                  "duration": 25,
                  "state": "passed",
                  "speed": "fast",
                  "pass": true,
                  "fail": false,
                  "pending": false,
                  "context": null,
                  "code": "cy.validateStatus(response.status, statusCodes);",
                  "err": {},
                  "uuid": "c38c1650-b211-40a5-ad21-2c44d5193e3f",
                  "parentUUID": "ec2e9355-3725-4fd7-9c4a-4c24079cd297",
                  "isHook": false,
                  "skipped": false
                },
                {
                  "title": "Test schema \n\n\t\t\t\t\tEndPoint: http://localhost:8921/tmf-api/intentManagement/v5/intent/{id}",
                  "fullTitle": "Tests method GET and path /intent/{id}  TMF921 Conformance Profile v5.0.0 - API GET Operation Conformance - For Intent Resource Test schema \n\n\t\t\t\t\tEndPoint: http://localhost:8921/tmf-api/intentManagement/v5/intent/{id}",
                  "timedOut": null,
                  "duration": 85,
                  "state": "passed",
                  "speed": "fast",
                  "pass": true,
                  "fail": false,
                  "pending": false,
                  "context": null,
                  "code": "if (Array.isArray(response.body)) {\n  response.body.forEach(instance => {\n    cy.validateSchema(instance, yamlOas, schemaRef);\n  });\n} else {\n  cy.validateSchema(response.body, yamlOas, schemaRef);\n}",
                  "err": {},
                  "uuid": "9b0ed3bd-ec05-4be3-abc8-6bb6f5aa0a06",
                  "parentUUID": "ec2e9355-3725-4fd7-9c4a-4c24079cd297",
                  "isHook": false,
                  "skipped": false
                },
                {
                  "title": "Each attribute Test \n\n\t\t\t\t\tEndPoint: http://localhost:8921/tmf-api/intentManagement/v5/intent/{id}",
                  "fullTitle": "Tests method GET and path /intent/{id}  TMF921 Conformance Profile v5.0.0 - API GET Operation Conformance - For Intent Resource Each attribute Test \n\n\t\t\t\t\tEndPoint: http://localhost:8921/tmf-api/intentManagement/v5/intent/{id}",
                  "timedOut": null,
                  "duration": 33,
                  "state": "passed",
                  "speed": "fast",
                  "pass": true,
                  "fail": false,
                  "pending": false,
                  "context": null,
                  "code": "if (Array.isArray(response.body)) {\n  response.body.forEach(instance => {\n    if (instance.id == Cypress.env('id')) {\n      cy.log('Array if', mandatoryKeys);\n      cy.log(path, query);\n      validateMandatoryAttr(instance, mandatoryKeys);\n    }\n    // else {\n    // \tcy.log('Array else', mandatoryKeys);\n    // \tcy.log(path, query);\n    // \tvalidateMandatoryAttr(instance, mandatoryKeys);\n    // }\n  });\n} else {\n  cy.log('No Array');\n  cy.log(path, query);\n  validateMandatoryAttr(response.body, mandatoryKeys);\n}",
                  "err": {},
                  "uuid": "c67f8d08-5a40-486f-92f7-0b73c4970e52",
                  "parentUUID": "ec2e9355-3725-4fd7-9c4a-4c24079cd297",
                  "isHook": false,
                  "skipped": false
                }
              ],
              "suites": [],
              "passes": [
                "c38c1650-b211-40a5-ad21-2c44d5193e3f",
                "9b0ed3bd-ec05-4be3-abc8-6bb6f5aa0a06",
                "c67f8d08-5a40-486f-92f7-0b73c4970e52"
              ],
              "failures": [],
              "pending": [],
              "skipped": [],
              "duration": 143,
              "root": false,
              "rootEmpty": false,
              "_timeout": 2000
            }
          ],
          "passes": [],
          "failures": [],
          "pending": [],
          "skipped": [],
          "duration": 0,
          "root": false,
          "rootEmpty": false,
          "_timeout": 2000
        },
        {
          "uuid": "a6b58828-a801-4bf7-8a7e-4400112c5dd0",
          "title": "Tests method DELETE and path /intent/{id} ",
          "fullFile": "",
          "file": "",
          "beforeHooks": [],
          "afterHooks": [],
          "tests": [],
          "suites": [
            {
              "uuid": "a91414cb-586d-4661-867d-d62815bf989c",
              "title": "TMF921 Conformance Profile v5.0.0 - API DELETE Operation Conformance - For Intent Resource",
              "fullFile": "",
              "file": "",
              "beforeHooks": [],
              "afterHooks": [],
              "tests": [
                {
                  "title": "Tests status \n\n\t\t\t\tEndPoint: http://localhost:8921/tmf-api/intentManagement/v5/intent/{id}",
                  "fullTitle": "Tests method DELETE and path /intent/{id}  TMF921 Conformance Profile v5.0.0 - API DELETE Operation Conformance - For Intent Resource Tests status \n\n\t\t\t\tEndPoint: http://localhost:8921/tmf-api/intentManagement/v5/intent/{id}",
                  "timedOut": null,
                  "duration": 29,
                  "state": "passed",
                  "speed": "fast",
                  "pass": true,
                  "fail": false,
                  "pending": false,
                  "context": null,
                  "code": "cy.validateStatus(response.status, statusCodes);",
                  "err": {},
                  "uuid": "6b219804-c55d-48c2-bce0-89cc51737109",
                  "parentUUID": "a91414cb-586d-4661-867d-d62815bf989c",
                  "isHook": false,
                  "skipped": false
                }
              ],
              "suites": [],
              "passes": [
                "6b219804-c55d-48c2-bce0-89cc51737109"
              ],
              "failures": [],
              "pending": [],
              "skipped": [],
              "duration": 29,
              "root": false,
              "rootEmpty": false,
              "_timeout": 2000
            }
          ],
          "passes": [],
          "failures": [],
          "pending": [],
          "skipped": [],
          "duration": 0,
          "root": false,
          "rootEmpty": false,
          "_timeout": 2000
        }
      ],
      "passes": [],
      "failures": [],
      "pending": [],
      "skipped": [],
      "duration": 0,
      "root": true,
      "rootEmpty": true,
      "_timeout": 2000
    }
  ],
  "meta": {
    "mocha": {
      "version": "7.0.1"
    },
    "mochawesome": {
      "options": {
        "quiet": false,
        "reportFilename": "mochawesome",
        "saveHtml": true,
        "saveJson": true,
        "consoleReporter": "spec",
        "useInlineDiffs": false,
        "code": true
      },
      "version": "7.1.3"
    },
    "marge": {
      "options": {
        "reportDir": "cypress/reports/json",
        "overwrite": false,
        "json": true,
        "html": true,
        "reportPageTitle": "My Test Suite",
        "embeddedScreenshots": true,
        "inlineAssets": true,
        "state": {
          "expanded": true
        }
      },
      "version": "6.2.0"
    }
  }
}