{
  "stats": {
    "suites": 62,
    "tests": 83,
    "passes": 83,
    "pending": 0,
    "failures": 0,
    "start": "2025-06-27T02:43:12.072Z",
    "end": "2025-06-27T02:43:21.223Z",
    "duration": 9151,
    "testsRegistered": 83,
    "passPercent": 100,
    "pendingPercent": 0,
    "other": 0,
    "hasOther": false,
    "skipped": 0,
    "hasSkipped": false
  },
  "results": [
    {
      "uuid": "90320fee-405f-40dd-ae7b-6e2e1d83d2be",
      "title": "",
      "fullFile": "cypress/e2e/production/ctk.cy.js",
      "file": "cypress/e2e/production/ctk.cy.js",
      "beforeHooks": [],
      "afterHooks": [],
      "tests": [],
      "suites": [
        {
          "uuid": "babdbc91-1a7c-42d6-8a5d-1d2db6de05ce",
          "title": "Tests method GET and path /intent/{intentId}/intentReport ",
          "fullFile": "",
          "file": "",
          "beforeHooks": [],
          "afterHooks": [],
          "tests": [],
          "suites": [
            {
              "uuid": "e7048048-15e4-406e-8145-4825ff5cb515",
              "title": "TMF921 Conformance Profile v5.0.0 - API GET Operation Conformance - For IntentReport Resource",
              "fullFile": "",
              "file": "",
              "beforeHooks": [],
              "afterHooks": [],
              "tests": [
                {
                  "title": "Tests status \n\n\t\t\t\tEndPoint: http://localhost:8921/tmf-api/intentManagement/v5/intent/{intentId}/intentReport",
                  "fullTitle": "Tests method GET and path /intent/{intentId}/intentReport  TMF921 Conformance Profile v5.0.0 - API GET Operation Conformance - For IntentReport Resource Tests status \n\n\t\t\t\tEndPoint: http://localhost:8921/tmf-api/intentManagement/v5/intent/{intentId}/intentReport",
                  "timedOut": null,
                  "duration": 53,
                  "state": "passed",
                  "speed": "fast",
                  "pass": true,
                  "fail": false,
                  "pending": false,
                  "context": null,
                  "code": "cy.validateStatus(response.status, statusCodes);",
                  "err": {},
                  "uuid": "f39272cd-6004-4248-abb8-53394b24506a",
                  "parentUUID": "e7048048-15e4-406e-8145-4825ff5cb515",
                  "isHook": false,
                  "skipped": false
                },
                {
                  "title": "Test schema \n\n\t\t\t\t\tEndPoint: http://localhost:8921/tmf-api/intentManagement/v5/intent/{intentId}/intentReport",
                  "fullTitle": "Tests method GET and path /intent/{intentId}/intentReport  TMF921 Conformance Profile v5.0.0 - API GET Operation Conformance - For IntentReport Resource Test schema \n\n\t\t\t\t\tEndPoint: http://localhost:8921/tmf-api/intentManagement/v5/intent/{intentId}/intentReport",
                  "timedOut": null,
                  "duration": 337,
                  "state": "passed",
                  "speed": "fast",
                  "pass": true,
                  "fail": false,
                  "pending": false,
                  "context": null,
                  "code": "if (Array.isArray(response.body)) {\n  response.body.forEach(instance => {\n    cy.validateSchema(instance, yamlOas, schemaRef);\n  });\n} else {\n  cy.validateSchema(response.body, yamlOas, schemaRef);\n}",
                  "err": {},
                  "uuid": "f8a7af9f-2564-404f-9c39-ee105f1a7113",
                  "parentUUID": "e7048048-15e4-406e-8145-4825ff5cb515",
                  "isHook": false,
                  "skipped": false
                },
                {
                  "title": "Each attribute Test \n\n\t\t\t\t\tEndPoint: http://localhost:8921/tmf-api/intentManagement/v5/intent/{intentId}/intentReport",
                  "fullTitle": "Tests method GET and path /intent/{intentId}/intentReport  TMF921 Conformance Profile v5.0.0 - API GET Operation Conformance - For IntentReport Resource Each attribute Test \n\n\t\t\t\t\tEndPoint: http://localhost:8921/tmf-api/intentManagement/v5/intent/{intentId}/intentReport",
                  "timedOut": null,
                  "duration": 41,
                  "state": "passed",
                  "speed": "fast",
                  "pass": true,
                  "fail": false,
                  "pending": false,
                  "context": null,
                  "code": "if (Array.isArray(response.body)) {\n  response.body.forEach(instance => {\n    if (instance.id == Cypress.env('id')) {\n      cy.log('Array if', mandatoryKeys);\n      cy.log(path, query);\n      validateMandatoryAttr(instance, mandatoryKeys);\n    }\n    // else {\n    // \tcy.log('Array else', mandatoryKeys);\n    // \tcy.log(path, query);\n    // \tvalidateMandatoryAttr(instance, mandatoryKeys);\n    // }\n  });\n} else {\n  cy.log('No Array');\n  cy.log(path, query);\n  validateMandatoryAttr(response.body, mandatoryKeys);\n}",
                  "err": {},
                  "uuid": "3494abea-22a6-4f6b-8695-92f9df6b457a",
                  "parentUUID": "e7048048-15e4-406e-8145-4825ff5cb515",
                  "isHook": false,
                  "skipped": false
                }
              ],
              "suites": [],
              "passes": [
                "f39272cd-6004-4248-abb8-53394b24506a",
                "f8a7af9f-2564-404f-9c39-ee105f1a7113",
                "3494abea-22a6-4f6b-8695-92f9df6b457a"
              ],
              "failures": [],
              "pending": [],
              "skipped": [],
              "duration": 431,
              "root": false,
              "rootEmpty": false,
              "_timeout": 2000
            }
          ],
          "passes": [],
          "failures": [],
          "pending": [],
          "skipped": [],
          "duration": 0,
          "root": false,
          "rootEmpty": false,
          "_timeout": 2000
        },
        {
          "uuid": "c9419f13-4e1d-4e43-ae20-d14de3cb1566",
          "title": "Tests method GET and path /intent/{intentId}/intentReport/{id} ",
          "fullFile": "",
          "file": "",
          "beforeHooks": [],
          "afterHooks": [],
          "tests": [],
          "suites": [
            {
              "uuid": "83bb4c67-dfb5-4a6f-9efd-a6fee0edbf84",
              "title": "TMF921 Conformance Profile v5.0.0 - API GET Operation Conformance - For IntentReport Resource",
              "fullFile": "",
              "file": "",
              "beforeHooks": [],
              "afterHooks": [],
              "tests": [
                {
                  "title": "Tests status \n\n\t\t\t\tEndPoint: http://localhost:8921/tmf-api/intentManagement/v5/intent/{intentId}/intentReport/{id}",
                  "fullTitle": "Tests method GET and path /intent/{intentId}/intentReport/{id}  TMF921 Conformance Profile v5.0.0 - API GET Operation Conformance - For IntentReport Resource Tests status \n\n\t\t\t\tEndPoint: http://localhost:8921/tmf-api/intentManagement/v5/intent/{intentId}/intentReport/{id}",
                  "timedOut": null,
                  "duration": 24,
                  "state": "passed",
                  "speed": "fast",
                  "pass": true,
                  "fail": false,
                  "pending": false,
                  "context": null,
                  "code": "cy.validateStatus(response.status, statusCodes);",
                  "err": {},
                  "uuid": "2e27ea92-e74d-4616-ac9c-c966bb5545c0",
                  "parentUUID": "83bb4c67-dfb5-4a6f-9efd-a6fee0edbf84",
                  "isHook": false,
                  "skipped": false
                },
                {
                  "title": "Test schema \n\n\t\t\t\t\tEndPoint: http://localhost:8921/tmf-api/intentManagement/v5/intent/{intentId}/intentReport/{id}",
                  "fullTitle": "Tests method GET and path /intent/{intentId}/intentReport/{id}  TMF921 Conformance Profile v5.0.0 - API GET Operation Conformance - For IntentReport Resource Test schema \n\n\t\t\t\t\tEndPoint: http://localhost:8921/tmf-api/intentManagement/v5/intent/{intentId}/intentReport/{id}",
                  "timedOut": null,
                  "duration": 77,
                  "state": "passed",
                  "speed": "fast",
                  "pass": true,
                  "fail": false,
                  "pending": false,
                  "context": null,
                  "code": "if (Array.isArray(response.body)) {\n  response.body.forEach(instance => {\n    cy.validateSchema(instance, yamlOas, schemaRef);\n  });\n} else {\n  cy.validateSchema(response.body, yamlOas, schemaRef);\n}",
                  "err": {},
                  "uuid": "a3918456-1f30-4b04-bafa-d0b4bec830af",
                  "parentUUID": "83bb4c67-dfb5-4a6f-9efd-a6fee0edbf84",
                  "isHook": false,
                  "skipped": false
                },
                {
                  "title": "Each attribute Test \n\n\t\t\t\t\tEndPoint: http://localhost:8921/tmf-api/intentManagement/v5/intent/{intentId}/intentReport/{id}",
                  "fullTitle": "Tests method GET and path /intent/{intentId}/intentReport/{id}  TMF921 Conformance Profile v5.0.0 - API GET Operation Conformance - For IntentReport Resource Each attribute Test \n\n\t\t\t\t\tEndPoint: http://localhost:8921/tmf-api/intentManagement/v5/intent/{intentId}/intentReport/{id}",
                  "timedOut": null,
                  "duration": 42,
                  "state": "passed",
                  "speed": "fast",
                  "pass": true,
                  "fail": false,
                  "pending": false,
                  "context": null,
                  "code": "if (Array.isArray(response.body)) {\n  response.body.forEach(instance => {\n    if (instance.id == Cypress.env('id')) {\n      cy.log('Array if', mandatoryKeys);\n      cy.log(path, query);\n      validateMandatoryAttr(instance, mandatoryKeys);\n    }\n    // else {\n    // \tcy.log('Array else', mandatoryKeys);\n    // \tcy.log(path, query);\n    // \tvalidateMandatoryAttr(instance, mandatoryKeys);\n    // }\n  });\n} else {\n  cy.log('No Array');\n  cy.log(path, query);\n  validateMandatoryAttr(response.body, mandatoryKeys);\n}",
                  "err": {},
                  "uuid": "9c616321-59b1-422c-a7b0-53b2bb922eb0",
                  "parentUUID": "83bb4c67-dfb5-4a6f-9efd-a6fee0edbf84",
                  "isHook": false,
                  "skipped": false
                }
              ],
              "suites": [],
              "passes": [
                "2e27ea92-e74d-4616-ac9c-c966bb5545c0",
                "a3918456-1f30-4b04-bafa-d0b4bec830af",
                "9c616321-59b1-422c-a7b0-53b2bb922eb0"
              ],
              "failures": [],
              "pending": [],
              "skipped": [],
              "duration": 143,
              "root": false,
              "rootEmpty": false,
              "_timeout": 2000
            }
          ],
          "passes": [],
          "failures": [],
          "pending": [],
          "skipped": [],
          "duration": 0,
          "root": false,
          "rootEmpty": false,
          "_timeout": 2000
        },
        {
          "uuid": "f06efa49-e277-4a13-925e-5f9506814047",
          "title": "Tests method GET and path /intent/{intentId}/intentReport/{id} and ?fields=creationDate",
          "fullFile": "",
          "file": "",
          "beforeHooks": [],
          "afterHooks": [],
          "tests": [],
          "suites": [
            {
              "uuid": "0aa315fa-8734-4ec5-92ad-a1bb8362ab2f",
              "title": "TMF921 Conformance Profile v5.0.0 - API GET Operation Conformance - For IntentReport Resource - /{id}?fields=...&{filtering}",
              "fullFile": "",
              "file": "",
              "beforeHooks": [],
              "afterHooks": [],
              "tests": [
                {
                  "title": "Tests status \n\n\t\t\t\tEndPoint: http://localhost:8921/tmf-api/intentManagement/v5/intent/{intentId}/intentReport/{id}",
                  "fullTitle": "Tests method GET and path /intent/{intentId}/intentReport/{id} and ?fields=creationDate TMF921 Conformance Profile v5.0.0 - API GET Operation Conformance - For IntentReport Resource - /{id}?fields=...&{filtering} Tests status \n\n\t\t\t\tEndPoint: http://localhost:8921/tmf-api/intentManagement/v5/intent/{intentId}/intentReport/{id}",
                  "timedOut": null,
                  "duration": 29,
                  "state": "passed",
                  "speed": "fast",
                  "pass": true,
                  "fail": false,
                  "pending": false,
                  "context": null,
                  "code": "cy.validateStatus(response.status, statusCodes);",
                  "err": {},
                  "uuid": "4eee0bf1-9ac5-4971-9950-d0f7fe6beff8",
                  "parentUUID": "0aa315fa-8734-4ec5-92ad-a1bb8362ab2f",
                  "isHook": false,
                  "skipped": false
                },
                {
                  "title": "Test schema \n\n\t\t\t\t\tEndPoint: http://localhost:8921/tmf-api/intentManagement/v5/intent/{intentId}/intentReport/{id}",
                  "fullTitle": "Tests method GET and path /intent/{intentId}/intentReport/{id} and ?fields=creationDate TMF921 Conformance Profile v5.0.0 - API GET Operation Conformance - For IntentReport Resource - /{id}?fields=...&{filtering} Test schema \n\n\t\t\t\t\tEndPoint: http://localhost:8921/tmf-api/intentManagement/v5/intent/{intentId}/intentReport/{id}",
                  "timedOut": null,
                  "duration": 80,
                  "state": "passed",
                  "speed": "fast",
                  "pass": true,
                  "fail": false,
                  "pending": false,
                  "context": null,
                  "code": "if (Array.isArray(response.body)) {\n  response.body.forEach(instance => {\n    cy.validateSchema(instance, yamlOas, schemaRef);\n  });\n} else {\n  cy.validateSchema(response.body, yamlOas, schemaRef);\n}",
                  "err": {},
                  "uuid": "adb7d228-e202-4a22-b695-daa24d352bb1",
                  "parentUUID": "0aa315fa-8734-4ec5-92ad-a1bb8362ab2f",
                  "isHook": false,
                  "skipped": false
                },
                {
                  "title": "Each attribute Test \n\n\t\t\t\t\tEndPoint: http://localhost:8921/tmf-api/intentManagement/v5/intent/{intentId}/intentReport/{id}",
                  "fullTitle": "Tests method GET and path /intent/{intentId}/intentReport/{id} and ?fields=creationDate TMF921 Conformance Profile v5.0.0 - API GET Operation Conformance - For IntentReport Resource - /{id}?fields=...&{filtering} Each attribute Test \n\n\t\t\t\t\tEndPoint: http://localhost:8921/tmf-api/intentManagement/v5/intent/{intentId}/intentReport/{id}",
                  "timedOut": null,
                  "duration": 25,
                  "state": "passed",
                  "speed": "fast",
                  "pass": true,
                  "fail": false,
                  "pending": false,
                  "context": null,
                  "code": "if (Array.isArray(response.body)) {\n  response.body.forEach(instance => {\n    if (instance.id == Cypress.env('id')) {\n      cy.log('Array if', mandatoryKeys);\n      cy.log(path, query);\n      validateMandatoryAttr(instance, mandatoryKeys);\n    }\n    // else {\n    // \tcy.log('Array else', mandatoryKeys);\n    // \tcy.log(path, query);\n    // \tvalidateMandatoryAttr(instance, mandatoryKeys);\n    // }\n  });\n} else {\n  cy.log('No Array');\n  cy.log(path, query);\n  validateMandatoryAttr(response.body, mandatoryKeys);\n}",
                  "err": {},
                  "uuid": "2a37030e-854f-4983-89fc-977c09a7fb31",
                  "parentUUID": "0aa315fa-8734-4ec5-92ad-a1bb8362ab2f",
                  "isHook": false,
                  "skipped": false
                }
              ],
              "suites": [],
              "passes": [
                "4eee0bf1-9ac5-4971-9950-d0f7fe6beff8",
                "adb7d228-e202-4a22-b695-daa24d352bb1",
                "2a37030e-854f-4983-89fc-977c09a7fb31"
              ],
              "failures": [],
              "pending": [],
              "skipped": [],
              "duration": 134,
              "root": false,
              "rootEmpty": false,
              "_timeout": 2000
            }
          ],
          "passes": [],
          "failures": [],
          "pending": [],
          "skipped": [],
          "duration": 0,
          "root": false,
          "rootEmpty": false,
          "_timeout": 2000
        },
        {
          "uuid": "76c3e08e-9f30-4b78-b4ed-ac65749d9392",
          "title": "Tests method GET and path /intent/{intentId}/intentReport and ?fields=creationDate",
          "fullFile": "",
          "file": "",
          "beforeHooks": [],
          "afterHooks": [],
          "tests": [],
          "suites": [
            {
              "uuid": "f663b00d-6a51-403b-9ffa-5b02c480b7b5",
              "title": "TMF921 Conformance Profile v5.0.0 - API GET Operation Conformance - For IntentReport Resource - ?fields=...&{filtering}",
              "fullFile": "",
              "file": "",
              "beforeHooks": [],
              "afterHooks": [],
              "tests": [
                {
                  "title": "Tests status \n\n\t\t\t\tEndPoint: http://localhost:8921/tmf-api/intentManagement/v5/intent/{intentId}/intentReport",
                  "fullTitle": "Tests method GET and path /intent/{intentId}/intentReport and ?fields=creationDate TMF921 Conformance Profile v5.0.0 - API GET Operation Conformance - For IntentReport Resource - ?fields=...&{filtering} Tests status \n\n\t\t\t\tEndPoint: http://localhost:8921/tmf-api/intentManagement/v5/intent/{intentId}/intentReport",
                  "timedOut": null,
                  "duration": 19,
                  "state": "passed",
                  "speed": "fast",
                  "pass": true,
                  "fail": false,
                  "pending": false,
                  "context": null,
                  "code": "cy.validateStatus(response.status, statusCodes);",
                  "err": {},
                  "uuid": "cc04d7b8-8003-4197-980e-29d34f2bfbc9",
                  "parentUUID": "f663b00d-6a51-403b-9ffa-5b02c480b7b5",
                  "isHook": false,
                  "skipped": false
                },
                {
                  "title": "Test schema \n\n\t\t\t\t\tEndPoint: http://localhost:8921/tmf-api/intentManagement/v5/intent/{intentId}/intentReport",
                  "fullTitle": "Tests method GET and path /intent/{intentId}/intentReport and ?fields=creationDate TMF921 Conformance Profile v5.0.0 - API GET Operation Conformance - For IntentReport Resource - ?fields=...&{filtering} Test schema \n\n\t\t\t\t\tEndPoint: http://localhost:8921/tmf-api/intentManagement/v5/intent/{intentId}/intentReport",
                  "timedOut": null,
                  "duration": 283,
                  "state": "passed",
                  "speed": "fast",
                  "pass": true,
                  "fail": false,
                  "pending": false,
                  "context": null,
                  "code": "if (Array.isArray(response.body)) {\n  response.body.forEach(instance => {\n    cy.validateSchema(instance, yamlOas, schemaRef);\n  });\n} else {\n  cy.validateSchema(response.body, yamlOas, schemaRef);\n}",
                  "err": {},
                  "uuid": "fbf71e66-4db9-49d5-b184-51fd6ca3a444",
                  "parentUUID": "f663b00d-6a51-403b-9ffa-5b02c480b7b5",
                  "isHook": false,
                  "skipped": false
                },
                {
                  "title": "Each attribute Test \n\n\t\t\t\t\tEndPoint: http://localhost:8921/tmf-api/intentManagement/v5/intent/{intentId}/intentReport",
                  "fullTitle": "Tests method GET and path /intent/{intentId}/intentReport and ?fields=creationDate TMF921 Conformance Profile v5.0.0 - API GET Operation Conformance - For IntentReport Resource - ?fields=...&{filtering} Each attribute Test \n\n\t\t\t\t\tEndPoint: http://localhost:8921/tmf-api/intentManagement/v5/intent/{intentId}/intentReport",
                  "timedOut": null,
                  "duration": 19,
                  "state": "passed",
                  "speed": "fast",
                  "pass": true,
                  "fail": false,
                  "pending": false,
                  "context": null,
                  "code": "if (Array.isArray(response.body)) {\n  response.body.forEach(instance => {\n    if (instance.id == Cypress.env('id')) {\n      cy.log('Array if', mandatoryKeys);\n      cy.log(path, query);\n      validateMandatoryAttr(instance, mandatoryKeys);\n    }\n    // else {\n    // \tcy.log('Array else', mandatoryKeys);\n    // \tcy.log(path, query);\n    // \tvalidateMandatoryAttr(instance, mandatoryKeys);\n    // }\n  });\n} else {\n  cy.log('No Array');\n  cy.log(path, query);\n  validateMandatoryAttr(response.body, mandatoryKeys);\n}",
                  "err": {},
                  "uuid": "27ed8080-39da-4f2c-a845-3a59147d4915",
                  "parentUUID": "f663b00d-6a51-403b-9ffa-5b02c480b7b5",
                  "isHook": false,
                  "skipped": false
                }
              ],
              "suites": [],
              "passes": [
                "cc04d7b8-8003-4197-980e-29d34f2bfbc9",
                "fbf71e66-4db9-49d5-b184-51fd6ca3a444",
                "27ed8080-39da-4f2c-a845-3a59147d4915"
              ],
              "failures": [],
              "pending": [],
              "skipped": [],
              "duration": 321,
              "root": false,
              "rootEmpty": false,
              "_timeout": 2000
            }
          ],
          "passes": [],
          "failures": [],
          "pending": [],
          "skipped": [],
          "duration": 0,
          "root": false,
          "rootEmpty": false,
          "_timeout": 2000
        },
        {
          "uuid": "121aaec2-3b75-4d2a-8fcf-f8107be76b0b",
          "title": "Tests method GET and path /intent/{intentId}/intentReport and ?creationDate={creationDate}",
          "fullFile": "",
          "file": "",
          "beforeHooks": [],
          "afterHooks": [],
          "tests": [],
          "suites": [
            {
              "uuid": "8ab99edd-d864-4c9f-aaab-be4f6450386c",
              "title": "TMF921 Conformance Profile v5.0.0 - API GET Operation Conformance - For IntentReport Resource - and Filtering creationDate=",
              "fullFile": "",
              "file": "",
              "beforeHooks": [],
              "afterHooks": [],
              "tests": [
                {
                  "title": "Tests status \n\n\t\t\t\tEndPoint: http://localhost:8921/tmf-api/intentManagement/v5/intent/{intentId}/intentReport",
                  "fullTitle": "Tests method GET and path /intent/{intentId}/intentReport and ?creationDate={creationDate} TMF921 Conformance Profile v5.0.0 - API GET Operation Conformance - For IntentReport Resource - and Filtering creationDate= Tests status \n\n\t\t\t\tEndPoint: http://localhost:8921/tmf-api/intentManagement/v5/intent/{intentId}/intentReport",
                  "timedOut": null,
                  "duration": 21,
                  "state": "passed",
                  "speed": "fast",
                  "pass": true,
                  "fail": false,
                  "pending": false,
                  "context": null,
                  "code": "cy.validateStatus(response.status, statusCodes);",
                  "err": {},
                  "uuid": "11b379d7-2704-45ce-9225-184d367dc760",
                  "parentUUID": "8ab99edd-d864-4c9f-aaab-be4f6450386c",
                  "isHook": false,
                  "skipped": false
                },
                {
                  "title": "Test schema \n\n\t\t\t\t\tEndPoint: http://localhost:8921/tmf-api/intentManagement/v5/intent/{intentId}/intentReport",
                  "fullTitle": "Tests method GET and path /intent/{intentId}/intentReport and ?creationDate={creationDate} TMF921 Conformance Profile v5.0.0 - API GET Operation Conformance - For IntentReport Resource - and Filtering creationDate= Test schema \n\n\t\t\t\t\tEndPoint: http://localhost:8921/tmf-api/intentManagement/v5/intent/{intentId}/intentReport",
                  "timedOut": null,
                  "duration": 279,
                  "state": "passed",
                  "speed": "fast",
                  "pass": true,
                  "fail": false,
                  "pending": false,
                  "context": null,
                  "code": "if (Array.isArray(response.body)) {\n  response.body.forEach(instance => {\n    cy.validateSchema(instance, yamlOas, schemaRef);\n  });\n} else {\n  cy.validateSchema(response.body, yamlOas, schemaRef);\n}",
                  "err": {},
                  "uuid": "00ebf85e-6446-4275-b53b-3e4e05acdf43",
                  "parentUUID": "8ab99edd-d864-4c9f-aaab-be4f6450386c",
                  "isHook": false,
                  "skipped": false
                },
                {
                  "title": "Each attribute Test \n\n\t\t\t\t\tEndPoint: http://localhost:8921/tmf-api/intentManagement/v5/intent/{intentId}/intentReport",
                  "fullTitle": "Tests method GET and path /intent/{intentId}/intentReport and ?creationDate={creationDate} TMF921 Conformance Profile v5.0.0 - API GET Operation Conformance - For IntentReport Resource - and Filtering creationDate= Each attribute Test \n\n\t\t\t\t\tEndPoint: http://localhost:8921/tmf-api/intentManagement/v5/intent/{intentId}/intentReport",
                  "timedOut": null,
                  "duration": 18,
                  "state": "passed",
                  "speed": "fast",
                  "pass": true,
                  "fail": false,
                  "pending": false,
                  "context": null,
                  "code": "if (Array.isArray(response.body)) {\n  response.body.forEach(instance => {\n    if (instance.id == Cypress.env('id')) {\n      cy.log('Array if', mandatoryKeys);\n      cy.log(path, query);\n      validateMandatoryAttr(instance, mandatoryKeys);\n    }\n    // else {\n    // \tcy.log('Array else', mandatoryKeys);\n    // \tcy.log(path, query);\n    // \tvalidateMandatoryAttr(instance, mandatoryKeys);\n    // }\n  });\n} else {\n  cy.log('No Array');\n  cy.log(path, query);\n  validateMandatoryAttr(response.body, mandatoryKeys);\n}",
                  "err": {},
                  "uuid": "8f0708b4-7f58-4ec8-92db-8edf4a882876",
                  "parentUUID": "8ab99edd-d864-4c9f-aaab-be4f6450386c",
                  "isHook": false,
                  "skipped": false
                }
              ],
              "suites": [],
              "passes": [
                "11b379d7-2704-45ce-9225-184d367dc760",
                "00ebf85e-6446-4275-b53b-3e4e05acdf43",
                "8f0708b4-7f58-4ec8-92db-8edf4a882876"
              ],
              "failures": [],
              "pending": [],
              "skipped": [],
              "duration": 318,
              "root": false,
              "rootEmpty": false,
              "_timeout": 2000
            }
          ],
          "passes": [],
          "failures": [],
          "pending": [],
          "skipped": [],
          "duration": 0,
          "root": false,
          "rootEmpty": false,
          "_timeout": 2000
        },
        {
          "uuid": "fc8da4ed-3c5e-40ea-b219-5f1d0f54079a",
          "title": "Tests method GET and path /intent/{intentId}/intentReport/{id} and ?fields=expression",
          "fullFile": "",
          "file": "",
          "beforeHooks": [],
          "afterHooks": [],
          "tests": [],
          "suites": [
            {
              "uuid": "1696f31b-c0e0-409c-af51-b98a14b7b39a",
              "title": "TMF921 Conformance Profile v5.0.0 - API GET Operation Conformance - For IntentReport Resource - /{id}?fields=...&{filtering}",
              "fullFile": "",
              "file": "",
              "beforeHooks": [],
              "afterHooks": [],
              "tests": [
                {
                  "title": "Tests status \n\n\t\t\t\tEndPoint: http://localhost:8921/tmf-api/intentManagement/v5/intent/{intentId}/intentReport/{id}",
                  "fullTitle": "Tests method GET and path /intent/{intentId}/intentReport/{id} and ?fields=expression TMF921 Conformance Profile v5.0.0 - API GET Operation Conformance - For IntentReport Resource - /{id}?fields=...&{filtering} Tests status \n\n\t\t\t\tEndPoint: http://localhost:8921/tmf-api/intentManagement/v5/intent/{intentId}/intentReport/{id}",
                  "timedOut": null,
                  "duration": 17,
                  "state": "passed",
                  "speed": "fast",
                  "pass": true,
                  "fail": false,
                  "pending": false,
                  "context": null,
                  "code": "cy.validateStatus(response.status, statusCodes);",
                  "err": {},
                  "uuid": "572b002e-b473-45ac-8446-58f55540ecde",
                  "parentUUID": "1696f31b-c0e0-409c-af51-b98a14b7b39a",
                  "isHook": false,
                  "skipped": false
                },
                {
                  "title": "Test schema \n\n\t\t\t\t\tEndPoint: http://localhost:8921/tmf-api/intentManagement/v5/intent/{intentId}/intentReport/{id}",
                  "fullTitle": "Tests method GET and path /intent/{intentId}/intentReport/{id} and ?fields=expression TMF921 Conformance Profile v5.0.0 - API GET Operation Conformance - For IntentReport Resource - /{id}?fields=...&{filtering} Test schema \n\n\t\t\t\t\tEndPoint: http://localhost:8921/tmf-api/intentManagement/v5/intent/{intentId}/intentReport/{id}",
                  "timedOut": null,
                  "duration": 81,
                  "state": "passed",
                  "speed": "fast",
                  "pass": true,
                  "fail": false,
                  "pending": false,
                  "context": null,
                  "code": "if (Array.isArray(response.body)) {\n  response.body.forEach(instance => {\n    cy.validateSchema(instance, yamlOas, schemaRef);\n  });\n} else {\n  cy.validateSchema(response.body, yamlOas, schemaRef);\n}",
                  "err": {},
                  "uuid": "528bf363-7524-4206-b25b-94221c853192",
                  "parentUUID": "1696f31b-c0e0-409c-af51-b98a14b7b39a",
                  "isHook": false,
                  "skipped": false
                },
                {
                  "title": "Each attribute Test \n\n\t\t\t\t\tEndPoint: http://localhost:8921/tmf-api/intentManagement/v5/intent/{intentId}/intentReport/{id}",
                  "fullTitle": "Tests method GET and path /intent/{intentId}/intentReport/{id} and ?fields=expression TMF921 Conformance Profile v5.0.0 - API GET Operation Conformance - For IntentReport Resource - /{id}?fields=...&{filtering} Each attribute Test \n\n\t\t\t\t\tEndPoint: http://localhost:8921/tmf-api/intentManagement/v5/intent/{intentId}/intentReport/{id}",
                  "timedOut": null,
                  "duration": 20,
                  "state": "passed",
                  "speed": "fast",
                  "pass": true,
                  "fail": false,
                  "pending": false,
                  "context": null,
                  "code": "if (Array.isArray(response.body)) {\n  response.body.forEach(instance => {\n    if (instance.id == Cypress.env('id')) {\n      cy.log('Array if', mandatoryKeys);\n      cy.log(path, query);\n      validateMandatoryAttr(instance, mandatoryKeys);\n    }\n    // else {\n    // \tcy.log('Array else', mandatoryKeys);\n    // \tcy.log(path, query);\n    // \tvalidateMandatoryAttr(instance, mandatoryKeys);\n    // }\n  });\n} else {\n  cy.log('No Array');\n  cy.log(path, query);\n  validateMandatoryAttr(response.body, mandatoryKeys);\n}",
                  "err": {},
                  "uuid": "e963e6e6-c917-48c2-b552-fb9ceefd7a6e",
                  "parentUUID": "1696f31b-c0e0-409c-af51-b98a14b7b39a",
                  "isHook": false,
                  "skipped": false
                }
              ],
              "suites": [],
              "passes": [
                "572b002e-b473-45ac-8446-58f55540ecde",
                "528bf363-7524-4206-b25b-94221c853192",
                "e963e6e6-c917-48c2-b552-fb9ceefd7a6e"
              ],
              "failures": [],
              "pending": [],
              "skipped": [],
              "duration": 118,
              "root": false,
              "rootEmpty": false,
              "_timeout": 2000
            }
          ],
          "passes": [],
          "failures": [],
          "pending": [],
          "skipped": [],
          "duration": 0,
          "root": false,
          "rootEmpty": false,
          "_timeout": 2000
        },
        {
          "uuid": "979b44f6-9e7b-4078-8522-c8e6c85f94a8",
          "title": "Tests method GET and path /intent/{intentId}/intentReport and ?fields=expression",
          "fullFile": "",
          "file": "",
          "beforeHooks": [],
          "afterHooks": [],
          "tests": [],
          "suites": [
            {
              "uuid": "f194eb00-8331-4e42-89fa-01b9573947b5",
              "title": "TMF921 Conformance Profile v5.0.0 - API GET Operation Conformance - For IntentReport Resource - ?fields=...&{filtering}",
              "fullFile": "",
              "file": "",
              "beforeHooks": [],
              "afterHooks": [],
              "tests": [
                {
                  "title": "Tests status \n\n\t\t\t\tEndPoint: http://localhost:8921/tmf-api/intentManagement/v5/intent/{intentId}/intentReport",
                  "fullTitle": "Tests method GET and path /intent/{intentId}/intentReport and ?fields=expression TMF921 Conformance Profile v5.0.0 - API GET Operation Conformance - For IntentReport Resource - ?fields=...&{filtering} Tests status \n\n\t\t\t\tEndPoint: http://localhost:8921/tmf-api/intentManagement/v5/intent/{intentId}/intentReport",
                  "timedOut": null,
                  "duration": 20,
                  "state": "passed",
                  "speed": "fast",
                  "pass": true,
                  "fail": false,
                  "pending": false,
                  "context": null,
                  "code": "cy.validateStatus(response.status, statusCodes);",
                  "err": {},
                  "uuid": "ee785e1f-2b2c-4397-98d2-df66f6329b9f",
                  "parentUUID": "f194eb00-8331-4e42-89fa-01b9573947b5",
                  "isHook": false,
                  "skipped": false
                },
                {
                  "title": "Test schema \n\n\t\t\t\t\tEndPoint: http://localhost:8921/tmf-api/intentManagement/v5/intent/{intentId}/intentReport",
                  "fullTitle": "Tests method GET and path /intent/{intentId}/intentReport and ?fields=expression TMF921 Conformance Profile v5.0.0 - API GET Operation Conformance - For IntentReport Resource - ?fields=...&{filtering} Test schema \n\n\t\t\t\t\tEndPoint: http://localhost:8921/tmf-api/intentManagement/v5/intent/{intentId}/intentReport",
                  "timedOut": null,
                  "duration": 270,
                  "state": "passed",
                  "speed": "fast",
                  "pass": true,
                  "fail": false,
                  "pending": false,
                  "context": null,
                  "code": "if (Array.isArray(response.body)) {\n  response.body.forEach(instance => {\n    cy.validateSchema(instance, yamlOas, schemaRef);\n  });\n} else {\n  cy.validateSchema(response.body, yamlOas, schemaRef);\n}",
                  "err": {},
                  "uuid": "6e58af97-dcbc-45af-82c5-74a14dc9d461",
                  "parentUUID": "f194eb00-8331-4e42-89fa-01b9573947b5",
                  "isHook": false,
                  "skipped": false
                },
                {
                  "title": "Each attribute Test \n\n\t\t\t\t\tEndPoint: http://localhost:8921/tmf-api/intentManagement/v5/intent/{intentId}/intentReport",
                  "fullTitle": "Tests method GET and path /intent/{intentId}/intentReport and ?fields=expression TMF921 Conformance Profile v5.0.0 - API GET Operation Conformance - For IntentReport Resource - ?fields=...&{filtering} Each attribute Test \n\n\t\t\t\t\tEndPoint: http://localhost:8921/tmf-api/intentManagement/v5/intent/{intentId}/intentReport",
                  "timedOut": null,
                  "duration": 18,
                  "state": "passed",
                  "speed": "fast",
                  "pass": true,
                  "fail": false,
                  "pending": false,
                  "context": null,
                  "code": "if (Array.isArray(response.body)) {\n  response.body.forEach(instance => {\n    if (instance.id == Cypress.env('id')) {\n      cy.log('Array if', mandatoryKeys);\n      cy.log(path, query);\n      validateMandatoryAttr(instance, mandatoryKeys);\n    }\n    // else {\n    // \tcy.log('Array else', mandatoryKeys);\n    // \tcy.log(path, query);\n    // \tvalidateMandatoryAttr(instance, mandatoryKeys);\n    // }\n  });\n} else {\n  cy.log('No Array');\n  cy.log(path, query);\n  validateMandatoryAttr(response.body, mandatoryKeys);\n}",
                  "err": {},
                  "uuid": "7fa1c1d7-368a-4e50-8285-88f46f689cae",
                  "parentUUID": "f194eb00-8331-4e42-89fa-01b9573947b5",
                  "isHook": false,
                  "skipped": false
                }
              ],
              "suites": [],
              "passes": [
                "ee785e1f-2b2c-4397-98d2-df66f6329b9f",
                "6e58af97-dcbc-45af-82c5-74a14dc9d461",
                "7fa1c1d7-368a-4e50-8285-88f46f689cae"
              ],
              "failures": [],
              "pending": [],
              "skipped": [],
              "duration": 308,
              "root": false,
              "rootEmpty": false,
              "_timeout": 2000
            }
          ],
          "passes": [],
          "failures": [],
          "pending": [],
          "skipped": [],
          "duration": 0,
          "root": false,
          "rootEmpty": false,
          "_timeout": 2000
        },
        {
          "uuid": "94144eab-74ec-4464-8f2d-e904117f9516",
          "title": "Tests method GET and path /intent/{intentId}/intentReport/{id} and ?fields=name",
          "fullFile": "",
          "file": "",
          "beforeHooks": [],
          "afterHooks": [],
          "tests": [],
          "suites": [
            {
              "uuid": "1ec0eb19-8979-47a8-9e4c-9264424bea3e",
              "title": "TMF921 Conformance Profile v5.0.0 - API GET Operation Conformance - For IntentReport Resource - /{id}?fields=...&{filtering}",
              "fullFile": "",
              "file": "",
              "beforeHooks": [],
              "afterHooks": [],
              "tests": [
                {
                  "title": "Tests status \n\n\t\t\t\tEndPoint: http://localhost:8921/tmf-api/intentManagement/v5/intent/{intentId}/intentReport/{id}",
                  "fullTitle": "Tests method GET and path /intent/{intentId}/intentReport/{id} and ?fields=name TMF921 Conformance Profile v5.0.0 - API GET Operation Conformance - For IntentReport Resource - /{id}?fields=...&{filtering} Tests status \n\n\t\t\t\tEndPoint: http://localhost:8921/tmf-api/intentManagement/v5/intent/{intentId}/intentReport/{id}",
                  "timedOut": null,
                  "duration": 19,
                  "state": "passed",
                  "speed": "fast",
                  "pass": true,
                  "fail": false,
                  "pending": false,
                  "context": null,
                  "code": "cy.validateStatus(response.status, statusCodes);",
                  "err": {},
                  "uuid": "38cbce04-ed47-4ac5-8427-1d048fec0a7c",
                  "parentUUID": "1ec0eb19-8979-47a8-9e4c-9264424bea3e",
                  "isHook": false,
                  "skipped": false
                },
                {
                  "title": "Test schema \n\n\t\t\t\t\tEndPoint: http://localhost:8921/tmf-api/intentManagement/v5/intent/{intentId}/intentReport/{id}",
                  "fullTitle": "Tests method GET and path /intent/{intentId}/intentReport/{id} and ?fields=name TMF921 Conformance Profile v5.0.0 - API GET Operation Conformance - For IntentReport Resource - /{id}?fields=...&{filtering} Test schema \n\n\t\t\t\t\tEndPoint: http://localhost:8921/tmf-api/intentManagement/v5/intent/{intentId}/intentReport/{id}",
                  "timedOut": null,
                  "duration": 81,
                  "state": "passed",
                  "speed": "fast",
                  "pass": true,
                  "fail": false,
                  "pending": false,
                  "context": null,
                  "code": "if (Array.isArray(response.body)) {\n  response.body.forEach(instance => {\n    cy.validateSchema(instance, yamlOas, schemaRef);\n  });\n} else {\n  cy.validateSchema(response.body, yamlOas, schemaRef);\n}",
                  "err": {},
                  "uuid": "db3ca7f8-d543-4c65-9090-74077d25b0d3",
                  "parentUUID": "1ec0eb19-8979-47a8-9e4c-9264424bea3e",
                  "isHook": false,
                  "skipped": false
                },
                {
                  "title": "Each attribute Test \n\n\t\t\t\t\tEndPoint: http://localhost:8921/tmf-api/intentManagement/v5/intent/{intentId}/intentReport/{id}",
                  "fullTitle": "Tests method GET and path /intent/{intentId}/intentReport/{id} and ?fields=name TMF921 Conformance Profile v5.0.0 - API GET Operation Conformance - For IntentReport Resource - /{id}?fields=...&{filtering} Each attribute Test \n\n\t\t\t\t\tEndPoint: http://localhost:8921/tmf-api/intentManagement/v5/intent/{intentId}/intentReport/{id}",
                  "timedOut": null,
                  "duration": 19,
                  "state": "passed",
                  "speed": "fast",
                  "pass": true,
                  "fail": false,
                  "pending": false,
                  "context": null,
                  "code": "if (Array.isArray(response.body)) {\n  response.body.forEach(instance => {\n    if (instance.id == Cypress.env('id')) {\n      cy.log('Array if', mandatoryKeys);\n      cy.log(path, query);\n      validateMandatoryAttr(instance, mandatoryKeys);\n    }\n    // else {\n    // \tcy.log('Array else', mandatoryKeys);\n    // \tcy.log(path, query);\n    // \tvalidateMandatoryAttr(instance, mandatoryKeys);\n    // }\n  });\n} else {\n  cy.log('No Array');\n  cy.log(path, query);\n  validateMandatoryAttr(response.body, mandatoryKeys);\n}",
                  "err": {},
                  "uuid": "3284b19e-e224-4b91-b54a-e5de73a701ee",
                  "parentUUID": "1ec0eb19-8979-47a8-9e4c-9264424bea3e",
                  "isHook": false,
                  "skipped": false
                }
              ],
              "suites": [],
              "passes": [
                "38cbce04-ed47-4ac5-8427-1d048fec0a7c",
                "db3ca7f8-d543-4c65-9090-74077d25b0d3",
                "3284b19e-e224-4b91-b54a-e5de73a701ee"
              ],
              "failures": [],
              "pending": [],
              "skipped": [],
              "duration": 119,
              "root": false,
              "rootEmpty": false,
              "_timeout": 2000
            }
          ],
          "passes": [],
          "failures": [],
          "pending": [],
          "skipped": [],
          "duration": 0,
          "root": false,
          "rootEmpty": false,
          "_timeout": 2000
        },
        {
          "uuid": "92cfd17a-f3cc-4d3c-a501-6658bf2b631b",
          "title": "Tests method GET and path /intent/{intentId}/intentReport and ?fields=name",
          "fullFile": "",
          "file": "",
          "beforeHooks": [],
          "afterHooks": [],
          "tests": [],
          "suites": [
            {
              "uuid": "c43b4ff0-bfff-4aee-aa50-67985f58350c",
              "title": "TMF921 Conformance Profile v5.0.0 - API GET Operation Conformance - For IntentReport Resource - ?fields=...&{filtering}",
              "fullFile": "",
              "file": "",
              "beforeHooks": [],
              "afterHooks": [],
              "tests": [
                {
                  "title": "Tests status \n\n\t\t\t\tEndPoint: http://localhost:8921/tmf-api/intentManagement/v5/intent/{intentId}/intentReport",
                  "fullTitle": "Tests method GET and path /intent/{intentId}/intentReport and ?fields=name TMF921 Conformance Profile v5.0.0 - API GET Operation Conformance - For IntentReport Resource - ?fields=...&{filtering} Tests status \n\n\t\t\t\tEndPoint: http://localhost:8921/tmf-api/intentManagement/v5/intent/{intentId}/intentReport",
                  "timedOut": null,
                  "duration": 20,
                  "state": "passed",
                  "speed": "fast",
                  "pass": true,
                  "fail": false,
                  "pending": false,
                  "context": null,
                  "code": "cy.validateStatus(response.status, statusCodes);",
                  "err": {},
                  "uuid": "cae55013-8494-4848-821a-bc853f4afef1",
                  "parentUUID": "c43b4ff0-bfff-4aee-aa50-67985f58350c",
                  "isHook": false,
                  "skipped": false
                },
                {
                  "title": "Test schema \n\n\t\t\t\t\tEndPoint: http://localhost:8921/tmf-api/intentManagement/v5/intent/{intentId}/intentReport",
                  "fullTitle": "Tests method GET and path /intent/{intentId}/intentReport and ?fields=name TMF921 Conformance Profile v5.0.0 - API GET Operation Conformance - For IntentReport Resource - ?fields=...&{filtering} Test schema \n\n\t\t\t\t\tEndPoint: http://localhost:8921/tmf-api/intentManagement/v5/intent/{intentId}/intentReport",
                  "timedOut": null,
                  "duration": 283,
                  "state": "passed",
                  "speed": "fast",
                  "pass": true,
                  "fail": false,
                  "pending": false,
                  "context": null,
                  "code": "if (Array.isArray(response.body)) {\n  response.body.forEach(instance => {\n    cy.validateSchema(instance, yamlOas, schemaRef);\n  });\n} else {\n  cy.validateSchema(response.body, yamlOas, schemaRef);\n}",
                  "err": {},
                  "uuid": "1b0256ad-308e-4d1b-af2b-4dd50e1f992f",
                  "parentUUID": "c43b4ff0-bfff-4aee-aa50-67985f58350c",
                  "isHook": false,
                  "skipped": false
                },
                {
                  "title": "Each attribute Test \n\n\t\t\t\t\tEndPoint: http://localhost:8921/tmf-api/intentManagement/v5/intent/{intentId}/intentReport",
                  "fullTitle": "Tests method GET and path /intent/{intentId}/intentReport and ?fields=name TMF921 Conformance Profile v5.0.0 - API GET Operation Conformance - For IntentReport Resource - ?fields=...&{filtering} Each attribute Test \n\n\t\t\t\t\tEndPoint: http://localhost:8921/tmf-api/intentManagement/v5/intent/{intentId}/intentReport",
                  "timedOut": null,
                  "duration": 25,
                  "state": "passed",
                  "speed": "fast",
                  "pass": true,
                  "fail": false,
                  "pending": false,
                  "context": null,
                  "code": "if (Array.isArray(response.body)) {\n  response.body.forEach(instance => {\n    if (instance.id == Cypress.env('id')) {\n      cy.log('Array if', mandatoryKeys);\n      cy.log(path, query);\n      validateMandatoryAttr(instance, mandatoryKeys);\n    }\n    // else {\n    // \tcy.log('Array else', mandatoryKeys);\n    // \tcy.log(path, query);\n    // \tvalidateMandatoryAttr(instance, mandatoryKeys);\n    // }\n  });\n} else {\n  cy.log('No Array');\n  cy.log(path, query);\n  validateMandatoryAttr(response.body, mandatoryKeys);\n}",
                  "err": {},
                  "uuid": "945aab41-7a8a-490d-8e51-af09d282af5c",
                  "parentUUID": "c43b4ff0-bfff-4aee-aa50-67985f58350c",
                  "isHook": false,
                  "skipped": false
                }
              ],
              "suites": [],
              "passes": [
                "cae55013-8494-4848-821a-bc853f4afef1",
                "1b0256ad-308e-4d1b-af2b-4dd50e1f992f",
                "945aab41-7a8a-490d-8e51-af09d282af5c"
              ],
              "failures": [],
              "pending": [],
              "skipped": [],
              "duration": 328,
              "root": false,
              "rootEmpty": false,
              "_timeout": 2000
            }
          ],
          "passes": [],
          "failures": [],
          "pending": [],
          "skipped": [],
          "duration": 0,
          "root": false,
          "rootEmpty": false,
          "_timeout": 2000
        },
        {
          "uuid": "93e269bf-716b-4e97-a1b2-78d304f2b6a3",
          "title": "Tests method GET and path /intent/{intentId}/intentReport and ?name={name}",
          "fullFile": "",
          "file": "",
          "beforeHooks": [],
          "afterHooks": [],
          "tests": [],
          "suites": [
            {
              "uuid": "4bfd187b-ca73-40ab-beff-7fc05e2f267d",
              "title": "TMF921 Conformance Profile v5.0.0 - API GET Operation Conformance - For IntentReport Resource - and Filtering name=",
              "fullFile": "",
              "file": "",
              "beforeHooks": [],
              "afterHooks": [],
              "tests": [
                {
                  "title": "Tests status \n\n\t\t\t\tEndPoint: http://localhost:8921/tmf-api/intentManagement/v5/intent/{intentId}/intentReport",
                  "fullTitle": "Tests method GET and path /intent/{intentId}/intentReport and ?name={name} TMF921 Conformance Profile v5.0.0 - API GET Operation Conformance - For IntentReport Resource - and Filtering name= Tests status \n\n\t\t\t\tEndPoint: http://localhost:8921/tmf-api/intentManagement/v5/intent/{intentId}/intentReport",
                  "timedOut": null,
                  "duration": 23,
                  "state": "passed",
                  "speed": "fast",
                  "pass": true,
                  "fail": false,
                  "pending": false,
                  "context": null,
                  "code": "cy.validateStatus(response.status, statusCodes);",
                  "err": {},
                  "uuid": "d85716c4-d81d-4393-aacb-91443a6914a8",
                  "parentUUID": "4bfd187b-ca73-40ab-beff-7fc05e2f267d",
                  "isHook": false,
                  "skipped": false
                },
                {
                  "title": "Test schema \n\n\t\t\t\t\tEndPoint: http://localhost:8921/tmf-api/intentManagement/v5/intent/{intentId}/intentReport",
                  "fullTitle": "Tests method GET and path /intent/{intentId}/intentReport and ?name={name} TMF921 Conformance Profile v5.0.0 - API GET Operation Conformance - For IntentReport Resource - and Filtering name= Test schema \n\n\t\t\t\t\tEndPoint: http://localhost:8921/tmf-api/intentManagement/v5/intent/{intentId}/intentReport",
                  "timedOut": null,
                  "duration": 76,
                  "state": "passed",
                  "speed": "fast",
                  "pass": true,
                  "fail": false,
                  "pending": false,
                  "context": null,
                  "code": "if (Array.isArray(response.body)) {\n  response.body.forEach(instance => {\n    cy.validateSchema(instance, yamlOas, schemaRef);\n  });\n} else {\n  cy.validateSchema(response.body, yamlOas, schemaRef);\n}",
                  "err": {},
                  "uuid": "27c6b8d4-6215-491a-9a55-3c4147d96f0f",
                  "parentUUID": "4bfd187b-ca73-40ab-beff-7fc05e2f267d",
                  "isHook": false,
                  "skipped": false
                },
                {
                  "title": "Each attribute Test \n\n\t\t\t\t\tEndPoint: http://localhost:8921/tmf-api/intentManagement/v5/intent/{intentId}/intentReport",
                  "fullTitle": "Tests method GET and path /intent/{intentId}/intentReport and ?name={name} TMF921 Conformance Profile v5.0.0 - API GET Operation Conformance - For IntentReport Resource - and Filtering name= Each attribute Test \n\n\t\t\t\t\tEndPoint: http://localhost:8921/tmf-api/intentManagement/v5/intent/{intentId}/intentReport",
                  "timedOut": null,
                  "duration": 17,
                  "state": "passed",
                  "speed": "fast",
                  "pass": true,
                  "fail": false,
                  "pending": false,
                  "context": null,
                  "code": "if (Array.isArray(response.body)) {\n  response.body.forEach(instance => {\n    if (instance.id == Cypress.env('id')) {\n      cy.log('Array if', mandatoryKeys);\n      cy.log(path, query);\n      validateMandatoryAttr(instance, mandatoryKeys);\n    }\n    // else {\n    // \tcy.log('Array else', mandatoryKeys);\n    // \tcy.log(path, query);\n    // \tvalidateMandatoryAttr(instance, mandatoryKeys);\n    // }\n  });\n} else {\n  cy.log('No Array');\n  cy.log(path, query);\n  validateMandatoryAttr(response.body, mandatoryKeys);\n}",
                  "err": {},
                  "uuid": "44b298ca-1df1-4094-967a-36ca284d95de",
                  "parentUUID": "4bfd187b-ca73-40ab-beff-7fc05e2f267d",
                  "isHook": false,
                  "skipped": false
                }
              ],
              "suites": [],
              "passes": [
                "d85716c4-d81d-4393-aacb-91443a6914a8",
                "27c6b8d4-6215-491a-9a55-3c4147d96f0f",
                "44b298ca-1df1-4094-967a-36ca284d95de"
              ],
              "failures": [],
              "pending": [],
              "skipped": [],
              "duration": 116,
              "root": false,
              "rootEmpty": false,
              "_timeout": 2000
            }
          ],
          "passes": [],
          "failures": [],
          "pending": [],
          "skipped": [],
          "duration": 0,
          "root": false,
          "rootEmpty": false,
          "_timeout": 2000
        },
        {
          "uuid": "c22dd5b1-ffca-4ea9-a294-690bb4a1c5f9",
          "title": "Tests method DELETE and path /intent/{intentId}/intentReport/{id} ",
          "fullFile": "",
          "file": "",
          "beforeHooks": [],
          "afterHooks": [],
          "tests": [],
          "suites": [
            {
              "uuid": "3653354c-db34-4a55-9da6-37c2f958482d",
              "title": "TMF921 Conformance Profile v5.0.0 - API DELETE Operation Conformance - For IntentReport Resource",
              "fullFile": "",
              "file": "",
              "beforeHooks": [],
              "afterHooks": [],
              "tests": [
                {
                  "title": "Tests status \n\n\t\t\t\tEndPoint: http://localhost:8921/tmf-api/intentManagement/v5/intent/{intentId}/intentReport/{id}",
                  "fullTitle": "Tests method DELETE and path /intent/{intentId}/intentReport/{id}  TMF921 Conformance Profile v5.0.0 - API DELETE Operation Conformance - For IntentReport Resource Tests status \n\n\t\t\t\tEndPoint: http://localhost:8921/tmf-api/intentManagement/v5/intent/{intentId}/intentReport/{id}",
                  "timedOut": null,
                  "duration": 32,
                  "state": "passed",
                  "speed": "fast",
                  "pass": true,
                  "fail": false,
                  "pending": false,
                  "context": null,
                  "code": "cy.validateStatus(response.status, statusCodes);",
                  "err": {},
                  "uuid": "26cb4af8-9a16-4b65-82ce-f0f6a00db35d",
                  "parentUUID": "3653354c-db34-4a55-9da6-37c2f958482d",
                  "isHook": false,
                  "skipped": false
                }
              ],
              "suites": [],
              "passes": [
                "26cb4af8-9a16-4b65-82ce-f0f6a00db35d"
              ],
              "failures": [],
              "pending": [],
              "skipped": [],
              "duration": 32,
              "root": false,
              "rootEmpty": false,
              "_timeout": 2000
            }
          ],
          "passes": [],
          "failures": [],
          "pending": [],
          "skipped": [],
          "duration": 0,
          "root": false,
          "rootEmpty": false,
          "_timeout": 2000
        },
        {
          "uuid": "1bfe6c27-1b20-4986-b2a5-a97dccacd97e",
          "title": "Tests method POST and path /intentSpecification ",
          "fullFile": "",
          "file": "",
          "beforeHooks": [],
          "afterHooks": [],
          "tests": [],
          "suites": [
            {
              "uuid": "b6e8b58b-428e-47fa-a1d8-36925899a1fa",
              "title": "TMF921 Conformance Profile v5.0.0 - API POST Operation Conformance - For IntentSpecification Resource",
              "fullFile": "",
              "file": "",
              "beforeHooks": [],
              "afterHooks": [],
              "tests": [
                {
                  "title": "Tests status \n\n\t\t\t\tEndPoint: http://localhost:8921/tmf-api/intentManagement/v5/intentSpecification",
                  "fullTitle": "Tests method POST and path /intentSpecification  TMF921 Conformance Profile v5.0.0 - API POST Operation Conformance - For IntentSpecification Resource Tests status \n\n\t\t\t\tEndPoint: http://localhost:8921/tmf-api/intentManagement/v5/intentSpecification",
                  "timedOut": null,
                  "duration": 22,
                  "state": "passed",
                  "speed": "fast",
                  "pass": true,
                  "fail": false,
                  "pending": false,
                  "context": null,
                  "code": "cy.validateStatus(response.status, statusCodes);",
                  "err": {},
                  "uuid": "a11041ef-0718-4153-9d0a-d3d5c1ed47dd",
                  "parentUUID": "b6e8b58b-428e-47fa-a1d8-36925899a1fa",
                  "isHook": false,
                  "skipped": false
                },
                {
                  "title": "Test schema \n\n\t\t\t\t\tEndPoint: http://localhost:8921/tmf-api/intentManagement/v5/intentSpecification",
                  "fullTitle": "Tests method POST and path /intentSpecification  TMF921 Conformance Profile v5.0.0 - API POST Operation Conformance - For IntentSpecification Resource Test schema \n\n\t\t\t\t\tEndPoint: http://localhost:8921/tmf-api/intentManagement/v5/intentSpecification",
                  "timedOut": null,
                  "duration": 87,
                  "state": "passed",
                  "speed": "fast",
                  "pass": true,
                  "fail": false,
                  "pending": false,
                  "context": null,
                  "code": "if (Array.isArray(response.body)) {\n  response.body.forEach(instance => {\n    cy.validateSchema(instance, yamlOas, schemaRef);\n  });\n} else {\n  cy.validateSchema(response.body, yamlOas, schemaRef);\n}",
                  "err": {},
                  "uuid": "20300202-9066-4de4-808f-5319bca02f7a",
                  "parentUUID": "b6e8b58b-428e-47fa-a1d8-36925899a1fa",
                  "isHook": false,
                  "skipped": false
                }
              ],
              "suites": [],
              "passes": [
                "a11041ef-0718-4153-9d0a-d3d5c1ed47dd",
                "20300202-9066-4de4-808f-5319bca02f7a"
              ],
              "failures": [],
              "pending": [],
              "skipped": [],
              "duration": 109,
              "root": false,
              "rootEmpty": false,
              "_timeout": 2000
            }
          ],
          "passes": [],
          "failures": [],
          "pending": [],
          "skipped": [],
          "duration": 0,
          "root": false,
          "rootEmpty": false,
          "_timeout": 2000
        },
        {
          "uuid": "bc3ce660-c4e4-4bc8-8a55-dd8055ffcfe3",
          "title": "Tests method GET and path /intentSpecification ",
          "fullFile": "",
          "file": "",
          "beforeHooks": [],
          "afterHooks": [],
          "tests": [],
          "suites": [
            {
              "uuid": "ee751bfa-3d07-42e5-b907-4faac4978010",
              "title": "TMF921 Conformance Profile v5.0.0 - API GET Operation Conformance - For IntentSpecification Resource",
              "fullFile": "",
              "file": "",
              "beforeHooks": [],
              "afterHooks": [],
              "tests": [
                {
                  "title": "Tests status \n\n\t\t\t\tEndPoint: http://localhost:8921/tmf-api/intentManagement/v5/intentSpecification",
                  "fullTitle": "Tests method GET and path /intentSpecification  TMF921 Conformance Profile v5.0.0 - API GET Operation Conformance - For IntentSpecification Resource Tests status \n\n\t\t\t\tEndPoint: http://localhost:8921/tmf-api/intentManagement/v5/intentSpecification",
                  "timedOut": null,
                  "duration": 30,
                  "state": "passed",
                  "speed": "fast",
                  "pass": true,
                  "fail": false,
                  "pending": false,
                  "context": null,
                  "code": "cy.validateStatus(response.status, statusCodes);",
                  "err": {},
                  "uuid": "b4f0539c-f2b8-4283-b0b1-9f4028025db0",
                  "parentUUID": "ee751bfa-3d07-42e5-b907-4faac4978010",
                  "isHook": false,
                  "skipped": false
                },
                {
                  "title": "Test schema \n\n\t\t\t\t\tEndPoint: http://localhost:8921/tmf-api/intentManagement/v5/intentSpecification",
                  "fullTitle": "Tests method GET and path /intentSpecification  TMF921 Conformance Profile v5.0.0 - API GET Operation Conformance - For IntentSpecification Resource Test schema \n\n\t\t\t\t\tEndPoint: http://localhost:8921/tmf-api/intentManagement/v5/intentSpecification",
                  "timedOut": null,
                  "duration": 669,
                  "state": "passed",
                  "speed": "fast",
                  "pass": true,
                  "fail": false,
                  "pending": false,
                  "context": null,
                  "code": "if (Array.isArray(response.body)) {\n  response.body.forEach(instance => {\n    cy.validateSchema(instance, yamlOas, schemaRef);\n  });\n} else {\n  cy.validateSchema(response.body, yamlOas, schemaRef);\n}",
                  "err": {},
                  "uuid": "559b136d-12f9-498e-8668-a4aaa04a945f",
                  "parentUUID": "ee751bfa-3d07-42e5-b907-4faac4978010",
                  "isHook": false,
                  "skipped": false
                },
                {
                  "title": "Each attribute Test \n\n\t\t\t\t\tEndPoint: http://localhost:8921/tmf-api/intentManagement/v5/intentSpecification",
                  "fullTitle": "Tests method GET and path /intentSpecification  TMF921 Conformance Profile v5.0.0 - API GET Operation Conformance - For IntentSpecification Resource Each attribute Test \n\n\t\t\t\t\tEndPoint: http://localhost:8921/tmf-api/intentManagement/v5/intentSpecification",
                  "timedOut": null,
                  "duration": 32,
                  "state": "passed",
                  "speed": "fast",
                  "pass": true,
                  "fail": false,
                  "pending": false,
                  "context": null,
                  "code": "if (Array.isArray(response.body)) {\n  response.body.forEach(instance => {\n    if (instance.id == Cypress.env('id')) {\n      cy.log('Array if', mandatoryKeys);\n      cy.log(path, query);\n      validateMandatoryAttr(instance, mandatoryKeys);\n    }\n    // else {\n    // \tcy.log('Array else', mandatoryKeys);\n    // \tcy.log(path, query);\n    // \tvalidateMandatoryAttr(instance, mandatoryKeys);\n    // }\n  });\n} else {\n  cy.log('No Array');\n  cy.log(path, query);\n  validateMandatoryAttr(response.body, mandatoryKeys);\n}",
                  "err": {},
                  "uuid": "07eaaacc-6118-4ed1-95f5-b43a4fa8d1d0",
                  "parentUUID": "ee751bfa-3d07-42e5-b907-4faac4978010",
                  "isHook": false,
                  "skipped": false
                }
              ],
              "suites": [],
              "passes": [
                "b4f0539c-f2b8-4283-b0b1-9f4028025db0",
                "559b136d-12f9-498e-8668-a4aaa04a945f",
                "07eaaacc-6118-4ed1-95f5-b43a4fa8d1d0"
              ],
              "failures": [],
              "pending": [],
              "skipped": [],
              "duration": 731,
              "root": false,
              "rootEmpty": false,
              "_timeout": 2000
            }
          ],
          "passes": [],
          "failures": [],
          "pending": [],
          "skipped": [],
          "duration": 0,
          "root": false,
          "rootEmpty": false,
          "_timeout": 2000
        },
        {
          "uuid": "91c02ba7-9634-44f6-b602-d1d71de664c9",
          "title": "Tests method GET and path /intentSpecification/{id} ",
          "fullFile": "",
          "file": "",
          "beforeHooks": [],
          "afterHooks": [],
          "tests": [],
          "suites": [
            {
              "uuid": "ea4eb5f9-b99f-4f4f-b109-c51ecb9456a5",
              "title": "TMF921 Conformance Profile v5.0.0 - API GET Operation Conformance - For IntentSpecification Resource",
              "fullFile": "",
              "file": "",
              "beforeHooks": [],
              "afterHooks": [],
              "tests": [
                {
                  "title": "Tests status \n\n\t\t\t\tEndPoint: http://localhost:8921/tmf-api/intentManagement/v5/intentSpecification/{id}",
                  "fullTitle": "Tests method GET and path /intentSpecification/{id}  TMF921 Conformance Profile v5.0.0 - API GET Operation Conformance - For IntentSpecification Resource Tests status \n\n\t\t\t\tEndPoint: http://localhost:8921/tmf-api/intentManagement/v5/intentSpecification/{id}",
                  "timedOut": null,
                  "duration": 23,
                  "state": "passed",
                  "speed": "fast",
                  "pass": true,
                  "fail": false,
                  "pending": false,
                  "context": null,
                  "code": "cy.validateStatus(response.status, statusCodes);",
                  "err": {},
                  "uuid": "c4b13d6d-e684-4b4c-b79a-7f4a0c9df0c5",
                  "parentUUID": "ea4eb5f9-b99f-4f4f-b109-c51ecb9456a5",
                  "isHook": false,
                  "skipped": false
                },
                {
                  "title": "Test schema \n\n\t\t\t\t\tEndPoint: http://localhost:8921/tmf-api/intentManagement/v5/intentSpecification/{id}",
                  "fullTitle": "Tests method GET and path /intentSpecification/{id}  TMF921 Conformance Profile v5.0.0 - API GET Operation Conformance - For IntentSpecification Resource Test schema \n\n\t\t\t\t\tEndPoint: http://localhost:8921/tmf-api/intentManagement/v5/intentSpecification/{id}",
                  "timedOut": null,
                  "duration": 80,
                  "state": "passed",
                  "speed": "fast",
                  "pass": true,
                  "fail": false,
                  "pending": false,
                  "context": null,
                  "code": "if (Array.isArray(response.body)) {\n  response.body.forEach(instance => {\n    cy.validateSchema(instance, yamlOas, schemaRef);\n  });\n} else {\n  cy.validateSchema(response.body, yamlOas, schemaRef);\n}",
                  "err": {},
                  "uuid": "a14cd460-d180-458b-ab19-f4a6ff1307fe",
                  "parentUUID": "ea4eb5f9-b99f-4f4f-b109-c51ecb9456a5",
                  "isHook": false,
                  "skipped": false
                },
                {
                  "title": "Each attribute Test \n\n\t\t\t\t\tEndPoint: http://localhost:8921/tmf-api/intentManagement/v5/intentSpecification/{id}",
                  "fullTitle": "Tests method GET and path /intentSpecification/{id}  TMF921 Conformance Profile v5.0.0 - API GET Operation Conformance - For IntentSpecification Resource Each attribute Test \n\n\t\t\t\t\tEndPoint: http://localhost:8921/tmf-api/intentManagement/v5/intentSpecification/{id}",
                  "timedOut": null,
                  "duration": 33,
                  "state": "passed",
                  "speed": "fast",
                  "pass": true,
                  "fail": false,
                  "pending": false,
                  "context": null,
                  "code": "if (Array.isArray(response.body)) {\n  response.body.forEach(instance => {\n    if (instance.id == Cypress.env('id')) {\n      cy.log('Array if', mandatoryKeys);\n      cy.log(path, query);\n      validateMandatoryAttr(instance, mandatoryKeys);\n    }\n    // else {\n    // \tcy.log('Array else', mandatoryKeys);\n    // \tcy.log(path, query);\n    // \tvalidateMandatoryAttr(instance, mandatoryKeys);\n    // }\n  });\n} else {\n  cy.log('No Array');\n  cy.log(path, query);\n  validateMandatoryAttr(response.body, mandatoryKeys);\n}",
                  "err": {},
                  "uuid": "639c7a22-797d-45d4-bd7a-74947aa853cc",
                  "parentUUID": "ea4eb5f9-b99f-4f4f-b109-c51ecb9456a5",
                  "isHook": false,
                  "skipped": false
                }
              ],
              "suites": [],
              "passes": [
                "c4b13d6d-e684-4b4c-b79a-7f4a0c9df0c5",
                "a14cd460-d180-458b-ab19-f4a6ff1307fe",
                "639c7a22-797d-45d4-bd7a-74947aa853cc"
              ],
              "failures": [],
              "pending": [],
              "skipped": [],
              "duration": 136,
              "root": false,
              "rootEmpty": false,
              "_timeout": 2000
            }
          ],
          "passes": [],
          "failures": [],
          "pending": [],
          "skipped": [],
          "duration": 0,
          "root": false,
          "rootEmpty": false,
          "_timeout": 2000
        },
        {
          "uuid": "63b755dd-6f2e-4a54-a391-5c136673f2d2",
          "title": "Tests method GET and path /intentSpecification/{id} and ?fields=name",
          "fullFile": "",
          "file": "",
          "beforeHooks": [],
          "afterHooks": [],
          "tests": [],
          "suites": [
            {
              "uuid": "26b27ea9-e621-416f-935d-3452fce30dc2",
              "title": "TMF921 Conformance Profile v5.0.0 - API GET Operation Conformance - For IntentSpecification Resource - /{id}?fields=...&{filtering}",
              "fullFile": "",
              "file": "",
              "beforeHooks": [],
              "afterHooks": [],
              "tests": [
                {
                  "title": "Tests status \n\n\t\t\t\tEndPoint: http://localhost:8921/tmf-api/intentManagement/v5/intentSpecification/{id}",
                  "fullTitle": "Tests method GET and path /intentSpecification/{id} and ?fields=name TMF921 Conformance Profile v5.0.0 - API GET Operation Conformance - For IntentSpecification Resource - /{id}?fields=...&{filtering} Tests status \n\n\t\t\t\tEndPoint: http://localhost:8921/tmf-api/intentManagement/v5/intentSpecification/{id}",
                  "timedOut": null,
                  "duration": 22,
                  "state": "passed",
                  "speed": "fast",
                  "pass": true,
                  "fail": false,
                  "pending": false,
                  "context": null,
                  "code": "cy.validateStatus(response.status, statusCodes);",
                  "err": {},
                  "uuid": "ae0eb388-7ff7-45dd-893e-0c16fe6144e9",
                  "parentUUID": "26b27ea9-e621-416f-935d-3452fce30dc2",
                  "isHook": false,
                  "skipped": false
                },
                {
                  "title": "Test schema \n\n\t\t\t\t\tEndPoint: http://localhost:8921/tmf-api/intentManagement/v5/intentSpecification/{id}",
                  "fullTitle": "Tests method GET and path /intentSpecification/{id} and ?fields=name TMF921 Conformance Profile v5.0.0 - API GET Operation Conformance - For IntentSpecification Resource - /{id}?fields=...&{filtering} Test schema \n\n\t\t\t\t\tEndPoint: http://localhost:8921/tmf-api/intentManagement/v5/intentSpecification/{id}",
                  "timedOut": null,
                  "duration": 90,
                  "state": "passed",
                  "speed": "fast",
                  "pass": true,
                  "fail": false,
                  "pending": false,
                  "context": null,
                  "code": "if (Array.isArray(response.body)) {\n  response.body.forEach(instance => {\n    cy.validateSchema(instance, yamlOas, schemaRef);\n  });\n} else {\n  cy.validateSchema(response.body, yamlOas, schemaRef);\n}",
                  "err": {},
                  "uuid": "38d11cdf-6c20-4c63-978c-22be93062502",
                  "parentUUID": "26b27ea9-e621-416f-935d-3452fce30dc2",
                  "isHook": false,
                  "skipped": false
                },
                {
                  "title": "Each attribute Test \n\n\t\t\t\t\tEndPoint: http://localhost:8921/tmf-api/intentManagement/v5/intentSpecification/{id}",
                  "fullTitle": "Tests method GET and path /intentSpecification/{id} and ?fields=name TMF921 Conformance Profile v5.0.0 - API GET Operation Conformance - For IntentSpecification Resource - /{id}?fields=...&{filtering} Each attribute Test \n\n\t\t\t\t\tEndPoint: http://localhost:8921/tmf-api/intentManagement/v5/intentSpecification/{id}",
                  "timedOut": null,
                  "duration": 28,
                  "state": "passed",
                  "speed": "fast",
                  "pass": true,
                  "fail": false,
                  "pending": false,
                  "context": null,
                  "code": "if (Array.isArray(response.body)) {\n  response.body.forEach(instance => {\n    if (instance.id == Cypress.env('id')) {\n      cy.log('Array if', mandatoryKeys);\n      cy.log(path, query);\n      validateMandatoryAttr(instance, mandatoryKeys);\n    }\n    // else {\n    // \tcy.log('Array else', mandatoryKeys);\n    // \tcy.log(path, query);\n    // \tvalidateMandatoryAttr(instance, mandatoryKeys);\n    // }\n  });\n} else {\n  cy.log('No Array');\n  cy.log(path, query);\n  validateMandatoryAttr(response.body, mandatoryKeys);\n}",
                  "err": {},
                  "uuid": "6f9fe1b2-cb08-4387-a8b7-1efd2f091456",
                  "parentUUID": "26b27ea9-e621-416f-935d-3452fce30dc2",
                  "isHook": false,
                  "skipped": false
                }
              ],
              "suites": [],
              "passes": [
                "ae0eb388-7ff7-45dd-893e-0c16fe6144e9",
                "38d11cdf-6c20-4c63-978c-22be93062502",
                "6f9fe1b2-cb08-4387-a8b7-1efd2f091456"
              ],
              "failures": [],
              "pending": [],
              "skipped": [],
              "duration": 140,
              "root": false,
              "rootEmpty": false,
              "_timeout": 2000
            }
          ],
          "passes": [],
          "failures": [],
          "pending": [],
          "skipped": [],
          "duration": 0,
          "root": false,
          "rootEmpty": false,
          "_timeout": 2000
        },
        {
          "uuid": "461d942f-7d93-49c0-8b2f-65981bc9c946",
          "title": "Tests method GET and path /intentSpecification and ?fields=name",
          "fullFile": "",
          "file": "",
          "beforeHooks": [],
          "afterHooks": [],
          "tests": [],
          "suites": [
            {
              "uuid": "4846191f-4095-4748-b95f-351a1daf7950",
              "title": "TMF921 Conformance Profile v5.0.0 - API GET Operation Conformance - For IntentSpecification Resource - ?fields=...&{filtering}",
              "fullFile": "",
              "file": "",
              "beforeHooks": [],
              "afterHooks": [],
              "tests": [
                {
                  "title": "Tests status \n\n\t\t\t\tEndPoint: http://localhost:8921/tmf-api/intentManagement/v5/intentSpecification",
                  "fullTitle": "Tests method GET and path /intentSpecification and ?fields=name TMF921 Conformance Profile v5.0.0 - API GET Operation Conformance - For IntentSpecification Resource - ?fields=...&{filtering} Tests status \n\n\t\t\t\tEndPoint: http://localhost:8921/tmf-api/intentManagement/v5/intentSpecification",
                  "timedOut": null,
                  "duration": 27,
                  "state": "passed",
                  "speed": "fast",
                  "pass": true,
                  "fail": false,
                  "pending": false,
                  "context": null,
                  "code": "cy.validateStatus(response.status, statusCodes);",
                  "err": {},
                  "uuid": "1182a467-cafb-4b59-b5f7-24ca2ea4dff7",
                  "parentUUID": "4846191f-4095-4748-b95f-351a1daf7950",
                  "isHook": false,
                  "skipped": false
                },
                {
                  "title": "Test schema \n\n\t\t\t\t\tEndPoint: http://localhost:8921/tmf-api/intentManagement/v5/intentSpecification",
                  "fullTitle": "Tests method GET and path /intentSpecification and ?fields=name TMF921 Conformance Profile v5.0.0 - API GET Operation Conformance - For IntentSpecification Resource - ?fields=...&{filtering} Test schema \n\n\t\t\t\t\tEndPoint: http://localhost:8921/tmf-api/intentManagement/v5/intentSpecification",
                  "timedOut": null,
                  "duration": 669,
                  "state": "passed",
                  "speed": "fast",
                  "pass": true,
                  "fail": false,
                  "pending": false,
                  "context": null,
                  "code": "if (Array.isArray(response.body)) {\n  response.body.forEach(instance => {\n    cy.validateSchema(instance, yamlOas, schemaRef);\n  });\n} else {\n  cy.validateSchema(response.body, yamlOas, schemaRef);\n}",
                  "err": {},
                  "uuid": "9ce09c05-ed82-41f5-92cc-406e66b67219",
                  "parentUUID": "4846191f-4095-4748-b95f-351a1daf7950",
                  "isHook": false,
                  "skipped": false
                },
                {
                  "title": "Each attribute Test \n\n\t\t\t\t\tEndPoint: http://localhost:8921/tmf-api/intentManagement/v5/intentSpecification",
[...]
                  "timedOut": null,
                  "duration": 767,
                  "state": "passed",
                  "speed": "fast",
                  "pass": true,
                  "fail": false,
                  "pending": false,
                  "context": null,
                  "code": "if (Array.isArray(response.body)) {\n  response.body.forEach(instance => {\n    cy.validateSchema(instance, yamlOas, schemaRef);\n  });\n} else {\n  cy.validateSchema(response.body, yamlOas, schemaRef);\n}",
                  "err": {},
                  "uuid": "6f0b0cb9-539e-4c60-a852-e6ee9b2ea5eb",
                  "parentUUID": "0abab39c-aa69-481f-aed1-75691915eda3",
                  "isHook": false,
                  "skipped": false
                },
                {
                  "title": "Each attribute Test \n\n\t\t\t\t\tEndPoint: http://localhost:8921/tmf-api/intentManagement/v5/intent",
                  "fullTitle": "Tests method GET and path /intent and ?fields=name TMF921 Conformance Profile v5.0.0 - API GET Operation Conformance - For Intent Resource - ?fields=...&{filtering} Each attribute Test \n\n\t\t\t\t\tEndPoint: http://localhost:8921/tmf-api/intentManagement/v5/intent",
                  "timedOut": null,
                  "duration": 19,
                  "state": "passed",
                  "speed": "fast",
                  "pass": true,
                  "fail": false,
                  "pending": false,
                  "context": null,
                  "code": "if (Array.isArray(response.body)) {\n  response.body.forEach(instance => {\n    if (instance.id == Cypress.env('id')) {\n      cy.log('Array if', mandatoryKeys);\n      cy.log(path, query);\n      validateMandatoryAttr(instance, mandatoryKeys);\n    }\n    // else {\n    // \tcy.log('Array else', mandatoryKeys);\n    // \tcy.log(path, query);\n    // \tvalidateMandatoryAttr(instance, mandatoryKeys);\n    // }\n  });\n} else {\n  cy.log('No Array');\n  cy.log(path, query);\n  validateMandatoryAttr(response.body, mandatoryKeys);\n}",
                  "err": {},
                  "uuid": "13a44b4d-d98d-4f30-98a2-802441a3c823",
                  "parentUUID": "0abab39c-aa69-481f-aed1-75691915eda3",
                  "isHook": false,
                  "skipped": false
                }
              ],
              "suites": [],
              "passes": [
                "fe05fd83-133a-4a60-b919-af84f5930678",
                "6f0b0cb9-539e-4c60-a852-e6ee9b2ea5eb",
                "13a44b4d-d98d-4f30-98a2-802441a3c823"
              ],
              "failures": [],
              "pending": [],
              "skipped": [],
              "duration": 805,
              "root": false,
              "rootEmpty": false,
              "_timeout": 2000
            }
          ],
          "passes": [],
          "failures": [],
          "pending": [],
          "skipped": [],
          "duration": 0,
          "root": false,
          "rootEmpty": false,
          "_timeout": 2000
        },
        {
          "uuid": "5f3c9af3-8d5a-42e7-baed-687c262d8777",
          "title": "Tests method GET and path /intent and ?name={name}",
          "fullFile": "",
          "file": "",
          "beforeHooks": [],
          "afterHooks": [],
          "tests": [],
          "suites": [
            {
              "uuid": "49b191c3-a495-42a7-a0b3-8658f6ea6e05",
              "title": "TMF921 Conformance Profile v5.0.0 - API GET Operation Conformance - For Intent Resource - and Filtering name=",
              "fullFile": "",
              "file": "",
              "beforeHooks": [],
              "afterHooks": [],
              "tests": [
                {
                  "title": "Tests status \n\n\t\t\t\tEndPoint: http://localhost:8921/tmf-api/intentManagement/v5/intent",
                  "fullTitle": "Tests method GET and path /intent and ?name={name} TMF921 Conformance Profile v5.0.0 - API GET Operation Conformance - For Intent Resource - and Filtering name= Tests status \n\n\t\t\t\tEndPoint: http://localhost:8921/tmf-api/intentManagement/v5/intent",
                  "timedOut": null,
                  "duration": 23,
                  "state": "passed",
                  "speed": "fast",
                  "pass": true,
                  "fail": false,
                  "pending": false,
                  "context": null,
                  "code": "cy.validateStatus(response.status, statusCodes);",
                  "err": {},
                  "uuid": "15093650-adbb-40d9-90f0-b45ab787b2c2",
                  "parentUUID": "49b191c3-a495-42a7-a0b3-8658f6ea6e05",
                  "isHook": false,
                  "skipped": false
                },
                {
                  "title": "Test schema \n\n\t\t\t\t\tEndPoint: http://localhost:8921/tmf-api/intentManagement/v5/intent",
                  "fullTitle": "Tests method GET and path /intent and ?name={name} TMF921 Conformance Profile v5.0.0 - API GET Operation Conformance - For Intent Resource - and Filtering name= Test schema \n\n\t\t\t\t\tEndPoint: http://localhost:8921/tmf-api/intentManagement/v5/intent",
                  "timedOut": null,
                  "duration": 706,
                  "state": "passed",
                  "speed": "fast",
                  "pass": true,
                  "fail": false,
                  "pending": false,
                  "context": null,
                  "code": "if (Array.isArray(response.body)) {\n  response.body.forEach(instance => {\n    cy.validateSchema(instance, yamlOas, schemaRef);\n  });\n} else {\n  cy.validateSchema(response.body, yamlOas, schemaRef);\n}",
                  "err": {},
                  "uuid": "eefc8b0d-ddd6-47d5-ad88-cbdf22abe2ca",
                  "parentUUID": "49b191c3-a495-42a7-a0b3-8658f6ea6e05",
                  "isHook": false,
                  "skipped": false
                },
                {
                  "title": "Each attribute Test \n\n\t\t\t\t\tEndPoint: http://localhost:8921/tmf-api/intentManagement/v5/intent",
                  "fullTitle": "Tests method GET and path /intent and ?name={name} TMF921 Conformance Profile v5.0.0 - API GET Operation Conformance - For Intent Resource - and Filtering name= Each attribute Test \n\n\t\t\t\t\tEndPoint: http://localhost:8921/tmf-api/intentManagement/v5/intent",
                  "timedOut": null,
                  "duration": 19,
                  "state": "passed",
                  "speed": "fast",
                  "pass": true,
                  "fail": false,
                  "pending": false,
                  "context": null,
                  "code": "if (Array.isArray(response.body)) {\n  response.body.forEach(instance => {\n    if (instance.id == Cypress.env('id')) {\n      cy.log('Array if', mandatoryKeys);\n      cy.log(path, query);\n      validateMandatoryAttr(instance, mandatoryKeys);\n    }\n    // else {\n    // \tcy.log('Array else', mandatoryKeys);\n    // \tcy.log(path, query);\n    // \tvalidateMandatoryAttr(instance, mandatoryKeys);\n    // }\n  });\n} else {\n  cy.log('No Array');\n  cy.log(path, query);\n  validateMandatoryAttr(response.body, mandatoryKeys);\n}",
                  "err": {},
                  "uuid": "ccec60ed-5a07-455c-8003-10017dde1be4",
                  "parentUUID": "49b191c3-a495-42a7-a0b3-8658f6ea6e05",
                  "isHook": false,
                  "skipped": false
                }
              ],
              "suites": [],
              "passes": [
                "15093650-adbb-40d9-90f0-b45ab787b2c2",
                "eefc8b0d-ddd6-47d5-ad88-cbdf22abe2ca",
                "ccec60ed-5a07-455c-8003-10017dde1be4"
              ],
              "failures": [],
              "pending": [],
              "skipped": [],
              "duration": 748,
              "root": false,
              "rootEmpty": false,
              "_timeout": 2000
            }
          ],
          "passes": [],
          "failures": [],
          "pending": [],
          "skipped": [],
          "duration": 0,
          "root": false,
          "rootEmpty": false,
          "_timeout": 2000
        },
        {
          "uuid": "34f569f4-4eb5-456d-b770-8faa1626d0e9",
          "title": "Tests method PATCH and path /intent/{id} ",
          "fullFile": "",
          "file": "",
          "beforeHooks": [],
          "afterHooks": [],
          "tests": [],
          "suites": [
            {
              "uuid": "83b0ba47-4759-4a7d-ad78-b043231f5c87",
              "title": "TMF921 Conformance Profile v5.0.0 - API PATCH Operation Conformance - For Intent Resource",
              "fullFile": "",
              "file": "",
              "beforeHooks": [],
              "afterHooks": [],
              "tests": [
                {
                  "title": "Tests status \n\n\t\t\t\tEndPoint: http://localhost:8921/tmf-api/intentManagement/v5/intent/{id}",
                  "fullTitle": "Tests method PATCH and path /intent/{id}  TMF921 Conformance Profile v5.0.0 - API PATCH Operation Conformance - For Intent Resource Tests status \n\n\t\t\t\tEndPoint: http://localhost:8921/tmf-api/intentManagement/v5/intent/{id}",
                  "timedOut": null,
                  "duration": 44,
                  "state": "passed",
                  "speed": "fast",
                  "pass": true,
                  "fail": false,
                  "pending": false,
                  "context": null,
                  "code": "cy.validateStatus(response.status, statusCodes);",
                  "err": {},
                  "uuid": "b3de51bd-0462-4b3f-97b5-8df1591c3e90",
                  "parentUUID": "83b0ba47-4759-4a7d-ad78-b043231f5c87",
                  "isHook": false,
                  "skipped": false
                },
                {
                  "title": "Test schema \n\n\t\t\t\t\tEndPoint: http://localhost:8921/tmf-api/intentManagement/v5/intent/{id}",
                  "fullTitle": "Tests method PATCH and path /intent/{id}  TMF921 Conformance Profile v5.0.0 - API PATCH Operation Conformance - For Intent Resource Test schema \n\n\t\t\t\t\tEndPoint: http://localhost:8921/tmf-api/intentManagement/v5/intent/{id}",
                  "timedOut": null,
                  "duration": 81,
                  "state": "passed",
                  "speed": "fast",
                  "pass": true,
                  "fail": false,
                  "pending": false,
                  "context": null,
                  "code": "if (Array.isArray(response.body)) {\n  response.body.forEach(instance => {\n    cy.validateSchema(instance, yamlOas, schemaRef);\n  });\n} else {\n  cy.validateSchema(response.body, yamlOas, schemaRef);\n}",
                  "err": {},
                  "uuid": "2282d8c5-523c-4be8-b526-1ee061992e1a",
                  "parentUUID": "83b0ba47-4759-4a7d-ad78-b043231f5c87",
                  "isHook": false,
                  "skipped": false
                }
              ],
              "suites": [],
              "passes": [
                "b3de51bd-0462-4b3f-97b5-8df1591c3e90",
                "2282d8c5-523c-4be8-b526-1ee061992e1a"
              ],
              "failures": [],
              "pending": [],
              "skipped": [],
              "duration": 125,
              "root": false,
              "rootEmpty": false,
              "_timeout": 2000
            }
          ],
          "passes": [],
          "failures": [],
          "pending": [],
          "skipped": [],
          "duration": 0,
          "root": false,
          "rootEmpty": false,
          "_timeout": 2000
        },
        {
          "uuid": "94ed7692-77c0-49b0-afbe-251455905ead",
          "title": "Tests method GET and path /intent/{id} ",
          "fullFile": "",
          "file": "",
          "beforeHooks": [],
          "afterHooks": [],
          "tests": [],
          "suites": [
            {
              "uuid": "2284b2bc-6b7a-4299-8d9f-df9fea8815e6",
              "title": "TMF921 Conformance Profile v5.0.0 - API GET Operation Conformance - For Intent Resource",
              "fullFile": "",
              "file": "",
              "beforeHooks": [],
              "afterHooks": [],
              "tests": [
                {
                  "title": "Tests status \n\n\t\t\t\tEndPoint: http://localhost:8921/tmf-api/intentManagement/v5/intent/{id}",
                  "fullTitle": "Tests method GET and path /intent/{id}  TMF921 Conformance Profile v5.0.0 - API GET Operation Conformance - For Intent Resource Tests status \n\n\t\t\t\tEndPoint: http://localhost:8921/tmf-api/intentManagement/v5/intent/{id}",
                  "timedOut": null,
                  "duration": 21,
                  "state": "passed",
                  "speed": "fast",
                  "pass": true,
                  "fail": false,
                  "pending": false,
                  "context": null,
                  "code": "cy.validateStatus(response.status, statusCodes);",
                  "err": {},
                  "uuid": "cb9dfad1-dc6f-4426-88c2-50482f94684b",
                  "parentUUID": "2284b2bc-6b7a-4299-8d9f-df9fea8815e6",
                  "isHook": false,
                  "skipped": false
                },
                {
                  "title": "Test schema \n\n\t\t\t\t\tEndPoint: http://localhost:8921/tmf-api/intentManagement/v5/intent/{id}",
                  "fullTitle": "Tests method GET and path /intent/{id}  TMF921 Conformance Profile v5.0.0 - API GET Operation Conformance - For Intent Resource Test schema \n\n\t\t\t\t\tEndPoint: http://localhost:8921/tmf-api/intentManagement/v5/intent/{id}",
                  "timedOut": null,
                  "duration": 88,
                  "state": "passed",
                  "speed": "fast",
                  "pass": true,
                  "fail": false,
                  "pending": false,
                  "context": null,
                  "code": "if (Array.isArray(response.body)) {\n  response.body.forEach(instance => {\n    cy.validateSchema(instance, yamlOas, schemaRef);\n  });\n} else {\n  cy.validateSchema(response.body, yamlOas, schemaRef);\n}",
                  "err": {},
                  "uuid": "c5776057-471b-4ee2-b993-ae0dd53720da",
                  "parentUUID": "2284b2bc-6b7a-4299-8d9f-df9fea8815e6",
                  "isHook": false,
                  "skipped": false
                },
                {
                  "title": "Each attribute Test \n\n\t\t\t\t\tEndPoint: http://localhost:8921/tmf-api/intentManagement/v5/intent/{id}",
                  "fullTitle": "Tests method GET and path /intent/{id}  TMF921 Conformance Profile v5.0.0 - API GET Operation Conformance - For Intent Resource Each attribute Test \n\n\t\t\t\t\tEndPoint: http://localhost:8921/tmf-api/intentManagement/v5/intent/{id}",
                  "timedOut": null,
                  "duration": 30,
                  "state": "passed",
                  "speed": "fast",
                  "pass": true,
                  "fail": false,
                  "pending": false,
                  "context": null,
                  "code": "if (Array.isArray(response.body)) {\n  response.body.forEach(instance => {\n    if (instance.id == Cypress.env('id')) {\n      cy.log('Array if', mandatoryKeys);\n      cy.log(path, query);\n      validateMandatoryAttr(instance, mandatoryKeys);\n    }\n    // else {\n    // \tcy.log('Array else', mandatoryKeys);\n    // \tcy.log(path, query);\n    // \tvalidateMandatoryAttr(instance, mandatoryKeys);\n    // }\n  });\n} else {\n  cy.log('No Array');\n  cy.log(path, query);\n  validateMandatoryAttr(response.body, mandatoryKeys);\n}",
                  "err": {},
                  "uuid": "12d655e8-7b07-4395-aa56-10f3ef142a20",
                  "parentUUID": "2284b2bc-6b7a-4299-8d9f-df9fea8815e6",
                  "isHook": false,
                  "skipped": false
                }
              ],
              "suites": [],
              "passes": [
                "cb9dfad1-dc6f-4426-88c2-50482f94684b",
                "c5776057-471b-4ee2-b993-ae0dd53720da",
                "12d655e8-7b07-4395-aa56-10f3ef142a20"
              ],
              "failures": [],
              "pending": [],
              "skipped": [],
              "duration": 139,
              "root": false,
              "rootEmpty": false,
              "_timeout": 2000
            }
          ],
          "passes": [],
          "failures": [],
          "pending": [],
          "skipped": [],
          "duration": 0,
          "root": false,
          "rootEmpty": false,
          "_timeout": 2000
        },
        {
          "uuid": "4f743ded-27a4-46df-ab4e-9fc4fcca2675",
          "title": "Tests method DELETE and path /intent/{id} ",
          "fullFile": "",
          "file": "",
          "beforeHooks": [],
          "afterHooks": [],
          "tests": [],
          "suites": [
            {
              "uuid": "d6b80d87-17bd-47fd-98de-3cfe0e5995ff",
              "title": "TMF921 Conformance Profile v5.0.0 - API DELETE Operation Conformance - For Intent Resource",
              "fullFile": "",
              "file": "",
              "beforeHooks": [],
              "afterHooks": [],
              "tests": [
                {
                  "title": "Tests status \n\n\t\t\t\tEndPoint: http://localhost:8921/tmf-api/intentManagement/v5/intent/{id}",
                  "fullTitle": "Tests method DELETE and path /intent/{id}  TMF921 Conformance Profile v5.0.0 - API DELETE Operation Conformance - For Intent Resource Tests status \n\n\t\t\t\tEndPoint: http://localhost:8921/tmf-api/intentManagement/v5/intent/{id}",
                  "timedOut": null,
                  "duration": 23,
                  "state": "passed",
                  "speed": "fast",
                  "pass": true,
                  "fail": false,
                  "pending": false,
                  "context": null,
                  "code": "cy.validateStatus(response.status, statusCodes);",
                  "err": {},
                  "uuid": "cc7a8694-6709-4234-b8d2-c141e1878ef1",
                  "parentUUID": "d6b80d87-17bd-47fd-98de-3cfe0e5995ff",
                  "isHook": false,
                  "skipped": false
                }
              ],
              "suites": [],
              "passes": [
                "cc7a8694-6709-4234-b8d2-c141e1878ef1"
              ],
              "failures": [],
              "pending": [],
              "skipped": [],
              "duration": 23,
              "root": false,
              "rootEmpty": false,
              "_timeout": 2000
            }
          ],
          "passes": [],
          "failures": [],
          "pending": [],
          "skipped": [],
          "duration": 0,
          "root": false,
          "rootEmpty": false,
          "_timeout": 2000
        }
      ],
      "passes": [],
      "failures": [],
      "pending": [],
      "skipped": [],
      "duration": 0,
      "root": true,
      "rootEmpty": true,
      "_timeout": 2000
    }
  ],
  "meta": {
    "mocha": {
      "version": "7.0.1"
    },
    "mochawesome": {
      "options": {
        "quiet": false,
        "reportFilename": "mochawesome",
        "saveHtml": true,
        "saveJson": true,
        "consoleReporter": "spec",
        "useInlineDiffs": false,
        "code": true
      },
      "version": "7.1.3"
    },
    "marge": {
      "options": {
        "reportDir": "cypress/reports/json",
        "overwrite": false,
        "json": true,
        "html": true,
        "reportPageTitle": "My Test Suite",
        "embeddedScreenshots": true,
        "inlineAssets": true,
        "state": {
          "expanded": true
        }
      },
      "version": "6.2.0"
    }
  }
}